#
# A fatal error has been detected by the Java Runtime Environment:
#
#  SIGSEGV (0xb) at pc=0x00007fff93d86d5d, pid=9023, tid=2571
#
# JRE version: Java(TM) SE Runtime Environment (8.0_60-b27) (build 1.8.0_60-b27)
# Java VM: Java HotSpot(TM) 64-Bit Server VM (25.60-b23 mixed mode bsd-amd64 compressed oops)
# Problematic frame:
# C  [libobjc.A.dylib+0x6d5d]  objc_msgSend+0x1d
#
# Failed to write core dump. Core dumps have been disabled. To enable core dumping, try "ulimit -c unlimited" before starting Java again
#
# If you would like to submit a bug report, please visit:
#   http://bugreport.java.com/bugreport/crash.jsp
# The crash happened outside the Java Virtual Machine in native code.
# See problematic frame for where to report the bug.
#

---------------  T H R E A D  ---------------

Current thread (0x00007fc492898000):  JavaThread "AWT-AppKit" daemon [_thread_in_native, id=2571, stack(0x00007fff5de4e000,0x00007fff5e64e000)]

siginfo: si_signo: 11 (SIGSEGV), si_code: 1 (SEGV_MAPERR), si_addr: 0x0000000000000018

Registers:
RAX=0x00007fc493ebe680, RBX=0x000000011b229450, RCX=0x000000011b251b80, RDX=0x000000011b251680
RSP=0x00007fff5e6493c8, RBP=0x00007fff5e649480, RSI=0x00007fff9582fd06, RDI=0x00007fc491581c00
R8 =0x0000000000000000, R9 =0x0000000000000810, R10=0x00007fff9582fd06, R11=0x0000000000000000
R12=0x0000000000000000, R13=0x0000000171986608, R14=0x000000011b229440, R15=0x00007fc492898000
RIP=0x00007fff93d86d5d, EFLAGS=0x0000000000010246, ERR=0x0000000000000004
  TRAPNO=0x000000000000000e

Top of Stack: (sp=0x00007fff5e6493c8)
0x00007fff5e6493c8:   000000011b227157 00007fff5e649420
0x00007fff5e6493d8:   0000000000000003 00007fff5e649400
0x00007fff5e6493e8:   00000001023f1992 0000000171986608
0x00007fff5e6493f8:   0000000171986608 00007fc493ebe680
0x00007fff5e649408:   000000011b2296a0 000000011b229710
0x00007fff5e649418:   00007fff75526740 00007fff7475f4b0
0x00007fff5e649428:   000000011b229450 000000011b229690
0x00007fff5e649438:   00007fc493ebe680 00007fc491581c00
0x00007fff5e649448:   00007fc491442310 00007fc493ebe680
0x00007fff5e649458:   00007fc491581c00 00007fff5e649508
0x00007fff5e649468:   00007fc4928981f8 0000000171986608
0x00007fff5e649478:   00007fff5e649530 00007fff5e6494f8
0x00007fff5e649488:   000000010319e954 0000000171986608
0x00007fff5e649498:   00007fff5e649530 00007fff5e6494f8
0x00007fff5e6494a8:   000000010319e6e7 000000010319e6a2
0x00007fff5e6494b8:   00007fff5e6494b8 0000000171986608
0x00007fff5e6494c8:   00007fff5e649530 0000000171989240
0x00007fff5e6494d8:   0000000000000000 0000000171986608
0x00007fff5e6494e8:   0000000000000000 00007fff5e649518
0x00007fff5e6494f8:   00007fff5e649578 0000000103190c4d
0x00007fff5e649508:   00000007405249f8 0000000103198578
0x00007fff5e649518:   00007fc493ebe680 00007fff5e649578
0x00007fff5e649528:   00007fc491581c00 0000000103199d82
0x00007fff5e649538:   00007fff5e649538 00000001719867d2
0x00007fff5e649548:   00007fff5e6495a0 0000000171989240
0x00007fff5e649558:   0000000000000000 00000001719867e0
0x00007fff5e649568:   00007fff5e649518 00007fff5e649588
0x00007fff5e649578:   00007fff5e6495e8 0000000103190c4d
0x00007fff5e649588:   00007fc493ebe680 0000000799b972c8
0x00007fff5e649598:   00007fc491581c00 0000000799b972c8
0x00007fff5e6495a8:   00007fff5e6495a8 0000000174de9f86
0x00007fff5e6495b8:   00007fff5e6495f8 0000000174dfa0b0 

Instructions: (pc=0x00007fff93d86d5d)
0x00007fff93d86d3d:   44 00 00 48 85 ff 2e 74 62 40 f6 c7 01 2e 75 66
0x00007fff93d86d4d:   49 bb f8 ff ff ff ff 7f 00 00 4c 23 1f 49 89 f2
0x00007fff93d86d5d:   45 23 53 18 49 c1 e2 04 4d 03 53 10 49 3b 32 75
0x00007fff93d86d6d:   04 41 ff 62 08 49 83 3a 01 76 0d 49 83 c2 10 49 

Register to memory mapping:

RAX=0x00007fc493ebe680 is an unknown value
RBX=0x000000011b229450: Java_jogamp_nativewindow_macosx_OSXUtil_GetScreenRefreshRate0+0x1cf0 in /private/var/folders/99/1pg_nk0n3t9874fc2q3jwvxm0000gn/T/jogamp_0000/file_cache/jln7381495717493848387/jln6628010693336150460/libnativewindow_macosx.jnilib at 0x000000011b222000
RCX=0x000000011b251b80 is an unknown value
RDX=0x000000011b251680 is an unknown value
RSP=0x00007fff5e6493c8 is pointing into the stack for thread: 0x00007fc492898000
RBP=0x00007fff5e649480 is pointing into the stack for thread: 0x00007fc492898000
RSI=0x00007fff9582fd06 is an unknown value
RDI=0x00007fc491581c00 is an unknown value
R8 =0x0000000000000000 is an unknown value
R9 =0x0000000000000810 is an unknown value
R10=0x00007fff9582fd06 is an unknown value
R11=0x0000000000000000 is an unknown value
R12=0x0000000000000000 is an unknown value
R13={method} {0x0000000171986608} 'UnsetJAWTRootSurfaceLayer0' '(JJ)V' in 'jogamp/nativewindow/jawt/macosx/MacOSXJAWTWindow'
R14=0x000000011b229440: Java_jogamp_nativewindow_macosx_OSXUtil_GetScreenRefreshRate0+0x1ce0 in /private/var/folders/99/1pg_nk0n3t9874fc2q3jwvxm0000gn/T/jogamp_0000/file_cache/jln7381495717493848387/jln6628010693336150460/libnativewindow_macosx.jnilib at 0x000000011b222000
R15=0x00007fc492898000 is a thread


Stack: [0x00007fff5de4e000,0x00007fff5e64e000],  sp=0x00007fff5e6493c8,  free space=8172k
Native frames: (J=compiled Java code, j=interpreted, Vv=VM code, C=native code)
C  [libobjc.A.dylib+0x6d5d]  objc_msgSend+0x1d
j  jogamp.nativewindow.jawt.macosx.MacOSXJAWTWindow.UnsetJAWTRootSurfaceLayer0(JJ)V+0
j  jogamp.nativewindow.jawt.macosx.MacOSXJAWTWindow.access$200(JJ)V+2
j  jogamp.nativewindow.jawt.macosx.MacOSXJAWTWindow$1.run()V+38
J 1893 C1 com.jogamp.common.util.RunnableTask.run()V (345 bytes) @ 0x0000000103815394 [0x0000000103815200+0x194]
v  ~StubRoutines::call_stub
V  [libjvm.dylib+0x2eab0e]
V  [libjvm.dylib+0x321bb7]
V  [libjvm.dylib+0x31438b]
C  [libnativewindow_macosx.jnilib+0x5326]  Java_jogamp_nativewindow_jawt_macosx_MacOSXJAWTWindow_UnsetJAWTRootSurfaceLayer0+0x2b6
C  [Foundation+0x7754e]  __NSThreadPerformPerform+0x117
C  [CoreFoundation+0xaa621]  __CFRUNLOOP_IS_CALLING_OUT_TO_A_SOURCE0_PERFORM_FUNCTION__+0x11
C  [CoreFoundation+0x89d97]  __CFRunLoopDoSources0+0x1a7
C  [CoreFoundation+0x8933f]  __CFRunLoopRun+0x39f
C  [CoreFoundation+0x88d38]  CFRunLoopRunSpecific+0x128
C  [HIToolbox+0x30d55]  RunCurrentEventLoopInMode+0xeb
C  [HIToolbox+0x30a97]  ReceiveNextEventCommon+0xb8
C  [HIToolbox+0x309cf]  _BlockUntilNextEventMatchingListInModeWithFilter+0x47
C  [AppKit+0x49f3a]  _DPSNextEvent+0x42b
C  [AppKit+0x49369]  -[NSApplication _nextEventMatchingEventMask:untilDate:inMode:dequeue:]+0x1c6
C  [libosxapp.dylib+0x23aa]  -[NSApplicationAWT nextEventMatchingMask:untilDate:inMode:dequeue:]+0x7c
C  [AppKit+0x3decc]  -[NSApplication run]+0x2aa
C  [libosxapp.dylib+0x214d]  +[NSApplicationAWT runAWTLoopWithApp:]+0x9c
C  [libawt_lwawt.dylib+0x44517]  -[AWTStarter starter:]+0x389
C  [Foundation+0x7754e]  __NSThreadPerformPerform+0x117
C  [CoreFoundation+0xaa621]  __CFRUNLOOP_IS_CALLING_OUT_TO_A_SOURCE0_PERFORM_FUNCTION__+0x11
C  [CoreFoundation+0x89e1c]  __CFRunLoopDoSources0+0x22c
C  [CoreFoundation+0x8933f]  __CFRunLoopRun+0x39f
C  [CoreFoundation+0x88d38]  CFRunLoopRunSpecific+0x128
C  [java+0x6463]  CreateExecutionEnvironment+0x367
C  [java+0x21ac]  JLI_Launch+0x7a0
C  [java+0x84c0]  main+0x65
C  [java+0x1a04]  start+0x34
C  0x0000000000000007

Java frames: (J=compiled Java code, j=interpreted, Vv=VM code)
j  jogamp.nativewindow.jawt.macosx.MacOSXJAWTWindow.UnsetJAWTRootSurfaceLayer0(JJ)V+0
j  jogamp.nativewindow.jawt.macosx.MacOSXJAWTWindow.access$200(JJ)V+2
j  jogamp.nativewindow.jawt.macosx.MacOSXJAWTWindow$1.run()V+38
J 1893 C1 com.jogamp.common.util.RunnableTask.run()V (345 bytes) @ 0x0000000103815394 [0x0000000103815200+0x194]
v  ~StubRoutines::call_stub

---------------  P R O C E S S  ---------------

Java Threads: ( => current thread )
  0x00007fc491b18000 JavaThread "Thread-53" [_thread_blocked, id=67639, stack(0x0000700001a71000,0x0000700001b71000)]
  0x00007fc491bb7800 JavaThread "Image Fetcher 3" daemon [_thread_blocked, id=69891, stack(0x0000700002695000,0x0000700002795000)]
  0x00007fc492d5f000 JavaThread "Image Fetcher 2" daemon [_thread_blocked, id=69443, stack(0x0000700002592000,0x0000700002692000)]
  0x00007fc492d70000 JavaThread "Image Fetcher 1" daemon [_thread_blocked, id=68867, stack(0x000070000248f000,0x000070000258f000)]
  0x00007fc4924a4800 JavaThread "Image Fetcher 0" daemon [_thread_blocked, id=68355, stack(0x000070000238c000,0x000070000248c000)]
  0x00007fc491b52000 JavaThread "Keep-Alive-Timer" daemon [_thread_blocked, id=67915, stack(0x0000700002289000,0x0000700002389000)]
  0x00007fc4922ce000 JavaThread "Animation Thread" [_thread_blocked, id=59167, stack(0x00007000017e8000,0x00007000018e8000)]
  0x00007fc492003000 JavaThread "AWT-EventQueue-1" [_thread_in_native, id=59683, stack(0x00007000018eb000,0x00007000019eb000)]
  0x00007fc49325e800 JavaThread "DestroyJavaVM" [_thread_blocked, id=5891, stack(0x000070000011a000,0x000070000021a000)]
  0x00007fc4929ab800 JavaThread "AWT-EventQueue-0" [_thread_blocked, id=56579, stack(0x00007000016e5000,0x00007000017e5000)]
  0x00007fc49315e800 JavaThread "Java2D Disposer" daemon [_thread_blocked, id=53251, stack(0x000070000145c000,0x000070000155c000)]
  0x00007fc49212b800 JavaThread "Java2D Queue Flusher" daemon [_thread_blocked, id=50183, stack(0x0000700001359000,0x0000700001459000)]
  0x00007fc492904000 JavaThread "AWT-Shutdown" [_thread_blocked, id=30231, stack(0x00007000011d3000,0x00007000012d3000)]
=>0x00007fc492898000 JavaThread "AWT-AppKit" daemon [_thread_in_native, id=2571, stack(0x00007fff5de4e000,0x00007fff5e64e000)]
  0x00007fc492835000 JavaThread "Service Thread" daemon [_thread_blocked, id=18947, stack(0x0000700000ec7000,0x0000700000fc7000)]
  0x00007fc493017800 JavaThread "C1 CompilerThread2" daemon [_thread_blocked, id=18435, stack(0x0000700000dc4000,0x0000700000ec4000)]
  0x00007fc491825000 JavaThread "C2 CompilerThread1" daemon [_thread_blocked, id=17923, stack(0x0000700000cc1000,0x0000700000dc1000)]
  0x00007fc49182a000 JavaThread "C2 CompilerThread0" daemon [_thread_blocked, id=17411, stack(0x0000700000bbe000,0x0000700000cbe000)]
  0x00007fc491824800 JavaThread "Signal Dispatcher" daemon [_thread_blocked, id=16659, stack(0x0000700000abb000,0x0000700000bbb000)]
  0x00007fc492008800 JavaThread "Finalizer" daemon [_thread_blocked, id=12291, stack(0x000070000082f000,0x000070000092f000)]
  0x00007fc492008000 JavaThread "Reference Handler" daemon [_thread_blocked, id=11779, stack(0x000070000072c000,0x000070000082c000)]

Other Threads:
  0x00007fc491816800 VMThread [stack: 0x0000700000629000,0x0000700000729000] [id=11267]
  0x00007fc492838000 WatcherThread [stack: 0x0000700000fca000,0x00007000010ca000] [id=19459]

VM state:not at safepoint (normal execution)

VM Mutex/Monitor currently owned by a thread: None

Heap:
 PSYoungGen      total 71680K, used 34796K [0x0000000795580000, 0x000000079a080000, 0x00000007c0000000)
  eden space 66560K, 44% used [0x0000000795580000,0x0000000797282f60,0x0000000799680000)
  from space 5120K, 99% used [0x0000000799b80000,0x000000079a078130,0x000000079a080000)
  to   space 5120K, 0% used [0x0000000799680000,0x0000000799680000,0x0000000799b80000)
 ParOldGen       total 87552K, used 19065K [0x0000000740000000, 0x0000000745580000, 0x0000000795580000)
  object space 87552K, 21% used [0x0000000740000000,0x000000074129e618,0x0000000745580000)
 Metaspace       used 18898K, capacity 19103K, committed 19456K, reserved 1067008K
  class space    used 1880K, capacity 1950K, committed 2048K, reserved 1048576K

Card table byte_map: [0x0000000112549000,0x000000011294a000] byte_map_base: 0x000000010eb49000

Marking Bits: (ParMarkBitMap*) 0x0000000102adee20
 Begin Bits: [0x0000000112bf5000, 0x0000000114bf5000)
 End Bits:   [0x0000000114bf5000, 0x0000000116bf5000)

Polling page: 0x0000000101875000

CodeCache: size=245760Kb used=6762Kb max_used=6770Kb free=238997Kb
 bounds [0x0000000103189000, 0x0000000103839000, 0x0000000112189000]
 total_blobs=2786 nmethods=1913 adapters=787
 compilation: enabled

Compilation events (10 events):
Event: 7.727 Thread 0x00007fc493017800 1910       3       jogamp.nativewindow.NullToolkitLock::lock (41 bytes)
Event: 7.727 Thread 0x00007fc493017800 nmethod 1910 0x000000010382ac10 code [0x000000010382ad80, 0x000000010382aef0]
Event: 7.727 Thread 0x00007fc493017800 1911       3       jogamp.nativewindow.NullToolkitLock::unlock (41 bytes)
Event: 7.727 Thread 0x00007fc493017800 nmethod 1911 0x000000010382a890 code [0x000000010382aa00, 0x000000010382ab70]
Event: 7.732 Thread 0x00007fc493017800 1912       3       sun.java2d.pipe.Region::getDifference (55 bytes)
Event: 7.732 Thread 0x00007fc493017800 nmethod 1912 0x000000010382a010 code [0x000000010382a1c0, 0x000000010382a6c8]
Event: 7.732 Thread 0x00007fc493017800 1913       3       java.lang.Boolean::valueOf (14 bytes)
Event: 7.732 Thread 0x00007fc493017800 nmethod 1913 0x0000000103829c90 code [0x0000000103829e00, 0x0000000103829f90]
Event: 7.732 Thread 0x00007fc493017800 1914       1       sun.java2d.SurfaceData::isValid (5 bytes)
Event: 7.732 Thread 0x00007fc493017800 nmethod 1914 0x00000001038299d0 code [0x0000000103829b20, 0x0000000103829c30]

GC Heap History (8 events):
Event: 2.441 GC heap before
{Heap before GC invocations=1 (full 0):
 PSYoungGen      total 38400K, used 33280K [0x0000000795580000, 0x0000000798000000, 0x00000007c0000000)
  eden space 33280K, 100% used [0x0000000795580000,0x0000000797600000,0x0000000797600000)
  from space 5120K, 0% used [0x0000000797b00000,0x0000000797b00000,0x0000000798000000)
  to   space 5120K, 0% used [0x0000000797600000,0x0000000797600000,0x0000000797b00000)
 ParOldGen       total 87552K, used 0K [0x0000000740000000, 0x0000000745580000, 0x0000000795580000)
  object space 87552K, 0% used [0x0000000740000000,0x0000000740000000,0x0000000745580000)
 Metaspace       used 15851K, capacity 16047K, committed 16256K, reserved 1064960K
  class space    used 1607K, capacity 1660K, committed 1664K, reserved 1048576K
Event: 2.449 GC heap after
Heap after GC invocations=1 (full 0):
 PSYoungGen      total 38400K, used 4905K [0x0000000795580000, 0x0000000798000000, 0x00000007c0000000)
  eden space 33280K, 0% used [0x0000000795580000,0x0000000795580000,0x0000000797600000)
  from space 5120K, 95% used [0x0000000797600000,0x0000000797aca7d0,0x0000000797b00000)
  to   space 5120K, 0% used [0x0000000797b00000,0x0000000797b00000,0x0000000798000000)
 ParOldGen       total 87552K, used 8K [0x0000000740000000, 0x0000000745580000, 0x0000000795580000)
  object space 87552K, 0% used [0x0000000740000000,0x0000000740002000,0x0000000745580000)
 Metaspace       used 15851K, capacity 16047K, committed 16256K, reserved 1064960K
  class space    used 1607K, capacity 1660K, committed 1664K, reserved 1048576K
}
Event: 3.558 GC heap before
{Heap before GC invocations=2 (full 0):
 PSYoungGen      total 38400K, used 38046K [0x0000000795580000, 0x0000000798000000, 0x00000007c0000000)
  eden space 33280K, 99% used [0x0000000795580000,0x00000007975dd0d8,0x0000000797600000)
  from space 5120K, 95% used [0x0000000797600000,0x0000000797aca7d0,0x0000000797b00000)
  to   space 5120K, 0% used [0x0000000797b00000,0x0000000797b00000,0x0000000798000000)
 ParOldGen       total 87552K, used 264K [0x0000000740000000, 0x0000000745580000, 0x0000000795580000)
  object space 87552K, 0% used [0x0000000740000000,0x0000000740042010,0x0000000745580000)
 Metaspace       used 18309K, capacity 18511K, committed 18688K, reserved 1067008K
  class space    used 1869K, capacity 1948K, committed 2048K, reserved 1048576K
Event: 3.578 GC heap after
Heap after GC invocations=2 (full 0):
 PSYoungGen      total 38400K, used 5104K [0x0000000795580000, 0x000000079a080000, 0x00000007c0000000)
  eden space 33280K, 0% used [0x0000000795580000,0x0000000795580000,0x0000000797600000)
  from space 5120K, 99% used [0x0000000797b00000,0x0000000797ffc190,0x0000000798000000)
  to   space 5120K, 0% used [0x0000000797600000,0x0000000797600000,0x0000000797b00000)
 ParOldGen       total 87552K, used 9499K [0x0000000740000000, 0x0000000745580000, 0x0000000795580000)
  object space 87552K, 10% used [0x0000000740000000,0x0000000740946ef8,0x0000000745580000)
 Metaspace       used 18309K, capacity 18511K, committed 18688K, reserved 1067008K
  class space    used 1869K, capacity 1948K, committed 2048K, reserved 1048576K
}
Event: 3.852 GC heap before
{Heap before GC invocations=3 (full 0):
 PSYoungGen      total 38400K, used 38384K [0x0000000795580000, 0x000000079a080000, 0x00000007c0000000)
  eden space 33280K, 100% used [0x0000000795580000,0x0000000797600000,0x0000000797600000)
  from space 5120K, 99% used [0x0000000797b00000,0x0000000797ffc190,0x0000000798000000)
  to   space 5120K, 0% used [0x0000000797600000,0x0000000797600000,0x0000000797b00000)
 ParOldGen       total 87552K, used 10329K [0x0000000740000000, 0x0000000745580000, 0x0000000795580000)
  object space 87552K, 11% used [0x0000000740000000,0x0000000740a166f8,0x0000000745580000)
 Metaspace       used 18389K, capacity 18581K, committed 18944K, reserved 1067008K
  class space    used 1870K, capacity 1949K, committed 2048K, reserved 1048576K
Event: 3.858 GC heap after
Heap after GC invocations=3 (full 0):
 PSYoungGen      total 38400K, used 5104K [0x0000000795580000, 0x000000079a080000, 0x00000007c0000000)
  eden space 33280K, 0% used [0x0000000795580000,0x0000000795580000,0x0000000797600000)
  from space 5120K, 99% used [0x0000000797600000,0x0000000797afc180,0x0000000797b00000)
  to   space 5120K, 0% used [0x0000000799b80000,0x0000000799b80000,0x000000079a080000)
 ParOldGen       total 87552K, used 14142K [0x0000000740000000, 0x0000000745580000, 0x0000000795580000)
  object space 87552K, 16% used [0x0000000740000000,0x0000000740dcf8d0,0x0000000745580000)
 Metaspace       used 18389K, capacity 18581K, committed 18944K, reserved 1067008K
  class space    used 1870K, capacity 1949K, committed 2048K, reserved 1048576K
}
Event: 4.199 GC heap before
{Heap before GC invocations=4 (full 0):
 PSYoungGen      total 38400K, used 38384K [0x0000000795580000, 0x000000079a080000, 0x00000007c0000000)
  eden space 33280K, 100% used [0x0000000795580000,0x0000000797600000,0x0000000797600000)
  from space 5120K, 99% used [0x0000000797600000,0x0000000797afc180,0x0000000797b00000)
  to   space 5120K, 0% used [0x0000000799b80000,0x0000000799b80000,0x000000079a080000)
 ParOldGen       total 87552K, used 14401K [0x0000000740000000, 0x0000000745580000, 0x0000000795580000)
  object space 87552K, 16% used [0x0000000740000000,0x0000000740e10478,0x0000000745580000)
 Metaspace       used 18544K, capacity 18773K, committed 18944K, reserved 1067008K
  class space    used 1870K, capacity 1949K, committed 2048K, reserved 1048576K
Event: 4.211 GC heap after
Heap after GC invocations=4 (full 0):
 PSYoungGen      total 71680K, used 5088K [0x0000000795580000, 0x000000079a080000, 0x00000007c0000000)
  eden space 66560K, 0% used [0x0000000795580000,0x0000000795580000,0x0000000799680000)
  from space 5120K, 99% used [0x0000000799b80000,0x000000079a078130,0x000000079a080000)
  to   space 5120K, 0% used [0x0000000799680000,0x0000000799680000,0x0000000799b80000)
 ParOldGen       total 87552K, used 19065K [0x0000000740000000, 0x0000000745580000, 0x0000000795580000)
  object space 87552K, 21% used [0x0000000740000000,0x000000074129e618,0x0000000745580000)
 Metaspace       used 18544K, capacity 18773K, committed 18944K, reserved 1067008K
  class space    used 1870K, capacity 1949K, committed 2048K, reserved 1048576K
}

Deoptimization events (6 events):
Event: 1.816 Thread 0x00007fc491883000 Uncommon trap: reason=unstable_if action=reinterpret pc=0x0000000103352980 method=java.lang.String.toLowerCase(Ljava/util/Locale;)Ljava/lang/String; @ 85
Event: 2.057 Thread 0x00007fc4922ce000 Uncommon trap: reason=unstable_if action=reinterpret pc=0x00000001034028a0 method=java.lang.String.indexOf([CII[CIII)I @ 3
Event: 2.057 Thread 0x00007fc4922ce000 Uncommon trap: reason=unstable_if action=reinterpret pc=0x00000001033de114 method=java.lang.String.indexOf([CII[CIII)I @ 3
Event: 2.057 Thread 0x00007fc4922ce000 Uncommon trap: reason=unstable_if action=reinterpret pc=0x000000010333ee98 method=java.lang.String.indexOf([CII[CIII)I @ 3
Event: 3.102 Thread 0x00007fc492003000 Uncommon trap: reason=unstable_if action=reinterpret pc=0x000000010332726c method=java.lang.AbstractStringBuilder.append(Ljava/lang/String;)Ljava/lang/AbstractStringBuilder; @ 1
Event: 7.699 Thread 0x00007fc492003000 Uncommon trap: reason=unstable_if action=reinterpret pc=0x00000001036464a8 method=com.jogamp.common.util.VersionNumber.compareTo(Lcom/jogamp/common/util/VersionNumber;)I @ 21

Internal exceptions (10 events):
Event: 0.178 Thread 0x00007fc492003000 Exception <a 'java/lang/NoSuchFieldError': method resolution failed> (0x0000000795837cf0) thrown at [/Users/java_re/workspace/8-2-build-macosx-x86_64/jdk8u60/4407/hotspot/src/share/vm/prims/methodHandles.cpp, line 1146]
Event: 0.355 Thread 0x00007fc492003000 Exception <a 'java/io/FileNotFoundException'> (0x00000007958b39e0) thrown at [/Users/java_re/workspace/8-2-build-macosx-x86_64/jdk8u60/4407/hotspot/src/share/vm/prims/jni.cpp, line 709]
Event: 0.355 Thread 0x00007fc492003000 Exception <a 'java/io/FileNotFoundException'> (0x00000007958b4510) thrown at [/Users/java_re/workspace/8-2-build-macosx-x86_64/jdk8u60/4407/hotspot/src/share/vm/prims/jni.cpp, line 709]
Event: 0.391 Thread 0x00007fc492003000 Exception <a 'java/io/FileNotFoundException'> (0x00000007959b2568) thrown at [/Users/java_re/workspace/8-2-build-macosx-x86_64/jdk8u60/4407/hotspot/src/share/vm/prims/jni.cpp, line 709]
Event: 0.467 Thread 0x00007fc492003000 Exception <a 'java/io/FileNotFoundException'> (0x00000007959ef368) thrown at [/Users/java_re/workspace/8-2-build-macosx-x86_64/jdk8u60/4407/hotspot/src/share/vm/prims/jni.cpp, line 709]
Event: 2.079 Thread 0x00007fc4922ce000 Exception <a 'java/lang/UnsatisfiedLinkError': com.jogamp.common.util.JarUtil.fixNativeLibAttribs(Ljava/lang/String;)Z> (0x0000000796b08780) thrown at [/Users/java_re/workspace/8-2-build-macosx-x86_64/jdk8u60/4407/hotspot/src/share/vm/prims/nativeLookup.c
Event: 2.451 Thread 0x00007fc492008800 Exception <a 'java/lang/NullPointerException'> (0x00000007956a4980) thrown at [/Users/java_re/workspace/8-2-build-macosx-x86_64/jdk8u60/4407/hotspot/src/share/vm/interpreter/linkResolver.cpp, line 1178]
Event: 3.102 Thread 0x00007fc492003000 Exception <a 'java/io/FileNotFoundException'> (0x0000000795e6d678) thrown at [/Users/java_re/workspace/8-2-build-macosx-x86_64/jdk8u60/4407/hotspot/src/share/vm/prims/jni.cpp, line 709]
Event: 3.102 Thread 0x00007fc492003000 Exception <a 'java/io/FileNotFoundException'> (0x0000000795e73638) thrown at [/Users/java_re/workspace/8-2-build-macosx-x86_64/jdk8u60/4407/hotspot/src/share/vm/prims/jni.cpp, line 709]
Event: 3.102 Thread 0x00007fc492003000 Implicit null exception at 0x0000000103326ef5 to 0x0000000103327259

Events (10 events):
Event: 7.729 loading class jogamp/nativewindow/jawt/macosx/MacOSXJAWTWindow$1 done
Event: 7.730 loading class java/awt/LightweightDispatcher$2
Event: 7.730 loading class java/awt/LightweightDispatcher$2 done
Event: 7.731 loading class java/awt/event/AWTEventListenerProxy
Event: 7.731 loading class java/awt/event/AWTEventListenerProxy done
Event: 7.731 loading class java/awt/Toolkit$ToolkitEventMulticaster
Event: 7.731 loading class java/awt/Toolkit$ToolkitEventMulticaster done
Event: 7.731 Thread 0x00007fc493163000 Thread exited: 0x00007fc493163000
Event: 7.731 loading class java/awt/Window$1DisposeAction
Event: 7.732 loading class java/awt/Window$1DisposeAction done


Dynamic libraries:
0x00000000044ce000 	/System/Library/Frameworks/Cocoa.framework/Versions/A/Cocoa
0x00000000044ce000 	/System/Library/Frameworks/Security.framework/Versions/A/Security
0x00000000044ce000 	/System/Library/Frameworks/ApplicationServices.framework/Versions/A/ApplicationServices
0x00000000044ce000 	/usr/lib/libz.1.dylib
0x00000000044ce000 	/usr/lib/libSystem.B.dylib
0x00000000044ce000 	/usr/lib/libobjc.A.dylib
0x00000000044ce000 	/System/Library/Frameworks/CoreFoundation.framework/Versions/A/CoreFoundation
0x00000000044ce000 	/System/Library/Frameworks/Foundation.framework/Versions/C/Foundation
0x00000000044ce000 	/System/Library/Frameworks/AppKit.framework/Versions/C/AppKit
0x00000000044ce000 	/System/Library/Frameworks/CoreData.framework/Versions/A/CoreData
0x00000000044ce000 	/System/Library/PrivateFrameworks/RemoteViewServices.framework/Versions/A/RemoteViewServices
0x00000000044ce000 	/System/Library/PrivateFrameworks/UIFoundation.framework/Versions/A/UIFoundation
0x00000000044ce000 	/usr/lib/libScreenReader.dylib
0x00000000044ce000 	/System/Library/Frameworks/Accelerate.framework/Versions/A/Accelerate
0x00000000044ce000 	/System/Library/Frameworks/IOSurface.framework/Versions/A/IOSurface
0x00000000044ce000 	/System/Library/Frameworks/AudioToolbox.framework/Versions/A/AudioToolbox
0x00000000044ce000 	/System/Library/Frameworks/AudioUnit.framework/Versions/A/AudioUnit
0x00000000044ce000 	/System/Library/PrivateFrameworks/DataDetectorsCore.framework/Versions/A/DataDetectorsCore
0x00000000044ce000 	/System/Library/PrivateFrameworks/DesktopServicesPriv.framework/Versions/A/DesktopServicesPriv
0x00000000044ce000 	/System/Library/Frameworks/Carbon.framework/Versions/A/Frameworks/HIToolbox.framework/Versions/A/HIToolbox
0x00000000044ce000 	/System/Library/Frameworks/QuartzCore.framework/Versions/A/QuartzCore
0x00000000044ce000 	/System/Library/Frameworks/Carbon.framework/Versions/A/Frameworks/SpeechRecognition.framework/Versions/A/SpeechRecognition
0x00000000044ce000 	/usr/lib/libauto.dylib
0x00000000044ce000 	/usr/lib/libicucore.A.dylib
0x00000000044ce000 	/usr/lib/libxml2.2.dylib
0x00000000044ce000 	/System/Library/PrivateFrameworks/CoreUI.framework/Versions/A/CoreUI
0x00000000044ce000 	/System/Library/Frameworks/CoreAudio.framework/Versions/A/CoreAudio
0x00000000044ce000 	/System/Library/Frameworks/DiskArbitration.framework/Versions/A/DiskArbitration
0x00000000044ce000 	/usr/lib/liblangid.dylib
0x00000000044ce000 	/System/Library/PrivateFrameworks/MultitouchSupport.framework/Versions/A/MultitouchSupport
0x00000000044ce000 	/System/Library/Frameworks/IOKit.framework/Versions/A/IOKit
0x00000000044ce000 	/usr/lib/libDiagnosticMessagesClient.dylib
0x00000000044ce000 	/System/Library/Frameworks/CoreServices.framework/Versions/A/CoreServices
0x00000000044ce000 	/System/Library/PrivateFrameworks/PerformanceAnalysis.framework/Versions/A/PerformanceAnalysis
0x00000000044ce000 	/System/Library/PrivateFrameworks/GenerationalStorage.framework/Versions/A/GenerationalStorage
0x00000000044ce000 	/System/Library/Frameworks/OpenGL.framework/Versions/A/OpenGL
0x00000000044ce000 	/System/Library/PrivateFrameworks/Sharing.framework/Versions/A/Sharing
0x00000000044ce000 	/System/Library/Frameworks/CoreGraphics.framework/Versions/A/CoreGraphics
0x00000000044ce000 	/System/Library/Frameworks/CoreImage.framework/Versions/A/CoreImage
0x00000000044ce000 	/System/Library/Frameworks/CoreText.framework/Versions/A/CoreText
0x00000000044ce000 	/System/Library/Frameworks/ImageIO.framework/Versions/A/ImageIO
0x00000000044ce000 	/System/Library/PrivateFrameworks/Backup.framework/Versions/A/Backup
0x00000000044ce000 	/usr/lib/libextension.dylib
0x00000000044ce000 	/usr/lib/libarchive.2.dylib
0x00000000044ce000 	/System/Library/Frameworks/CFNetwork.framework/Versions/A/CFNetwork
0x00000000044ce000 	/System/Library/Frameworks/SystemConfiguration.framework/Versions/A/SystemConfiguration
0x00000000044ce000 	/usr/lib/libCRFSuite.dylib
0x00000000044ce000 	/usr/lib/libc++.1.dylib
0x00000000044ce000 	/usr/lib/libc++abi.dylib
0x00000000044ce000 	/usr/lib/system/libcache.dylib
0x00000000044ce000 	/usr/lib/system/libcommonCrypto.dylib
0x00000000044ce000 	/usr/lib/system/libcompiler_rt.dylib
0x00000000044ce000 	/usr/lib/system/libcopyfile.dylib
0x00000000044ce000 	/usr/lib/system/libcorecrypto.dylib
0x00000000044ce000 	/usr/lib/system/libdispatch.dylib
0x00000000044ce000 	/usr/lib/system/libdyld.dylib
0x00000000044ce000 	/usr/lib/system/libkeymgr.dylib
0x00000000044ce000 	/usr/lib/system/liblaunch.dylib
0x00000000044ce000 	/usr/lib/system/libmacho.dylib
0x00000000044ce000 	/usr/lib/system/libquarantine.dylib
0x00000000044ce000 	/usr/lib/system/libremovefile.dylib
0x00000000044ce000 	/usr/lib/system/libsystem_asl.dylib
0x00000000044ce000 	/usr/lib/system/libsystem_blocks.dylib
0x00000000044ce000 	/usr/lib/system/libsystem_c.dylib
0x00000000044ce000 	/usr/lib/system/libsystem_configuration.dylib
0x00000000044ce000 	/usr/lib/system/libsystem_coreservices.dylib
0x00000000044ce000 	/usr/lib/system/libsystem_coretls.dylib
0x00000000044ce000 	/usr/lib/system/libsystem_dnssd.dylib
0x00000000044ce000 	/usr/lib/system/libsystem_info.dylib
0x00000000044ce000 	/usr/lib/system/libsystem_kernel.dylib
0x00000000044ce000 	/usr/lib/system/libsystem_m.dylib
0x00000000044ce000 	/usr/lib/system/libsystem_malloc.dylib
0x00000000044ce000 	/usr/lib/system/libsystem_network.dylib
0x00000000044ce000 	/usr/lib/system/libsystem_networkextension.dylib
0x00000000044ce000 	/usr/lib/system/libsystem_notify.dylib
0x00000000044ce000 	/usr/lib/system/libsystem_platform.dylib
0x00000000044ce000 	/usr/lib/system/libsystem_pthread.dylib
0x00000000044ce000 	/usr/lib/system/libsystem_sandbox.dylib
0x00000000044ce000 	/usr/lib/system/libsystem_secinit.dylib
0x00000000044ce000 	/usr/lib/system/libsystem_trace.dylib
0x00000000044ce000 	/usr/lib/system/libunc.dylib
0x00000000044ce000 	/usr/lib/system/libunwind.dylib
0x00000000044ce000 	/usr/lib/system/libxpc.dylib
0x00000000044ce000 	/usr/lib/libenergytrace.dylib
0x00000000044ce000 	/usr/lib/libbsm.0.dylib
0x00000000044ce000 	/usr/lib/system/libkxld.dylib
0x00000000044ce000 	/usr/lib/libxar.1.dylib
0x00000000044ce000 	/usr/lib/libsqlite3.dylib
0x00000000044ce000 	/usr/lib/libpam.2.dylib
0x00000000044ce000 	/usr/lib/libOpenScriptingUtil.dylib
0x00000000044ce000 	/usr/lib/libbz2.1.0.dylib
0x00000000044ce000 	/usr/lib/liblzma.5.dylib
0x00000000044ce000 	/System/Library/Frameworks/CoreServices.framework/Versions/A/Frameworks/FSEvents.framework/Versions/A/FSEvents
0x00000000044ce000 	/System/Library/Frameworks/CoreServices.framework/Versions/A/Frameworks/CarbonCore.framework/Versions/A/CarbonCore
0x00000000044ce000 	/System/Library/Frameworks/CoreServices.framework/Versions/A/Frameworks/Metadata.framework/Versions/A/Metadata
0x00000000044ce000 	/System/Library/Frameworks/CoreServices.framework/Versions/A/Frameworks/OSServices.framework/Versions/A/OSServices
0x00000000044ce000 	/System/Library/Frameworks/CoreServices.framework/Versions/A/Frameworks/SearchKit.framework/Versions/A/SearchKit
0x00000000044ce000 	/System/Library/Frameworks/CoreServices.framework/Versions/A/Frameworks/AE.framework/Versions/A/AE
0x00000000044ce000 	/System/Library/Frameworks/CoreServices.framework/Versions/A/Frameworks/LaunchServices.framework/Versions/A/LaunchServices
0x00000000044ce000 	/System/Library/Frameworks/CoreServices.framework/Versions/A/Frameworks/DictionaryServices.framework/Versions/A/DictionaryServices
0x00000000044ce000 	/System/Library/Frameworks/CoreServices.framework/Versions/A/Frameworks/SharedFileList.framework/Versions/A/SharedFileList
0x00000000044ce000 	/System/Library/Frameworks/NetFS.framework/Versions/A/NetFS
0x00000000044ce000 	/System/Library/PrivateFrameworks/NetAuth.framework/Versions/A/NetAuth
0x00000000044ce000 	/System/Library/PrivateFrameworks/login.framework/Versions/A/Frameworks/loginsupport.framework/Versions/A/loginsupport
0x00000000044ce000 	/System/Library/PrivateFrameworks/TCC.framework/Versions/A/TCC
0x00000000044ce000 	/usr/lib/libmecabra.dylib
0x00000000044ce000 	/System/Library/Frameworks/ApplicationServices.framework/Versions/A/Frameworks/ATS.framework/Versions/A/ATS
0x00000000044ce000 	/System/Library/Frameworks/ApplicationServices.framework/Versions/A/Frameworks/ColorSync.framework/Versions/A/ColorSync
0x00000000044ce000 	/System/Library/Frameworks/ApplicationServices.framework/Versions/A/Frameworks/HIServices.framework/Versions/A/HIServices
0x00000000044ce000 	/System/Library/Frameworks/ApplicationServices.framework/Versions/A/Frameworks/LangAnalysis.framework/Versions/A/LangAnalysis
0x00000000044ce000 	/System/Library/Frameworks/ApplicationServices.framework/Versions/A/Frameworks/PrintCore.framework/Versions/A/PrintCore
0x00000000044ce000 	/System/Library/Frameworks/ApplicationServices.framework/Versions/A/Frameworks/QD.framework/Versions/A/QD
0x00000000044ce000 	/System/Library/Frameworks/ApplicationServices.framework/Versions/A/Frameworks/SpeechSynthesis.framework/Versions/A/SpeechSynthesis
0x00000000044ce000 	/System/Library/Frameworks/Metal.framework/Versions/A/Metal
0x00000000044ce000 	/System/Library/Frameworks/Accelerate.framework/Versions/A/Frameworks/vImage.framework/Versions/A/vImage
0x00000000044ce000 	/System/Library/Frameworks/Accelerate.framework/Versions/A/Frameworks/vecLib.framework/Versions/A/vecLib
0x00000000044ce000 	/System/Library/Frameworks/Accelerate.framework/Versions/A/Frameworks/vecLib.framework/Versions/A/libvDSP.dylib
0x00000000044ce000 	/System/Library/Frameworks/Accelerate.framework/Versions/A/Frameworks/vecLib.framework/Versions/A/libvMisc.dylib
0x00000000044ce000 	/System/Library/Frameworks/Accelerate.framework/Versions/A/Frameworks/vecLib.framework/Versions/A/libLAPACK.dylib
0x00000000044ce000 	/System/Library/Frameworks/Accelerate.framework/Versions/A/Frameworks/vecLib.framework/Versions/A/libBLAS.dylib
0x00000000044ce000 	/System/Library/Frameworks/Accelerate.framework/Versions/A/Frameworks/vecLib.framework/Versions/A/libLinearAlgebra.dylib
0x00000000044ce000 	/System/Library/Frameworks/Accelerate.framework/Versions/A/Frameworks/vecLib.framework/Versions/A/libSparseBLAS.dylib
0x00000000044ce000 	/System/Library/PrivateFrameworks/GPUCompiler.framework/libmetal_timestamp.dylib
0x00000000044ce000 	/System/Library/Frameworks/OpenGL.framework/Versions/A/Libraries/libCoreFSCache.dylib
0x00000000044ce000 	/System/Library/PrivateFrameworks/IOAccelerator.framework/Versions/A/IOAccelerator
0x00000000044ce000 	/System/Library/Frameworks/ApplicationServices.framework/Versions/A/Frameworks/ATS.framework/Versions/A/Resources/libFontParser.dylib
0x00000000044ce000 	/System/Library/Frameworks/ApplicationServices.framework/Versions/A/Frameworks/ATS.framework/Versions/A/Resources/libFontRegistry.dylib
0x00000000044ce000 	/System/Library/PrivateFrameworks/AppleVPA.framework/Versions/A/AppleVPA
0x00000000044ce000 	/System/Library/PrivateFrameworks/AppleJPEG.framework/Versions/A/AppleJPEG
0x00000000044ce000 	/System/Library/Frameworks/ImageIO.framework/Versions/A/Resources/libJPEG.dylib
0x00000000044ce000 	/System/Library/Frameworks/ImageIO.framework/Versions/A/Resources/libTIFF.dylib
0x00000000044ce000 	/System/Library/Frameworks/ImageIO.framework/Versions/A/Resources/libPng.dylib
0x00000000044ce000 	/System/Library/Frameworks/ImageIO.framework/Versions/A/Resources/libGIF.dylib
0x00000000044ce000 	/System/Library/Frameworks/ImageIO.framework/Versions/A/Resources/libJP2.dylib
0x00000000044ce000 	/System/Library/Frameworks/ImageIO.framework/Versions/A/Resources/libRadiance.dylib
0x00000000044ce000 	/System/Library/Frameworks/CoreVideo.framework/Versions/A/CoreVideo
0x00000000044ce000 	/System/Library/Frameworks/OpenGL.framework/Versions/A/Libraries/libGLU.dylib
0x00000000044ce000 	/System/Library/Frameworks/OpenGL.framework/Versions/A/Libraries/libGFXShared.dylib
0x00000000044ce000 	/System/Library/Frameworks/OpenGL.framework/Versions/A/Libraries/libGL.dylib
0x00000000044ce000 	/System/Library/Frameworks/OpenGL.framework/Versions/A/Libraries/libGLImage.dylib
0x00000000044ce000 	/System/Library/Frameworks/OpenGL.framework/Versions/A/Libraries/libCVMSPluginSupport.dylib
0x00000000044ce000 	/System/Library/Frameworks/OpenGL.framework/Versions/A/Libraries/libCoreVMClient.dylib
0x00000000044ce000 	/usr/lib/libcups.2.dylib
0x00000000044ce000 	/System/Library/Frameworks/Kerberos.framework/Versions/A/Kerberos
0x00000000044ce000 	/System/Library/Frameworks/GSS.framework/Versions/A/GSS
0x00000000044ce000 	/usr/lib/libresolv.9.dylib
0x00000000044ce000 	/usr/lib/libiconv.2.dylib
0x00000000044ce000 	/System/Library/PrivateFrameworks/Heimdal.framework/Versions/A/Heimdal
0x00000000044ce000 	/usr/lib/libheimdal-asn1.dylib
0x00000000044ce000 	/System/Library/Frameworks/OpenDirectory.framework/Versions/A/OpenDirectory
0x00000000044ce000 	/System/Library/PrivateFrameworks/CommonAuth.framework/Versions/A/CommonAuth
0x00000000044ce000 	/System/Library/Frameworks/OpenDirectory.framework/Versions/A/Frameworks/CFOpenDirectory.framework/Versions/A/CFOpenDirectory
0x00000000044ce000 	/System/Library/Frameworks/SecurityFoundation.framework/Versions/A/SecurityFoundation
0x00000000044ce000 	/System/Library/PrivateFrameworks/LanguageModeling.framework/Versions/A/LanguageModeling
0x00000000044ce000 	/usr/lib/libmarisa.dylib
0x00000000044ce000 	/usr/lib/libChineseTokenizer.dylib
0x00000000044ce000 	/usr/lib/libcmph.dylib
0x00000000044ce000 	/usr/lib/libcompression.dylib
0x00000000044ce000 	/System/Library/Frameworks/ServiceManagement.framework/Versions/A/ServiceManagement
0x00000000044ce000 	/usr/lib/libxslt.1.dylib
0x00000000044ce000 	/System/Library/Frameworks/Carbon.framework/Versions/A/Frameworks/Ink.framework/Versions/A/Ink
0x00000000044ce000 	/usr/lib/libFosl_dynamic.dylib
0x00000000044ce000 	/System/Library/PrivateFrameworks/FaceCore.framework/Versions/A/FaceCore
0x00000000044ce000 	/System/Library/Frameworks/OpenCL.framework/Versions/A/OpenCL
0x00000000044ce000 	/System/Library/PrivateFrameworks/CrashReporterSupport.framework/Versions/A/CrashReporterSupport
0x00000000044ce000 	/System/Library/PrivateFrameworks/IconServices.framework/Versions/A/IconServices
0x00000000044ce000 	/System/Library/PrivateFrameworks/Apple80211.framework/Versions/A/Apple80211
0x00000000044ce000 	/System/Library/Frameworks/CoreWLAN.framework/Versions/A/CoreWLAN
0x00000000044ce000 	/System/Library/Frameworks/IOBluetooth.framework/Versions/A/IOBluetooth
0x00000000044ce000 	/System/Library/PrivateFrameworks/CoreWiFi.framework/Versions/A/CoreWiFi
0x00000000044ce000 	/System/Library/Frameworks/CoreBluetooth.framework/Versions/A/CoreBluetooth
0x00000000044ce000 	/System/Library/PrivateFrameworks/ChunkingLibrary.framework/Versions/A/ChunkingLibrary
0x00000000044ce000 	/System/Library/PrivateFrameworks/DebugSymbols.framework/Versions/A/DebugSymbols
0x00000000044ce000 	/System/Library/PrivateFrameworks/CoreSymbolication.framework/Versions/A/CoreSymbolication
0x00000000044ce000 	/System/Library/PrivateFrameworks/Symbolication.framework/Versions/A/Symbolication
0x00000000044ce000 	/System/Library/PrivateFrameworks/SpeechRecognitionCore.framework/Versions/A/SpeechRecognitionCore
0x0000000102200000 	/Library/Java/JavaVirtualMachines/jdk1.8.0_60.jdk/Contents/Home/jre/lib/server/libjvm.dylib
0x00000000044ce000 	/usr/lib/libstdc++.6.dylib
0x0000000101832000 	/Library/Java/JavaVirtualMachines/jdk1.8.0_60.jdk/Contents/Home/jre/lib/libverify.dylib
0x0000000101840000 	/Library/Java/JavaVirtualMachines/jdk1.8.0_60.jdk/Contents/Home/jre/lib/libjava.dylib
0x000000010187f000 	/Library/Java/JavaVirtualMachines/jdk1.8.0_60.jdk/Contents/Home/jre/lib/libzip.dylib
0x0000000118979000 	/System/Library/Frameworks/JavaVM.framework/Frameworks/JavaRuntimeSupport.framework/JavaRuntimeSupport
0x0000000118994000 	/System/Library/Frameworks/JavaVM.framework/Versions/A/Frameworks/JavaNativeFoundation.framework/Versions/A/JavaNativeFoundation
0x00000001189a9000 	/System/Library/Frameworks/JavaVM.framework/Versions/A/JavaVM
0x00000000044ce000 	/System/Library/Frameworks/Carbon.framework/Versions/A/Carbon
0x00000001189b6000 	/System/Library/PrivateFrameworks/JavaLaunching.framework/Versions/A/JavaLaunching
0x00000000044ce000 	/System/Library/Frameworks/Carbon.framework/Versions/A/Frameworks/CommonPanels.framework/Versions/A/CommonPanels
0x00000000044ce000 	/System/Library/Frameworks/Carbon.framework/Versions/A/Frameworks/Help.framework/Versions/A/Help
0x00000000044ce000 	/System/Library/Frameworks/Carbon.framework/Versions/A/Frameworks/ImageCapture.framework/Versions/A/ImageCapture
0x00000000044ce000 	/System/Library/Frameworks/Carbon.framework/Versions/A/Frameworks/OpenScripting.framework/Versions/A/OpenScripting
0x00000000044ce000 	/System/Library/Frameworks/Carbon.framework/Versions/A/Frameworks/Print.framework/Versions/A/Print
0x00000000044ce000 	/System/Library/Frameworks/Carbon.framework/Versions/A/Frameworks/SecurityHI.framework/Versions/A/SecurityHI
0x000000011a2d4000 	/Library/Java/JavaVirtualMachines/jdk1.8.0_60.jdk/Contents/Home/jre/lib/libawt.dylib
0x000000011a37c000 	/Library/Java/JavaVirtualMachines/jdk1.8.0_60.jdk/Contents/Home/jre/lib/./libmlib_image.dylib
0x000000011a448000 	/Library/Java/JavaVirtualMachines/jdk1.8.0_60.jdk/Contents/Home/jre/lib/libawt_lwawt.dylib
0x000000011a4fd000 	/Library/Java/JavaVirtualMachines/jdk1.8.0_60.jdk/Contents/Home/jre/lib/./libosxapp.dylib
0x00000000044ce000 	/System/Library/Frameworks/ExceptionHandling.framework/Versions/A/ExceptionHandling
0x00000000044ce000 	/System/Library/PrivateFrameworks/CoreServicesInternal.framework/Versions/A/CoreServicesInternal
0x00000000044ce000 	/System/Library/Frameworks/CoreGraphics.framework/Versions/A/Resources/libRIP.A.dylib
0x00000000044ce000 	/System/Library/Frameworks/Accelerate.framework/Versions/A/Frameworks/vImage.framework/Versions/A/Libraries/libCGInterfaces.dylib
0x00000000044ce000 	/System/Library/Frameworks/CoreGraphics.framework/Versions/A/Resources/libCGXType.A.dylib
0x00000000044ce000 	/System/Library/Frameworks/OpenCL.framework/Versions/A/Libraries/libcldcpuengine.dylib
0x00000000044ce000 	/System/Library/PrivateFrameworks/DiskImages.framework/Versions/A/DiskImages
0x00000000044ce000 	/System/Library/Frameworks/DiscRecording.framework/Versions/A/DiscRecording
0x00000000044ce000 	/usr/lib/libcsfde.dylib
0x00000000044ce000 	/usr/lib/libcurl.4.dylib
0x00000000044ce000 	/System/Library/PrivateFrameworks/MediaKit.framework/Versions/A/MediaKit
0x00000000044ce000 	/System/Library/PrivateFrameworks/ProtectedCloudStorage.framework/Versions/A/ProtectedCloudStorage
0x00000000044ce000 	/usr/lib/libCoreStorage.dylib
0x00000000044ce000 	/System/Library/PrivateFrameworks/EFILogin.framework/Versions/A/EFILogin
0x00000000044ce000 	/usr/lib/libutil.dylib
0x00000000044ce000 	/System/Library/PrivateFrameworks/FindMyDevice.framework/Versions/A/FindMyDevice
0x00000000044ce000 	/System/Library/Frameworks/LDAP.framework/Versions/A/LDAP
0x00000000044ce000 	/usr/lib/libsasl2.2.dylib
0x00000000044ce000 	/System/Library/PrivateFrameworks/CoreDaemon.framework/Versions/B/CoreDaemon
0x00000000044ce000 	/usr/lib/libcrypto.0.9.8.dylib
0x00000000044ce000 	/System/Library/PrivateFrameworks/AppleSRP.framework/Versions/A/AppleSRP
0x00000000044ce000 	/System/Library/PrivateFrameworks/TrustEvaluationAgent.framework/Versions/A/TrustEvaluationAgent
0x000000011bc40000 	cl_kernels
0x00000000044ce000 	/System/Library/Frameworks/OpenCL.framework/Versions/A/Libraries/ImageFormats/unorm8_bgra.dylib
0x00000000044ce000 	/System/Library/Frameworks/OpenCL.framework/Versions/A/Libraries/ImageFormats/unorm8_rgba.dylib
0x00000000044ce000 	/System/Library/PrivateFrameworks/FamilyControls.framework/Versions/A/FamilyControls
0x00000000044ce000 	/System/Library/PrivateFrameworks/CommerceKit.framework/Versions/A/Frameworks/CommerceCore.framework/Versions/A/CommerceCore
0x00000000044ce000 	/System/Library/PrivateFrameworks/SystemAdministration.framework/Versions/A/SystemAdministration
0x00000000044ce000 	/System/Library/PrivateFrameworks/AppContainer.framework/Versions/A/AppContainer
0x00000000044ce000 	/System/Library/PrivateFrameworks/SecCodeWrapper.framework/Versions/A/SecCodeWrapper
0x00000000044ce000 	/System/Library/Frameworks/DirectoryService.framework/Versions/A/DirectoryService
0x00000000044ce000 	/System/Library/PrivateFrameworks/LoginUIKit.framework/Versions/A/Frameworks/LoginUICore.framework/Versions/A/LoginUICore
0x00000000044ce000 	/usr/lib/libodfde.dylib
0x00000000044ce000 	/System/Library/Frameworks/OpenGL.framework/Versions/A/Resources/GLEngine.bundle/GLEngine
0x00000000044ce000 	/System/Library/Frameworks/OpenGL.framework/Versions/A/Libraries/libGLProgrammability.dylib
0x000000011cc80000 	/System/Library/Extensions/AppleIntelHD5000GraphicsGLDriver.bundle/Contents/MacOS/AppleIntelHD5000GraphicsGLDriver
0x00000000044ce000 	/System/Library/PrivateFrameworks/GPUSupport.framework/Versions/A/Libraries/libGPUSupportMercury.dylib
0x00000000044ce000 	/System/Library/Frameworks/OpenGL.framework/Versions/A/Resources/GLRendererFloat.bundle/GLRendererFloat
0x000000011dc77000 	/Library/Java/JavaVirtualMachines/jdk1.8.0_60.jdk/Contents/Home/jre/lib/libfontmanager.dylib
0x000000011f0d1000 	/Library/Java/JavaVirtualMachines/jdk1.8.0_60.jdk/Contents/Home/jre/lib/libosxui.dylib
0x000000011fcb1000 	/Library/Java/JavaVirtualMachines/jdk1.8.0_60.jdk/Contents/Home/jre/lib/libnet.dylib
0x000000011ff5d000 	/Library/Java/JavaVirtualMachines/jdk1.8.0_60.jdk/Contents/Home/jre/lib/libnio.dylib
0x00000000044ce000 	/System/Library/Frameworks/ApplicationServices.framework/Versions/A/Frameworks/ATS.framework/Versions/A/Resources/libTrueTypeScaler.dylib
0x0000000170031000 	/System/Library/Extensions/AppleIntelHD5000GraphicsMTLDriver.bundle/Contents/MacOS/AppleIntelHD5000GraphicsMTLDriver
0x000000011b217000 	/private/var/folders/99/1pg_nk0n3t9874fc2q3jwvxm0000gn/T/jogamp_0000/file_cache/jln7381495717493848387/jln6628010693336150460/libgluegen-rt.jnilib
0x000000011b21c000 	/private/var/folders/99/1pg_nk0n3t9874fc2q3jwvxm0000gn/T/jogamp_0000/file_cache/jln7381495717493848387/jln6628010693336150460/libnativewindow_awt.jnilib
0x000000011b21f000 	/Library/Java/JavaVirtualMachines/jdk1.8.0_60.jdk/Contents/Home/jre/lib/libjawt.dylib
0x000000011b222000 	/private/var/folders/99/1pg_nk0n3t9874fc2q3jwvxm0000gn/T/jogamp_0000/file_cache/jln7381495717493848387/jln6628010693336150460/libnativewindow_macosx.jnilib
0x0000000171846000 	/private/var/folders/99/1pg_nk0n3t9874fc2q3jwvxm0000gn/T/jogamp_0000/file_cache/jln7381495717493848387/jln6628010693336150460/libjogl_desktop.jnilib
0x0000000176832000 	/Library/Java/JavaVirtualMachines/jdk1.8.0_60.jdk/Contents/Home/jre/lib/libjpeg.dylib

VM Arguments:
jvm_args: -Djava.security.policy=java.policy.applet -Dfile.encoding=UTF-8 
java_command: sun.applet.AppletViewer module1.HelloWorld1446049765780.html
java_class_path (initial): /Users/PAN/Documents/Eclipse/UCSDUnfoldingMaps/build:/Users/PAN/Documents/Eclipse/UCSDUnfoldingMaps/lib/core.jar:/Users/PAN/Documents/Eclipse/UCSDUnfoldingMaps/lib/gluegen-rt.jar:/Users/PAN/Documents/Eclipse/UCSDUnfoldingMaps/lib/jogl-all.jar:/Users/PAN/Documents/Eclipse/UCSDUnfoldingMaps/lib/log4j-1.2.15.jar:/Users/PAN/Documents/Eclipse/UCSDUnfoldingMaps/lib/sqlite-jdbc-3.7.2.jar:/Users/PAN/Documents/Eclipse/UCSDUnfoldingMaps/lib/json4processing.jar:/Users/PAN/Documents/Eclipse/UCSDUnfoldingMaps/lib/libTUIO.jar:/Users/PAN/Documents/Eclipse/UCSDUnfoldingMaps/lib/unfolding.0.9.7-uscd.jar
Launcher Type: SUN_STANDARD

Environment Variables:
PATH=/usr/bin:/bin:/usr/sbin:/sbin
SHELL=/bin/bash

Signal Handlers:
SIGSEGV: [libjvm.dylib+0x5a6d31], sa_mask[0]=11111111011111110111111111111111, sa_flags=SA_ONSTACK|SA_RESTART|SA_SIGINFO
SIGBUS: [libjvm.dylib+0x5a6d31], sa_mask[0]=11111111011111110111111111111111, sa_flags=SA_RESTART|SA_SIGINFO
SIGFPE: [libjvm.dylib+0x480a4c], sa_mask[0]=11111111011111110111111111111111, sa_flags=SA_RESTART|SA_SIGINFO
SIGPIPE: [libjvm.dylib+0x480a4c], sa_mask[0]=11111111011111110111111111111111, sa_flags=SA_RESTART|SA_SIGINFO
SIGXFSZ: [libjvm.dylib+0x480a4c], sa_mask[0]=11111111011111110111111111111111, sa_flags=SA_RESTART|SA_SIGINFO
SIGILL: [libjvm.dylib+0x480a4c], sa_mask[0]=11111111011111110111111111111111, sa_flags=SA_RESTART|SA_SIGINFO
SIGUSR1: SIG_DFL, sa_mask[0]=00000000000000000000000000000000, sa_flags=none
SIGUSR2: [libjvm.dylib+0x48056a], sa_mask[0]=00100000000000000000000000000000, sa_flags=SA_RESTART|SA_SIGINFO
SIGHUP: [libjvm.dylib+0x47eb41], sa_mask[0]=11111111011111110111111111111111, sa_flags=SA_RESTART|SA_SIGINFO
SIGINT: [libjvm.dylib+0x47eb41], sa_mask[0]=11111111011111110111111111111111, sa_flags=SA_RESTART|SA_SIGINFO
SIGTERM: [libjvm.dylib+0x47eb41], sa_mask[0]=11111111011111110111111111111111, sa_flags=SA_RESTART|SA_SIGINFO
SIGQUIT: [libjvm.dylib+0x47eb41], sa_mask[0]=11111111011111110111111111111111, sa_flags=SA_RESTART|SA_SIGINFO


---------------  S Y S T E M  ---------------

OS:Bsduname:Darwin 15.0.0 Darwin Kernel Version 15.0.0: Wed Aug 26 16:57:32 PDT 2015; root:xnu-3247.1.106~1/RELEASE_X86_64 x86_64
rlimit: STACK 8192k, CORE 0k, NPROC 709, NOFILE 10240, AS infinity
load average:1.91 2.16 2.11

CPU:total 4 (2 cores per cpu, 2 threads per core) family 6 model 69 stepping 1, cmov, cx8, fxsr, mmx, sse, sse2, sse3, ssse3, sse4.1, sse4.2, popcnt, avx, avx2, aes, clmul, erms, lzcnt, ht, tsc, tscinvbit, bmi1, bmi2

Memory: 4k page, physical 8388608k(96244k free)

/proc/meminfo:


vm_info: Java HotSpot(TM) 64-Bit Server VM (25.60-b23) for bsd-amd64 JRE (1.8.0_60-b27), built on Aug  4 2015 10:47:24 by "java_re" with gcc 4.2.1 (Based on Apple Inc. build 5658) (LLVM build 2336.11.00)

time: Wed Oct 28 11:29:33 2015
elapsed time: 7 seconds (0d 0h 0m 7s)

