#
# A fatal error has been detected by the Java Runtime Environment:
#
#  SIGSEGV (0xb) at pc=0x00007fff92e7ed5d, pid=732, tid=2571
#
# JRE version: Java(TM) SE Runtime Environment (8.0_60-b27) (build 1.8.0_60-b27)
# Java VM: Java HotSpot(TM) 64-Bit Server VM (25.60-b23 mixed mode bsd-amd64 compressed oops)
# Problematic frame:
# C  [libobjc.A.dylib+0x6d5d]  objc_msgSend+0x1d
#
# Failed to write core dump. Core dumps have been disabled. To enable core dumping, try "ulimit -c unlimited" before starting Java again
#
# If you would like to submit a bug report, please visit:
#   http://bugreport.java.com/bugreport/crash.jsp
# The crash happened outside the Java Virtual Machine in native code.
# See problematic frame for where to report the bug.
#

---------------  T H R E A D  ---------------

Current thread (0x00007fa2d30bd800):  JavaThread "AWT-AppKit" daemon [_thread_in_native, id=2571, stack(0x00007fff5016a000,0x00007fff5096a000)]

siginfo: si_signo: 11 (SIGSEGV), si_code: 1 (SEGV_MAPERR), si_addr: 0x0000000000000018

Registers:
RAX=0x00007fa2d1e80ce0, RBX=0x0000000128eba450, RCX=0x0000000128edf260, RDX=0x0000000128edf640
RSP=0x00007fff509653d8, RBP=0x00007fff50965490, RSI=0x00007fff94413d06, RDI=0x00007fa2d47c9800
R8 =0x0000000000000000, R9 =0x0000000000000810, R10=0x00007fff94413d06, R11=0x0000000000000000
R12=0x0000000000000000, R13=0x000000017f60bd18, R14=0x0000000128eba440, R15=0x00007fa2d30bd800
RIP=0x00007fff92e7ed5d, EFLAGS=0x0000000000010246, ERR=0x0000000000000004
  TRAPNO=0x000000000000000e

Top of Stack: (sp=0x00007fff509653d8)
0x00007fff509653d8:   0000000128eb8157 00007fff50965430
0x00007fff509653e8:   0000000000000003 00007fff50965410
0x00007fff509653f8:   000000010f703992 000000017f60bd18
0x00007fff50965408:   000000017f60bd18 00007fa2d1e80ce0
0x00007fff50965418:   0000000128eba6a0 0000000128eba710
0x00007fff50965428:   00007fff75321740 00007fff7515f4b0
0x00007fff50965438:   0000000128eba450 0000000128eba690
0x00007fff50965448:   00007fa2d1e80ce0 00007fa2d47c9800
0x00007fff50965458:   00007fa2d1c3e600 00007fa2d1e80ce0
0x00007fff50965468:   00007fa2d47c9800 00007fff50965518
0x00007fff50965478:   00007fa2d30bd9f8 000000017f60bd18
0x00007fff50965488:   00007fff50965540 00007fff50965508
0x00007fff50965498:   0000000110e15954 000000017f60bd18
0x00007fff509654a8:   00007fff50965540 00007fff50965508
0x00007fff509654b8:   0000000110e156e7 0000000110e156a2
0x00007fff509654c8:   00007fff509654c8 000000017f60bd18
0x00007fff509654d8:   00007fff50965540 000000017f60e950
0x00007fff509654e8:   0000000000000000 000000017f60bd18
0x00007fff509654f8:   0000000000000000 00007fff50965528
0x00007fff50965508:   00007fff50965588 0000000110e07c4d
0x00007fff50965518:   0000000797a508f8 0000000110e0f578
0x00007fff50965528:   00007fa2d1e80ce0 00007fff50965588
0x00007fff50965538:   00007fa2d47c9800 0000000110e10d82
0x00007fff50965548:   00007fff50965548 000000017f60bee2
0x00007fff50965558:   00007fff509655b0 000000017f60e950
0x00007fff50965568:   0000000000000000 000000017f60bef0
0x00007fff50965578:   00007fff50965528 00007fff50965598
0x00007fff50965588:   00007fff509655f8 0000000110e07c4d
0x00007fff50965598:   00007fa2d1e80ce0 0000000797a4d910
0x00007fff509655a8:   00007fa2d47c9800 0000000797a4d910
0x00007fff509655b8:   00007fff509655b8 000000018322460e
0x00007fff509655c8:   00007fff50965608 00000001832246c8 

Instructions: (pc=0x00007fff92e7ed5d)
0x00007fff92e7ed3d:   44 00 00 48 85 ff 2e 74 62 40 f6 c7 01 2e 75 66
0x00007fff92e7ed4d:   49 bb f8 ff ff ff ff 7f 00 00 4c 23 1f 49 89 f2
0x00007fff92e7ed5d:   45 23 53 18 49 c1 e2 04 4d 03 53 10 49 3b 32 75
0x00007fff92e7ed6d:   04 41 ff 62 08 49 83 3a 01 76 0d 49 83 c2 10 49 

Register to memory mapping:

RAX=0x00007fa2d1e80ce0 is an unknown value
RBX=0x0000000128eba450: Java_jogamp_nativewindow_macosx_OSXUtil_GetScreenRefreshRate0+0x1cf0 in /private/var/folders/99/1pg_nk0n3t9874fc2q3jwvxm0000gn/T/jogamp_0000/file_cache/jln4707649494618122653/jln1252800884766369645/libnativewindow_macosx.jnilib at 0x0000000128eb3000
RCX=0x0000000128edf260 is an unknown value
RDX=0x0000000128edf640 is an unknown value
RSP=0x00007fff509653d8 is pointing into the stack for thread: 0x00007fa2d30bd800
RBP=0x00007fff50965490 is pointing into the stack for thread: 0x00007fa2d30bd800
RSI=0x00007fff94413d06 is an unknown value
RDI=0x00007fa2d47c9800 is an unknown value
R8 =0x0000000000000000 is an unknown value
R9 =0x0000000000000810 is an unknown value
R10=0x00007fff94413d06 is an unknown value
R11=0x0000000000000000 is an unknown value
R12=0x0000000000000000 is an unknown value
R13={method} {0x000000017f60bd18} 'UnsetJAWTRootSurfaceLayer0' '(JJ)V' in 'jogamp/nativewindow/jawt/macosx/MacOSXJAWTWindow'
R14=0x0000000128eba440: Java_jogamp_nativewindow_macosx_OSXUtil_GetScreenRefreshRate0+0x1ce0 in /private/var/folders/99/1pg_nk0n3t9874fc2q3jwvxm0000gn/T/jogamp_0000/file_cache/jln4707649494618122653/jln1252800884766369645/libnativewindow_macosx.jnilib at 0x0000000128eb3000
R15=0x00007fa2d30bd800 is a thread


Stack: [0x00007fff5016a000,0x00007fff5096a000],  sp=0x00007fff509653d8,  free space=8172k
Native frames: (J=compiled Java code, j=interpreted, Vv=VM code, C=native code)
C  [libobjc.A.dylib+0x6d5d]  objc_msgSend+0x1d
j  jogamp.nativewindow.jawt.macosx.MacOSXJAWTWindow.UnsetJAWTRootSurfaceLayer0(JJ)V+0
j  jogamp.nativewindow.jawt.macosx.MacOSXJAWTWindow.access$200(JJ)V+2
j  jogamp.nativewindow.jawt.macosx.MacOSXJAWTWindow$1.run()V+38
J 1827 C1 com.jogamp.common.util.RunnableTask.run()V (345 bytes) @ 0x00000001113e9414 [0x00000001113e9280+0x194]
v  ~StubRoutines::call_stub
V  [libjvm.dylib+0x2eab0e]
V  [libjvm.dylib+0x321bb7]
V  [libjvm.dylib+0x31438b]
C  [libnativewindow_macosx.jnilib+0x5326]  Java_jogamp_nativewindow_jawt_macosx_MacOSXJAWTWindow_UnsetJAWTRootSurfaceLayer0+0x2b6
C  [Foundation+0x7754e]  __NSThreadPerformPerform+0x117
C  [CoreFoundation+0xaa621]  __CFRUNLOOP_IS_CALLING_OUT_TO_A_SOURCE0_PERFORM_FUNCTION__+0x11
C  [CoreFoundation+0x89d97]  __CFRunLoopDoSources0+0x1a7
C  [CoreFoundation+0x8933f]  __CFRunLoopRun+0x39f
C  [CoreFoundation+0x88d38]  CFRunLoopRunSpecific+0x128
C  [HIToolbox+0x30d55]  RunCurrentEventLoopInMode+0xeb
C  [HIToolbox+0x30a97]  ReceiveNextEventCommon+0xb8
C  [HIToolbox+0x309cf]  _BlockUntilNextEventMatchingListInModeWithFilter+0x47
C  [AppKit+0x49f3a]  _DPSNextEvent+0x42b
C  [AppKit+0x49369]  -[NSApplication _nextEventMatchingEventMask:untilDate:inMode:dequeue:]+0x1c6
C  [libosxapp.dylib+0x23aa]  -[NSApplicationAWT nextEventMatchingMask:untilDate:inMode:dequeue:]+0x7c
C  [AppKit+0x3decc]  -[NSApplication run]+0x2aa
C  [libosxapp.dylib+0x214d]  +[NSApplicationAWT runAWTLoopWithApp:]+0x9c
C  [libawt_lwawt.dylib+0x44517]  -[AWTStarter starter:]+0x389
C  [Foundation+0x7754e]  __NSThreadPerformPerform+0x117
C  [CoreFoundation+0xaa621]  __CFRUNLOOP_IS_CALLING_OUT_TO_A_SOURCE0_PERFORM_FUNCTION__+0x11
C  [CoreFoundation+0x89e1c]  __CFRunLoopDoSources0+0x22c
C  [CoreFoundation+0x8933f]  __CFRunLoopRun+0x39f
C  [CoreFoundation+0x88d38]  CFRunLoopRunSpecific+0x128
C  [java+0x6463]  CreateExecutionEnvironment+0x367
C  [java+0x21ac]  JLI_Launch+0x7a0
C  [java+0x84c0]  main+0x65
C  [java+0x1a04]  start+0x34
C  0x0000000000000007

Java frames: (J=compiled Java code, j=interpreted, Vv=VM code)
j  jogamp.nativewindow.jawt.macosx.MacOSXJAWTWindow.UnsetJAWTRootSurfaceLayer0(JJ)V+0
j  jogamp.nativewindow.jawt.macosx.MacOSXJAWTWindow.access$200(JJ)V+2
j  jogamp.nativewindow.jawt.macosx.MacOSXJAWTWindow$1.run()V+38
J 1827 C1 com.jogamp.common.util.RunnableTask.run()V (345 bytes) @ 0x00000001113e9414 [0x00000001113e9280+0x194]
v  ~StubRoutines::call_stub

---------------  P R O C E S S  ---------------

Java Threads: ( => current thread )
  0x00007fa2d2b59000 JavaThread "Thread-32" [_thread_blocked, id=66867, stack(0x00007000019ee000,0x0000700001aee000)]
  0x00007fa2d2ab3800 JavaThread "Image Fetcher 3" daemon [_thread_blocked, id=67079, stack(0x0000700001af1000,0x0000700001bf1000)]
  0x00007fa2d3521800 JavaThread "Image Fetcher 2" daemon [_thread_blocked, id=69123, stack(0x000070000250f000,0x000070000260f000)]
  0x00007fa2d2a9f800 JavaThread "Image Fetcher 1" daemon [_thread_blocked, id=68611, stack(0x000070000240c000,0x000070000250c000)]
  0x00007fa2d22be800 JavaThread "Image Fetcher 0" daemon [_thread_blocked, id=68099, stack(0x0000700002309000,0x0000700002409000)]
  0x00007fa2d3de9000 JavaThread "Keep-Alive-Timer" daemon [_thread_blocked, id=67659, stack(0x0000700002206000,0x0000700002306000)]
  0x00007fa2d39b6800 JavaThread "Animation Thread" [_thread_blocked, id=59151, stack(0x0000700001765000,0x0000700001865000)]
  0x00007fa2d32e6800 JavaThread "AWT-EventQueue-1" [_thread_in_native, id=59679, stack(0x0000700001868000,0x0000700001968000)]
  0x00007fa2d2178800 JavaThread "DestroyJavaVM" [_thread_blocked, id=4099, stack(0x0000700000084000,0x0000700000184000)]
  0x00007fa2d3a6c000 JavaThread "AWT-EventQueue-0" [_thread_blocked, id=56323, stack(0x0000700001662000,0x0000700001762000)]
  0x00007fa2d2150000 JavaThread "Java2D Disposer" daemon [_thread_blocked, id=52995, stack(0x00007000013d9000,0x00007000014d9000)]
  0x00007fa2d2128800 JavaThread "Java2D Queue Flusher" daemon [_thread_blocked, id=49927, stack(0x00007000012d6000,0x00007000013d6000)]
  0x00007fa2d30d0000 JavaThread "AWT-Shutdown" [_thread_blocked, id=29459, stack(0x0000700001150000,0x0000700001250000)]
=>0x00007fa2d30bd800 JavaThread "AWT-AppKit" daemon [_thread_in_native, id=2571, stack(0x00007fff5016a000,0x00007fff5096a000)]
  0x00007fa2d301e000 JavaThread "Service Thread" daemon [_thread_blocked, id=18691, stack(0x0000700000e44000,0x0000700000f44000)]
  0x00007fa2d3854000 JavaThread "C1 CompilerThread2" daemon [_thread_blocked, id=18179, stack(0x0000700000d41000,0x0000700000e41000)]
  0x00007fa2d384e800 JavaThread "C2 CompilerThread1" daemon [_thread_blocked, id=17667, stack(0x0000700000c3e000,0x0000700000d3e000)]
  0x00007fa2d3860800 JavaThread "C2 CompilerThread0" daemon [_thread_blocked, id=17155, stack(0x0000700000b3b000,0x0000700000c3b000)]
  0x00007fa2d2017000 JavaThread "Signal Dispatcher" daemon [_thread_blocked, id=13839, stack(0x0000700000a38000,0x0000700000b38000)]
  0x00007fa2d2004000 JavaThread "Finalizer" daemon [_thread_blocked, id=12291, stack(0x000070000082f000,0x000070000092f000)]
  0x00007fa2d3842800 JavaThread "Reference Handler" daemon [_thread_blocked, id=11779, stack(0x000070000072c000,0x000070000082c000)]

Other Threads:
  0x00007fa2d3842000 VMThread [stack: 0x0000700000629000,0x0000700000729000] [id=11267]
  0x00007fa2d2012000 WatcherThread [stack: 0x0000700000f47000,0x0000700001047000] [id=19203]

VM state:not at safepoint (normal execution)

VM Mutex/Monitor currently owned by a thread: None

Heap:
 PSYoungGen      total 38400K, used 25755K [0x0000000795580000, 0x000000079a080000, 0x00000007c0000000)
  eden space 33280K, 62% used [0x0000000795580000,0x00000007969aa0b8,0x0000000797600000)
  from space 5120K, 99% used [0x0000000797600000,0x0000000797afcca0,0x0000000797b00000)
  to   space 5120K, 0% used [0x0000000799b80000,0x0000000799b80000,0x000000079a080000)
 ParOldGen       total 87552K, used 12882K [0x0000000740000000, 0x0000000745580000, 0x0000000795580000)
  object space 87552K, 14% used [0x0000000740000000,0x0000000740c94b38,0x0000000745580000)
 Metaspace       used 18838K, capacity 19003K, committed 19072K, reserved 1067008K
  class space    used 1868K, capacity 1918K, committed 1920K, reserved 1048576K

Card table byte_map: [0x00000001201c0000,0x00000001205c1000] byte_map_base: 0x000000011c7c0000

Marking Bits: (ParMarkBitMap*) 0x000000010fdf0e20
 Begin Bits: [0x000000012086c000, 0x000000012286c000)
 End Bits:   [0x000000012286c000, 0x000000012486c000)

Polling page: 0x00000001104e2000

CodeCache: size=245760Kb used=6085Kb max_used=6090Kb free=239674Kb
 bounds [0x0000000110e00000, 0x0000000111400000, 0x000000011fe00000]
 total_blobs=2589 nmethods=1716 adapters=787
 compilation: enabled

Compilation events (10 events):
Event: 8.077 Thread 0x00007fa2d3860800 1838  s!   4       sun.misc.URLClassPath::getLoader (197 bytes)
Event: 8.085 Thread 0x00007fa2d384e800 nmethod 1834 0x00000001113f7650 code [0x00000001113f77c0, 0x00000001113f7ad8]
Event: 8.087 Thread 0x00007fa2d3860800 nmethod 1838 0x00000001113f5450 code [0x00000001113f55c0, 0x00000001113f5d98]
Event: 8.093 Thread 0x00007fa2d3854000 1839       3       java.util.concurrent.locks.AbstractQueuedSynchronizer::enq (58 bytes)
Event: 8.094 Thread 0x00007fa2d3854000 nmethod 1839 0x00000001113f4b50 code [0x00000001113f4ce0, 0x00000001113f5230]
Event: 8.094 Thread 0x00007fa2d3854000 1840       3       java.util.concurrent.locks.AbstractQueuedSynchronizer$ConditionObject::checkInterruptWhileWaiting (27 bytes)
Event: 8.095 Thread 0x00007fa2d3854000 nmethod 1840 0x00000001113f6bd0 code [0x00000001113f6da0, 0x00000001113f73f8]
Event: 8.100 Thread 0x00007fa2d3854000 1841       3       java.util.concurrent.locks.AbstractQueuedSynchronizer$ConditionObject::addConditionWaiter (64 bytes)
Event: 8.100 Thread 0x00007fa2d3854000 nmethod 1841 0x00000001113f6450 code [0x00000001113f65e0, 0x00000001113f6a28]
Event: 8.100 Thread 0x00007fa2d3854000 1842       3       java.util.concurrent.locks.AbstractQueuedSynchronizer$Node::<init> (15 bytes)

GC Heap History (6 events):
Event: 2.906 GC heap before
{Heap before GC invocations=1 (full 0):
 PSYoungGen      total 38400K, used 33280K [0x0000000795580000, 0x0000000798000000, 0x00000007c0000000)
  eden space 33280K, 100% used [0x0000000795580000,0x0000000797600000,0x0000000797600000)
  from space 5120K, 0% used [0x0000000797b00000,0x0000000797b00000,0x0000000798000000)
  to   space 5120K, 0% used [0x0000000797600000,0x0000000797600000,0x0000000797b00000)
 ParOldGen       total 87552K, used 0K [0x0000000740000000, 0x0000000745580000, 0x0000000795580000)
  object space 87552K, 0% used [0x0000000740000000,0x0000000740000000,0x0000000745580000)
 Metaspace       used 15779K, capacity 15983K, committed 16256K, reserved 1064960K
  class space    used 1592K, capacity 1660K, committed 1664K, reserved 1048576K
Event: 2.915 GC heap after
Heap after GC invocations=1 (full 0):
 PSYoungGen      total 38400K, used 4935K [0x0000000795580000, 0x0000000798000000, 0x00000007c0000000)
  eden space 33280K, 0% used [0x0000000795580000,0x0000000795580000,0x0000000797600000)
  from space 5120K, 96% used [0x0000000797600000,0x0000000797ad1ef0,0x0000000797b00000)
  to   space 5120K, 0% used [0x0000000797b00000,0x0000000797b00000,0x0000000798000000)
 ParOldGen       total 87552K, used 16K [0x0000000740000000, 0x0000000745580000, 0x0000000795580000)
  object space 87552K, 0% used [0x0000000740000000,0x0000000740004000,0x0000000745580000)
 Metaspace       used 15779K, capacity 15983K, committed 16256K, reserved 1064960K
  class space    used 1592K, capacity 1660K, committed 1664K, reserved 1048576K
}
Event: 4.124 GC heap before
{Heap before GC invocations=2 (full 0):
 PSYoungGen      total 38400K, used 38215K [0x0000000795580000, 0x0000000798000000, 0x00000007c0000000)
  eden space 33280K, 100% used [0x0000000795580000,0x0000000797600000,0x0000000797600000)
  from space 5120K, 96% used [0x0000000797600000,0x0000000797ad1ef0,0x0000000797b00000)
  to   space 5120K, 0% used [0x0000000797b00000,0x0000000797b00000,0x0000000798000000)
 ParOldGen       total 87552K, used 16K [0x0000000740000000, 0x0000000745580000, 0x0000000795580000)
  object space 87552K, 0% used [0x0000000740000000,0x0000000740004000,0x0000000745580000)
 Metaspace       used 18287K, capacity 18479K, committed 18560K, reserved 1067008K
  class space    used 1857K, capacity 1916K, committed 1920K, reserved 1048576K
Event: 4.142 GC heap after
Heap after GC invocations=2 (full 0):
 PSYoungGen      total 38400K, used 5107K [0x0000000795580000, 0x0000000798000000, 0x00000007c0000000)
  eden space 33280K, 0% used [0x0000000795580000,0x0000000795580000,0x0000000797600000)
  from space 5120K, 99% used [0x0000000797b00000,0x0000000797ffcca0,0x0000000798000000)
  to   space 5120K, 0% used [0x0000000797600000,0x0000000797600000,0x0000000797b00000)
 ParOldGen       total 87552K, used 7482K [0x0000000740000000, 0x0000000745580000, 0x0000000795580000)
  object space 87552K, 8% used [0x0000000740000000,0x000000074074e9c8,0x0000000745580000)
 Metaspace       used 18287K, capacity 18479K, committed 18560K, reserved 1067008K
  class space    used 1857K, capacity 1916K, committed 1920K, reserved 1048576K
}
Event: 4.583 GC heap before
{Heap before GC invocations=3 (full 0):
 PSYoungGen      total 38400K, used 38376K [0x0000000795580000, 0x0000000798000000, 0x00000007c0000000)
  eden space 33280K, 99% used [0x0000000795580000,0x00000007975fd700,0x0000000797600000)
  from space 5120K, 99% used [0x0000000797b00000,0x0000000797ffcca0,0x0000000798000000)
  to   space 5120K, 0% used [0x0000000797600000,0x0000000797600000,0x0000000797b00000)
 ParOldGen       total 87552K, used 7482K [0x0000000740000000, 0x0000000745580000, 0x0000000795580000)
  object space 87552K, 8% used [0x0000000740000000,0x000000074074e9c8,0x0000000745580000)
 Metaspace       used 18472K, capacity 18677K, committed 18816K, reserved 1067008K
  class space    used 1858K, capacity 1917K, committed 1920K, reserved 1048576K
Event: 4.594 GC heap after
Heap after GC invocations=3 (full 0):
 PSYoungGen      total 38400K, used 5107K [0x0000000795580000, 0x000000079a080000, 0x00000007c0000000)
  eden space 33280K, 0% used [0x0000000795580000,0x0000000795580000,0x0000000797600000)
  from space 5120K, 99% used [0x0000000797600000,0x0000000797afcca0,0x0000000797b00000)
  to   space 5120K, 0% used [0x0000000799b80000,0x0000000799b80000,0x000000079a080000)
 ParOldGen       total 87552K, used 12882K [0x0000000740000000, 0x0000000745580000, 0x0000000795580000)
  object space 87552K, 14% used [0x0000000740000000,0x0000000740c94b38,0x0000000745580000)
 Metaspace       used 18472K, capacity 18677K, committed 18816K, reserved 1067008K
  class space    used 1858K, capacity 1917K, committed 1920K, reserved 1048576K
}

Deoptimization events (5 events):
Event: 2.232 Thread 0x00007fa2d2a42000 Uncommon trap: reason=unstable_if action=reinterpret pc=0x0000000110fcc140 method=java.lang.String.toLowerCase(Ljava/util/Locale;)Ljava/lang/String; @ 85
Event: 2.513 Thread 0x00007fa2d39b6800 Uncommon trap: reason=unstable_if action=reinterpret pc=0x000000011106a620 method=java.lang.String.indexOf([CII[CIII)I @ 3
Event: 2.513 Thread 0x00007fa2d39b6800 Uncommon trap: reason=unstable_if action=reinterpret pc=0x0000000110fb84d8 method=java.lang.String.indexOf([CII[CIII)I @ 3
Event: 3.601 Thread 0x00007fa2d32e6800 Uncommon trap: reason=unstable_if action=reinterpret pc=0x0000000110f9fb2c method=java.lang.AbstractStringBuilder.append(Ljava/lang/String;)Ljava/lang/AbstractStringBuilder; @ 1
Event: 8.058 Thread 0x00007fa2d32e6800 Uncommon trap: reason=unstable_if action=reinterpret pc=0x0000000110f11128 method=com.jogamp.common.util.VersionNumber.compareTo(Lcom/jogamp/common/util/VersionNumber;)I @ 21

Internal exceptions (10 events):
Event: 0.235 Thread 0x00007fa2d3801800 Exception <a 'java/lang/NoSuchFieldError': method resolution failed> (0x0000000795837e80) thrown at [/Users/java_re/workspace/8-2-build-macosx-x86_64/jdk8u60/4407/hotspot/src/share/vm/prims/methodHandles.cpp, line 1146]
Event: 0.429 Thread 0x00007fa2d3801800 Exception <a 'java/io/FileNotFoundException'> (0x00000007958b3b58) thrown at [/Users/java_re/workspace/8-2-build-macosx-x86_64/jdk8u60/4407/hotspot/src/share/vm/prims/jni.cpp, line 709]
Event: 0.429 Thread 0x00007fa2d3801800 Exception <a 'java/io/FileNotFoundException'> (0x00000007958b4688) thrown at [/Users/java_re/workspace/8-2-build-macosx-x86_64/jdk8u60/4407/hotspot/src/share/vm/prims/jni.cpp, line 709]
Event: 0.469 Thread 0x00007fa2d3801800 Exception <a 'java/io/FileNotFoundException'> (0x00000007959b26f8) thrown at [/Users/java_re/workspace/8-2-build-macosx-x86_64/jdk8u60/4407/hotspot/src/share/vm/prims/jni.cpp, line 709]
Event: 0.578 Thread 0x00007fa2d3801800 Exception <a 'java/io/FileNotFoundException'> (0x00000007959ef4f8) thrown at [/Users/java_re/workspace/8-2-build-macosx-x86_64/jdk8u60/4407/hotspot/src/share/vm/prims/jni.cpp, line 709]
Event: 2.536 Thread 0x00007fa2d39b6800 Exception <a 'java/lang/UnsatisfiedLinkError': com.jogamp.common.util.JarUtil.fixNativeLibAttribs(Ljava/lang/String;)Z> (0x0000000796b1c640) thrown at [/Users/java_re/workspace/8-2-build-macosx-x86_64/jdk8u60/4407/hotspot/src/share/vm/prims/nativeLookup.c
Event: 2.918 Thread 0x00007fa2d2004000 Exception <a 'java/lang/NullPointerException'> (0x00000007956a4708) thrown at [/Users/java_re/workspace/8-2-build-macosx-x86_64/jdk8u60/4407/hotspot/src/share/vm/interpreter/linkResolver.cpp, line 1178]
Event: 3.601 Thread 0x00007fa2d32e6800 Exception <a 'java/io/FileNotFoundException'> (0x0000000795ee5630) thrown at [/Users/java_re/workspace/8-2-build-macosx-x86_64/jdk8u60/4407/hotspot/src/share/vm/prims/jni.cpp, line 709]
Event: 3.601 Thread 0x00007fa2d32e6800 Exception <a 'java/io/FileNotFoundException'> (0x0000000795eeb600) thrown at [/Users/java_re/workspace/8-2-build-macosx-x86_64/jdk8u60/4407/hotspot/src/share/vm/prims/jni.cpp, line 709]
Event: 3.601 Thread 0x00007fa2d32e6800 Implicit null exception at 0x0000000110f9f7b5 to 0x0000000110f9fb19

Events (10 events):
Event: 8.091 loading class jogamp/nativewindow/jawt/macosx/MacOSXJAWTWindow$1 done
Event: 8.092 loading class java/awt/LightweightDispatcher$2
Event: 8.092 loading class java/awt/LightweightDispatcher$2 done
Event: 8.092 loading class java/awt/event/AWTEventListenerProxy
Event: 8.092 loading class java/awt/event/AWTEventListenerProxy done
Event: 8.092 loading class java/awt/Toolkit$ToolkitEventMulticaster
Event: 8.092 loading class java/awt/Toolkit$ToolkitEventMulticaster done
Event: 8.093 Thread 0x00007fa2d39b8800 Thread exited: 0x00007fa2d39b8800
Event: 8.093 loading class java/awt/Window$1DisposeAction
Event: 8.094 loading class java/awt/Window$1DisposeAction done


Dynamic libraries:
0x0000000002bbf000 	/System/Library/Frameworks/Cocoa.framework/Versions/A/Cocoa
0x0000000002bbf000 	/System/Library/Frameworks/Security.framework/Versions/A/Security
0x0000000002bbf000 	/System/Library/Frameworks/ApplicationServices.framework/Versions/A/ApplicationServices
0x0000000002bbf000 	/usr/lib/libz.1.dylib
0x0000000002bbf000 	/usr/lib/libSystem.B.dylib
0x0000000002bbf000 	/usr/lib/libobjc.A.dylib
0x0000000002bbf000 	/System/Library/Frameworks/CoreFoundation.framework/Versions/A/CoreFoundation
0x0000000002bbf000 	/System/Library/Frameworks/Foundation.framework/Versions/C/Foundation
0x0000000002bbf000 	/System/Library/Frameworks/AppKit.framework/Versions/C/AppKit
0x0000000002bbf000 	/System/Library/Frameworks/CoreData.framework/Versions/A/CoreData
0x0000000002bbf000 	/System/Library/PrivateFrameworks/RemoteViewServices.framework/Versions/A/RemoteViewServices
0x0000000002bbf000 	/System/Library/PrivateFrameworks/UIFoundation.framework/Versions/A/UIFoundation
0x0000000002bbf000 	/usr/lib/libScreenReader.dylib
0x0000000002bbf000 	/System/Library/Frameworks/Accelerate.framework/Versions/A/Accelerate
0x0000000002bbf000 	/System/Library/Frameworks/IOSurface.framework/Versions/A/IOSurface
0x0000000002bbf000 	/System/Library/Frameworks/AudioToolbox.framework/Versions/A/AudioToolbox
0x0000000002bbf000 	/System/Library/Frameworks/AudioUnit.framework/Versions/A/AudioUnit
0x0000000002bbf000 	/System/Library/PrivateFrameworks/DataDetectorsCore.framework/Versions/A/DataDetectorsCore
0x0000000002bbf000 	/System/Library/PrivateFrameworks/DesktopServicesPriv.framework/Versions/A/DesktopServicesPriv
0x0000000002bbf000 	/System/Library/Frameworks/Carbon.framework/Versions/A/Frameworks/HIToolbox.framework/Versions/A/HIToolbox
0x0000000002bbf000 	/System/Library/Frameworks/QuartzCore.framework/Versions/A/QuartzCore
0x0000000002bbf000 	/System/Library/Frameworks/Carbon.framework/Versions/A/Frameworks/SpeechRecognition.framework/Versions/A/SpeechRecognition
0x0000000002bbf000 	/usr/lib/libauto.dylib
0x0000000002bbf000 	/usr/lib/libicucore.A.dylib
0x0000000002bbf000 	/usr/lib/libxml2.2.dylib
0x0000000002bbf000 	/System/Library/PrivateFrameworks/CoreUI.framework/Versions/A/CoreUI
0x0000000002bbf000 	/System/Library/Frameworks/CoreAudio.framework/Versions/A/CoreAudio
0x0000000002bbf000 	/System/Library/Frameworks/DiskArbitration.framework/Versions/A/DiskArbitration
0x0000000002bbf000 	/usr/lib/liblangid.dylib
0x0000000002bbf000 	/System/Library/PrivateFrameworks/MultitouchSupport.framework/Versions/A/MultitouchSupport
0x0000000002bbf000 	/System/Library/Frameworks/IOKit.framework/Versions/A/IOKit
0x0000000002bbf000 	/usr/lib/libDiagnosticMessagesClient.dylib
0x0000000002bbf000 	/System/Library/Frameworks/CoreServices.framework/Versions/A/CoreServices
0x0000000002bbf000 	/System/Library/PrivateFrameworks/PerformanceAnalysis.framework/Versions/A/PerformanceAnalysis
0x0000000002bbf000 	/System/Library/PrivateFrameworks/GenerationalStorage.framework/Versions/A/GenerationalStorage
0x0000000002bbf000 	/System/Library/Frameworks/OpenGL.framework/Versions/A/OpenGL
0x0000000002bbf000 	/System/Library/PrivateFrameworks/Sharing.framework/Versions/A/Sharing
0x0000000002bbf000 	/System/Library/Frameworks/CoreGraphics.framework/Versions/A/CoreGraphics
0x0000000002bbf000 	/System/Library/Frameworks/CoreImage.framework/Versions/A/CoreImage
0x0000000002bbf000 	/System/Library/Frameworks/CoreText.framework/Versions/A/CoreText
0x0000000002bbf000 	/System/Library/Frameworks/ImageIO.framework/Versions/A/ImageIO
0x0000000002bbf000 	/System/Library/PrivateFrameworks/Backup.framework/Versions/A/Backup
0x0000000002bbf000 	/usr/lib/libextension.dylib
0x0000000002bbf000 	/usr/lib/libarchive.2.dylib
0x0000000002bbf000 	/System/Library/Frameworks/CFNetwork.framework/Versions/A/CFNetwork
0x0000000002bbf000 	/System/Library/Frameworks/SystemConfiguration.framework/Versions/A/SystemConfiguration
0x0000000002bbf000 	/usr/lib/libCRFSuite.dylib
0x0000000002bbf000 	/usr/lib/libc++.1.dylib
0x0000000002bbf000 	/usr/lib/libc++abi.dylib
0x0000000002bbf000 	/usr/lib/system/libcache.dylib
0x0000000002bbf000 	/usr/lib/system/libcommonCrypto.dylib
0x0000000002bbf000 	/usr/lib/system/libcompiler_rt.dylib
0x0000000002bbf000 	/usr/lib/system/libcopyfile.dylib
0x0000000002bbf000 	/usr/lib/system/libcorecrypto.dylib
0x0000000002bbf000 	/usr/lib/system/libdispatch.dylib
0x0000000002bbf000 	/usr/lib/system/libdyld.dylib
0x0000000002bbf000 	/usr/lib/system/libkeymgr.dylib
0x0000000002bbf000 	/usr/lib/system/liblaunch.dylib
0x0000000002bbf000 	/usr/lib/system/libmacho.dylib
0x0000000002bbf000 	/usr/lib/system/libquarantine.dylib
0x0000000002bbf000 	/usr/lib/system/libremovefile.dylib
0x0000000002bbf000 	/usr/lib/system/libsystem_asl.dylib
0x0000000002bbf000 	/usr/lib/system/libsystem_blocks.dylib
0x0000000002bbf000 	/usr/lib/system/libsystem_c.dylib
0x0000000002bbf000 	/usr/lib/system/libsystem_configuration.dylib
0x0000000002bbf000 	/usr/lib/system/libsystem_coreservices.dylib
0x0000000002bbf000 	/usr/lib/system/libsystem_coretls.dylib
0x0000000002bbf000 	/usr/lib/system/libsystem_dnssd.dylib
0x0000000002bbf000 	/usr/lib/system/libsystem_info.dylib
0x0000000002bbf000 	/usr/lib/system/libsystem_kernel.dylib
0x0000000002bbf000 	/usr/lib/system/libsystem_m.dylib
0x0000000002bbf000 	/usr/lib/system/libsystem_malloc.dylib
0x0000000002bbf000 	/usr/lib/system/libsystem_network.dylib
0x0000000002bbf000 	/usr/lib/system/libsystem_networkextension.dylib
0x0000000002bbf000 	/usr/lib/system/libsystem_notify.dylib
0x0000000002bbf000 	/usr/lib/system/libsystem_platform.dylib
0x0000000002bbf000 	/usr/lib/system/libsystem_pthread.dylib
0x0000000002bbf000 	/usr/lib/system/libsystem_sandbox.dylib
0x0000000002bbf000 	/usr/lib/system/libsystem_secinit.dylib
0x0000000002bbf000 	/usr/lib/system/libsystem_trace.dylib
0x0000000002bbf000 	/usr/lib/system/libunc.dylib
0x0000000002bbf000 	/usr/lib/system/libunwind.dylib
0x0000000002bbf000 	/usr/lib/system/libxpc.dylib
0x0000000002bbf000 	/usr/lib/libenergytrace.dylib
0x0000000002bbf000 	/usr/lib/libbsm.0.dylib
0x0000000002bbf000 	/usr/lib/system/libkxld.dylib
0x0000000002bbf000 	/usr/lib/libxar.1.dylib
0x0000000002bbf000 	/usr/lib/libsqlite3.dylib
0x0000000002bbf000 	/usr/lib/libpam.2.dylib
0x0000000002bbf000 	/usr/lib/libOpenScriptingUtil.dylib
0x0000000002bbf000 	/usr/lib/libbz2.1.0.dylib
0x0000000002bbf000 	/usr/lib/liblzma.5.dylib
0x0000000002bbf000 	/System/Library/Frameworks/CoreServices.framework/Versions/A/Frameworks/FSEvents.framework/Versions/A/FSEvents
0x0000000002bbf000 	/System/Library/Frameworks/CoreServices.framework/Versions/A/Frameworks/CarbonCore.framework/Versions/A/CarbonCore
0x0000000002bbf000 	/System/Library/Frameworks/CoreServices.framework/Versions/A/Frameworks/Metadata.framework/Versions/A/Metadata
0x0000000002bbf000 	/System/Library/Frameworks/CoreServices.framework/Versions/A/Frameworks/OSServices.framework/Versions/A/OSServices
0x0000000002bbf000 	/System/Library/Frameworks/CoreServices.framework/Versions/A/Frameworks/SearchKit.framework/Versions/A/SearchKit
0x0000000002bbf000 	/System/Library/Frameworks/CoreServices.framework/Versions/A/Frameworks/AE.framework/Versions/A/AE
0x0000000002bbf000 	/System/Library/Frameworks/CoreServices.framework/Versions/A/Frameworks/LaunchServices.framework/Versions/A/LaunchServices
0x0000000002bbf000 	/System/Library/Frameworks/CoreServices.framework/Versions/A/Frameworks/DictionaryServices.framework/Versions/A/DictionaryServices
0x0000000002bbf000 	/System/Library/Frameworks/CoreServices.framework/Versions/A/Frameworks/SharedFileList.framework/Versions/A/SharedFileList
0x0000000002bbf000 	/System/Library/Frameworks/NetFS.framework/Versions/A/NetFS
0x0000000002bbf000 	/System/Library/PrivateFrameworks/NetAuth.framework/Versions/A/NetAuth
0x0000000002bbf000 	/System/Library/PrivateFrameworks/login.framework/Versions/A/Frameworks/loginsupport.framework/Versions/A/loginsupport
0x0000000002bbf000 	/System/Library/PrivateFrameworks/TCC.framework/Versions/A/TCC
0x0000000002bbf000 	/usr/lib/libmecabra.dylib
0x0000000002bbf000 	/System/Library/Frameworks/ApplicationServices.framework/Versions/A/Frameworks/ATS.framework/Versions/A/ATS
0x0000000002bbf000 	/System/Library/Frameworks/ApplicationServices.framework/Versions/A/Frameworks/ColorSync.framework/Versions/A/ColorSync
0x0000000002bbf000 	/System/Library/Frameworks/ApplicationServices.framework/Versions/A/Frameworks/HIServices.framework/Versions/A/HIServices
0x0000000002bbf000 	/System/Library/Frameworks/ApplicationServices.framework/Versions/A/Frameworks/LangAnalysis.framework/Versions/A/LangAnalysis
0x0000000002bbf000 	/System/Library/Frameworks/ApplicationServices.framework/Versions/A/Frameworks/PrintCore.framework/Versions/A/PrintCore
0x0000000002bbf000 	/System/Library/Frameworks/ApplicationServices.framework/Versions/A/Frameworks/QD.framework/Versions/A/QD
0x0000000002bbf000 	/System/Library/Frameworks/ApplicationServices.framework/Versions/A/Frameworks/SpeechSynthesis.framework/Versions/A/SpeechSynthesis
0x0000000002bbf000 	/System/Library/Frameworks/Metal.framework/Versions/A/Metal
0x0000000002bbf000 	/System/Library/Frameworks/Accelerate.framework/Versions/A/Frameworks/vImage.framework/Versions/A/vImage
0x0000000002bbf000 	/System/Library/Frameworks/Accelerate.framework/Versions/A/Frameworks/vecLib.framework/Versions/A/vecLib
0x0000000002bbf000 	/System/Library/Frameworks/Accelerate.framework/Versions/A/Frameworks/vecLib.framework/Versions/A/libvDSP.dylib
0x0000000002bbf000 	/System/Library/Frameworks/Accelerate.framework/Versions/A/Frameworks/vecLib.framework/Versions/A/libvMisc.dylib
0x0000000002bbf000 	/System/Library/Frameworks/Accelerate.framework/Versions/A/Frameworks/vecLib.framework/Versions/A/libLAPACK.dylib
0x0000000002bbf000 	/System/Library/Frameworks/Accelerate.framework/Versions/A/Frameworks/vecLib.framework/Versions/A/libBLAS.dylib
0x0000000002bbf000 	/System/Library/Frameworks/Accelerate.framework/Versions/A/Frameworks/vecLib.framework/Versions/A/libLinearAlgebra.dylib
0x0000000002bbf000 	/System/Library/Frameworks/Accelerate.framework/Versions/A/Frameworks/vecLib.framework/Versions/A/libSparseBLAS.dylib
0x0000000002bbf000 	/System/Library/PrivateFrameworks/GPUCompiler.framework/libmetal_timestamp.dylib
0x0000000002bbf000 	/System/Library/Frameworks/OpenGL.framework/Versions/A/Libraries/libCoreFSCache.dylib
0x0000000002bbf000 	/System/Library/PrivateFrameworks/IOAccelerator.framework/Versions/A/IOAccelerator
0x0000000002bbf000 	/System/Library/Frameworks/ApplicationServices.framework/Versions/A/Frameworks/ATS.framework/Versions/A/Resources/libFontParser.dylib
0x0000000002bbf000 	/System/Library/Frameworks/ApplicationServices.framework/Versions/A/Frameworks/ATS.framework/Versions/A/Resources/libFontRegistry.dylib
0x0000000002bbf000 	/System/Library/PrivateFrameworks/AppleVPA.framework/Versions/A/AppleVPA
0x0000000002bbf000 	/System/Library/PrivateFrameworks/AppleJPEG.framework/Versions/A/AppleJPEG
0x0000000002bbf000 	/System/Library/Frameworks/ImageIO.framework/Versions/A/Resources/libJPEG.dylib
0x0000000002bbf000 	/System/Library/Frameworks/ImageIO.framework/Versions/A/Resources/libTIFF.dylib
0x0000000002bbf000 	/System/Library/Frameworks/ImageIO.framework/Versions/A/Resources/libPng.dylib
0x0000000002bbf000 	/System/Library/Frameworks/ImageIO.framework/Versions/A/Resources/libGIF.dylib
0x0000000002bbf000 	/System/Library/Frameworks/ImageIO.framework/Versions/A/Resources/libJP2.dylib
0x0000000002bbf000 	/System/Library/Frameworks/ImageIO.framework/Versions/A/Resources/libRadiance.dylib
0x0000000002bbf000 	/System/Library/Frameworks/CoreVideo.framework/Versions/A/CoreVideo
0x0000000002bbf000 	/System/Library/Frameworks/OpenGL.framework/Versions/A/Libraries/libGLU.dylib
0x0000000002bbf000 	/System/Library/Frameworks/OpenGL.framework/Versions/A/Libraries/libGFXShared.dylib
0x0000000002bbf000 	/System/Library/Frameworks/OpenGL.framework/Versions/A/Libraries/libGL.dylib
0x0000000002bbf000 	/System/Library/Frameworks/OpenGL.framework/Versions/A/Libraries/libGLImage.dylib
0x0000000002bbf000 	/System/Library/Frameworks/OpenGL.framework/Versions/A/Libraries/libCVMSPluginSupport.dylib
0x0000000002bbf000 	/System/Library/Frameworks/OpenGL.framework/Versions/A/Libraries/libCoreVMClient.dylib
0x0000000002bbf000 	/usr/lib/libcups.2.dylib
0x0000000002bbf000 	/System/Library/Frameworks/Kerberos.framework/Versions/A/Kerberos
0x0000000002bbf000 	/System/Library/Frameworks/GSS.framework/Versions/A/GSS
0x0000000002bbf000 	/usr/lib/libresolv.9.dylib
0x0000000002bbf000 	/usr/lib/libiconv.2.dylib
0x0000000002bbf000 	/System/Library/PrivateFrameworks/Heimdal.framework/Versions/A/Heimdal
0x0000000002bbf000 	/usr/lib/libheimdal-asn1.dylib
0x0000000002bbf000 	/System/Library/Frameworks/OpenDirectory.framework/Versions/A/OpenDirectory
0x0000000002bbf000 	/System/Library/PrivateFrameworks/CommonAuth.framework/Versions/A/CommonAuth
0x0000000002bbf000 	/System/Library/Frameworks/OpenDirectory.framework/Versions/A/Frameworks/CFOpenDirectory.framework/Versions/A/CFOpenDirectory
0x0000000002bbf000 	/System/Library/Frameworks/SecurityFoundation.framework/Versions/A/SecurityFoundation
0x0000000002bbf000 	/System/Library/PrivateFrameworks/LanguageModeling.framework/Versions/A/LanguageModeling
0x0000000002bbf000 	/usr/lib/libmarisa.dylib
0x0000000002bbf000 	/usr/lib/libChineseTokenizer.dylib
0x0000000002bbf000 	/usr/lib/libcmph.dylib
0x0000000002bbf000 	/usr/lib/libcompression.dylib
0x0000000002bbf000 	/System/Library/Frameworks/ServiceManagement.framework/Versions/A/ServiceManagement
0x0000000002bbf000 	/usr/lib/libxslt.1.dylib
0x0000000002bbf000 	/System/Library/Frameworks/Carbon.framework/Versions/A/Frameworks/Ink.framework/Versions/A/Ink
0x0000000002bbf000 	/usr/lib/libFosl_dynamic.dylib
0x0000000002bbf000 	/System/Library/PrivateFrameworks/FaceCore.framework/Versions/A/FaceCore
0x0000000002bbf000 	/System/Library/Frameworks/OpenCL.framework/Versions/A/OpenCL
0x0000000002bbf000 	/System/Library/PrivateFrameworks/CrashReporterSupport.framework/Versions/A/CrashReporterSupport
0x0000000002bbf000 	/System/Library/PrivateFrameworks/IconServices.framework/Versions/A/IconServices
0x0000000002bbf000 	/System/Library/PrivateFrameworks/Apple80211.framework/Versions/A/Apple80211
0x0000000002bbf000 	/System/Library/Frameworks/CoreWLAN.framework/Versions/A/CoreWLAN
0x0000000002bbf000 	/System/Library/Frameworks/IOBluetooth.framework/Versions/A/IOBluetooth
0x0000000002bbf000 	/System/Library/PrivateFrameworks/CoreWiFi.framework/Versions/A/CoreWiFi
0x0000000002bbf000 	/System/Library/Frameworks/CoreBluetooth.framework/Versions/A/CoreBluetooth
0x0000000002bbf000 	/System/Library/PrivateFrameworks/ChunkingLibrary.framework/Versions/A/ChunkingLibrary
0x0000000002bbf000 	/System/Library/PrivateFrameworks/DebugSymbols.framework/Versions/A/DebugSymbols
0x0000000002bbf000 	/System/Library/PrivateFrameworks/CoreSymbolication.framework/Versions/A/CoreSymbolication
0x0000000002bbf000 	/System/Library/PrivateFrameworks/Symbolication.framework/Versions/A/Symbolication
0x0000000002bbf000 	/System/Library/PrivateFrameworks/SpeechRecognitionCore.framework/Versions/A/SpeechRecognitionCore
0x000000010f512000 	/Library/Java/JavaVirtualMachines/jdk1.8.0_60.jdk/Contents/Home/jre/lib/server/libjvm.dylib
0x0000000002bbf000 	/usr/lib/libstdc++.6.dylib
0x000000011049f000 	/Library/Java/JavaVirtualMachines/jdk1.8.0_60.jdk/Contents/Home/jre/lib/libverify.dylib
0x00000001104ad000 	/Library/Java/JavaVirtualMachines/jdk1.8.0_60.jdk/Contents/Home/jre/lib/libjava.dylib
0x00000001104ec000 	/Library/Java/JavaVirtualMachines/jdk1.8.0_60.jdk/Contents/Home/jre/lib/libzip.dylib
0x0000000126666000 	/System/Library/Frameworks/JavaVM.framework/Frameworks/JavaRuntimeSupport.framework/JavaRuntimeSupport
0x0000000126681000 	/System/Library/Frameworks/JavaVM.framework/Versions/A/Frameworks/JavaNativeFoundation.framework/Versions/A/JavaNativeFoundation
0x00000001105f2000 	/System/Library/Frameworks/JavaVM.framework/Versions/A/JavaVM
0x0000000002bbf000 	/System/Library/Frameworks/Carbon.framework/Versions/A/Carbon
0x0000000126696000 	/System/Library/PrivateFrameworks/JavaLaunching.framework/Versions/A/JavaLaunching
0x0000000002bbf000 	/System/Library/Frameworks/Carbon.framework/Versions/A/Frameworks/CommonPanels.framework/Versions/A/CommonPanels
0x0000000002bbf000 	/System/Library/Frameworks/Carbon.framework/Versions/A/Frameworks/Help.framework/Versions/A/Help
0x0000000002bbf000 	/System/Library/Frameworks/Carbon.framework/Versions/A/Frameworks/ImageCapture.framework/Versions/A/ImageCapture
0x0000000002bbf000 	/System/Library/Frameworks/Carbon.framework/Versions/A/Frameworks/OpenScripting.framework/Versions/A/OpenScripting
0x0000000002bbf000 	/System/Library/Frameworks/Carbon.framework/Versions/A/Frameworks/Print.framework/Versions/A/Print
0x0000000002bbf000 	/System/Library/Frameworks/Carbon.framework/Versions/A/Frameworks/SecurityHI.framework/Versions/A/SecurityHI
0x0000000127fb8000 	/Library/Java/JavaVirtualMachines/jdk1.8.0_60.jdk/Contents/Home/jre/lib/libawt.dylib
0x0000000128060000 	/Library/Java/JavaVirtualMachines/jdk1.8.0_60.jdk/Contents/Home/jre/lib/./libmlib_image.dylib
0x000000012812c000 	/Library/Java/JavaVirtualMachines/jdk1.8.0_60.jdk/Contents/Home/jre/lib/libawt_lwawt.dylib
0x00000001281e1000 	/Library/Java/JavaVirtualMachines/jdk1.8.0_60.jdk/Contents/Home/jre/lib/./libosxapp.dylib
0x0000000002bbf000 	/System/Library/Frameworks/ExceptionHandling.framework/Versions/A/ExceptionHandling
0x0000000002bbf000 	/System/Library/PrivateFrameworks/CoreServicesInternal.framework/Versions/A/CoreServicesInternal
0x0000000002bbf000 	/System/Library/Frameworks/CoreGraphics.framework/Versions/A/Resources/libRIP.A.dylib
0x0000000002bbf000 	/System/Library/Frameworks/Accelerate.framework/Versions/A/Frameworks/vImage.framework/Versions/A/Libraries/libCGInterfaces.dylib
0x0000000002bbf000 	/System/Library/Frameworks/CoreGraphics.framework/Versions/A/Resources/libCGXType.A.dylib
0x0000000002bbf000 	/System/Library/Frameworks/OpenCL.framework/Versions/A/Libraries/libcldcpuengine.dylib
0x0000000002bbf000 	/System/Library/PrivateFrameworks/DiskImages.framework/Versions/A/DiskImages
0x0000000002bbf000 	/System/Library/Frameworks/DiscRecording.framework/Versions/A/DiscRecording
0x0000000002bbf000 	/usr/lib/libcsfde.dylib
0x0000000002bbf000 	/usr/lib/libcurl.4.dylib
0x0000000002bbf000 	/System/Library/PrivateFrameworks/MediaKit.framework/Versions/A/MediaKit
0x0000000002bbf000 	/System/Library/PrivateFrameworks/ProtectedCloudStorage.framework/Versions/A/ProtectedCloudStorage
0x0000000002bbf000 	/usr/lib/libCoreStorage.dylib
0x0000000002bbf000 	/System/Library/PrivateFrameworks/EFILogin.framework/Versions/A/EFILogin
0x0000000002bbf000 	/usr/lib/libutil.dylib
0x0000000002bbf000 	/System/Library/PrivateFrameworks/FindMyDevice.framework/Versions/A/FindMyDevice
0x0000000002bbf000 	/System/Library/Frameworks/LDAP.framework/Versions/A/LDAP
0x0000000002bbf000 	/usr/lib/libsasl2.2.dylib
0x0000000002bbf000 	/System/Library/PrivateFrameworks/CoreDaemon.framework/Versions/B/CoreDaemon
0x0000000002bbf000 	/usr/lib/libcrypto.0.9.8.dylib
0x0000000002bbf000 	/System/Library/PrivateFrameworks/AppleSRP.framework/Versions/A/AppleSRP
0x0000000002bbf000 	/System/Library/PrivateFrameworks/TrustEvaluationAgent.framework/Versions/A/TrustEvaluationAgent
0x0000000128a4d000 	cl_kernels
0x0000000002bbf000 	/System/Library/Frameworks/OpenCL.framework/Versions/A/Libraries/ImageFormats/unorm8_bgra.dylib
0x0000000002bbf000 	/System/Library/Frameworks/OpenCL.framework/Versions/A/Libraries/ImageFormats/unorm8_rgba.dylib
0x0000000002bbf000 	/System/Library/PrivateFrameworks/FamilyControls.framework/Versions/A/FamilyControls
0x0000000002bbf000 	/System/Library/PrivateFrameworks/CommerceKit.framework/Versions/A/Frameworks/CommerceCore.framework/Versions/A/CommerceCore
0x0000000002bbf000 	/System/Library/PrivateFrameworks/SystemAdministration.framework/Versions/A/SystemAdministration
0x0000000002bbf000 	/System/Library/PrivateFrameworks/AppContainer.framework/Versions/A/AppContainer
0x0000000002bbf000 	/System/Library/PrivateFrameworks/SecCodeWrapper.framework/Versions/A/SecCodeWrapper
0x0000000002bbf000 	/System/Library/Frameworks/DirectoryService.framework/Versions/A/DirectoryService
0x0000000002bbf000 	/System/Library/PrivateFrameworks/LoginUIKit.framework/Versions/A/Frameworks/LoginUICore.framework/Versions/A/LoginUICore
0x0000000002bbf000 	/usr/lib/libodfde.dylib
0x0000000002bbf000 	/System/Library/Frameworks/OpenGL.framework/Versions/A/Resources/GLEngine.bundle/GLEngine
0x0000000002bbf000 	/System/Library/Frameworks/OpenGL.framework/Versions/A/Libraries/libGLProgrammability.dylib
0x000000012a932000 	/System/Library/Extensions/AppleIntelHD5000GraphicsGLDriver.bundle/Contents/MacOS/AppleIntelHD5000GraphicsGLDriver
0x0000000002bbf000 	/System/Library/PrivateFrameworks/GPUSupport.framework/Versions/A/Libraries/libGPUSupportMercury.dylib
0x0000000002bbf000 	/System/Library/Frameworks/OpenGL.framework/Versions/A/Resources/GLRendererFloat.bundle/GLRendererFloat
0x000000012b932000 	/Library/Java/JavaVirtualMachines/jdk1.8.0_60.jdk/Contents/Home/jre/lib/libfontmanager.dylib
0x000000012cd8c000 	/Library/Java/JavaVirtualMachines/jdk1.8.0_60.jdk/Contents/Home/jre/lib/libosxui.dylib
0x000000012db85000 	/Library/Java/JavaVirtualMachines/jdk1.8.0_60.jdk/Contents/Home/jre/lib/libnet.dylib
0x000000012d999000 	/Library/Java/JavaVirtualMachines/jdk1.8.0_60.jdk/Contents/Home/jre/lib/libnio.dylib
0x0000000002bbf000 	/System/Library/Frameworks/ApplicationServices.framework/Versions/A/Frameworks/ATS.framework/Versions/A/Resources/libTrueTypeScaler.dylib
0x000000017dca8000 	/System/Library/Extensions/AppleIntelHD5000GraphicsMTLDriver.bundle/Contents/MacOS/AppleIntelHD5000GraphicsMTLDriver
0x0000000128ea8000 	/private/var/folders/99/1pg_nk0n3t9874fc2q3jwvxm0000gn/T/jogamp_0000/file_cache/jln4707649494618122653/jln1252800884766369645/libgluegen-rt.jnilib
0x0000000128ead000 	/private/var/folders/99/1pg_nk0n3t9874fc2q3jwvxm0000gn/T/jogamp_0000/file_cache/jln4707649494618122653/jln1252800884766369645/libnativewindow_awt.jnilib
0x0000000128eb0000 	/Library/Java/JavaVirtualMachines/jdk1.8.0_60.jdk/Contents/Home/jre/lib/libjawt.dylib
0x0000000128eb3000 	/private/var/folders/99/1pg_nk0n3t9874fc2q3jwvxm0000gn/T/jogamp_0000/file_cache/jln4707649494618122653/jln1252800884766369645/libnativewindow_macosx.jnilib
0x000000017f4dd000 	/private/var/folders/99/1pg_nk0n3t9874fc2q3jwvxm0000gn/T/jogamp_0000/file_cache/jln4707649494618122653/jln1252800884766369645/libjogl_desktop.jnilib
0x0000000184520000 	/Library/Java/JavaVirtualMachines/jdk1.8.0_60.jdk/Contents/Home/jre/lib/libjpeg.dylib

VM Arguments:
jvm_args: -Djava.security.policy=java.policy.applet -Dfile.encoding=UTF-8 
java_command: sun.applet.AppletViewer module1.HelloWorld1444996942405.html
java_class_path (initial): /Users/PAN/Documents/Eclipse/UCSDUnfoldingMaps/build:/Users/PAN/Documents/Eclipse/UCSDUnfoldingMaps/lib/core.jar:/Users/PAN/Documents/Eclipse/UCSDUnfoldingMaps/lib/gluegen-rt.jar:/Users/PAN/Documents/Eclipse/UCSDUnfoldingMaps/lib/jogl-all.jar:/Users/PAN/Documents/Eclipse/UCSDUnfoldingMaps/lib/log4j-1.2.15.jar:/Users/PAN/Documents/Eclipse/UCSDUnfoldingMaps/lib/sqlite-jdbc-3.7.2.jar:/Users/PAN/Documents/Eclipse/UCSDUnfoldingMaps/lib/json4processing.jar:/Users/PAN/Documents/Eclipse/UCSDUnfoldingMaps/lib/libTUIO.jar:/Users/PAN/Documents/Eclipse/UCSDUnfoldingMaps/lib/unfolding.0.9.7-uscd.jar
Launcher Type: SUN_STANDARD

Environment Variables:
PATH=/usr/bin:/bin:/usr/sbin:/sbin
SHELL=/bin/bash

Signal Handlers:
SIGSEGV: [libjvm.dylib+0x5a6d31], sa_mask[0]=11111111011111110111111111111111, sa_flags=SA_ONSTACK|SA_RESTART|SA_SIGINFO
SIGBUS: [libjvm.dylib+0x5a6d31], sa_mask[0]=11111111011111110111111111111111, sa_flags=SA_RESTART|SA_SIGINFO
SIGFPE: [libjvm.dylib+0x480a4c], sa_mask[0]=11111111011111110111111111111111, sa_flags=SA_RESTART|SA_SIGINFO
SIGPIPE: [libjvm.dylib+0x480a4c], sa_mask[0]=11111111011111110111111111111111, sa_flags=SA_RESTART|SA_SIGINFO
SIGXFSZ: [libjvm.dylib+0x480a4c], sa_mask[0]=11111111011111110111111111111111, sa_flags=SA_RESTART|SA_SIGINFO
SIGILL: [libjvm.dylib+0x480a4c], sa_mask[0]=11111111011111110111111111111111, sa_flags=SA_RESTART|SA_SIGINFO
SIGUSR1: SIG_DFL, sa_mask[0]=00000000000000000000000000000000, sa_flags=none
SIGUSR2: [libjvm.dylib+0x48056a], sa_mask[0]=00100000000000000000000000000000, sa_flags=SA_RESTART|SA_SIGINFO
SIGHUP: [libjvm.dylib+0x47eb41], sa_mask[0]=11111111011111110111111111111111, sa_flags=SA_RESTART|SA_SIGINFO
SIGINT: [libjvm.dylib+0x47eb41], sa_mask[0]=11111111011111110111111111111111, sa_flags=SA_RESTART|SA_SIGINFO
SIGTERM: [libjvm.dylib+0x47eb41], sa_mask[0]=11111111011111110111111111111111, sa_flags=SA_RESTART|SA_SIGINFO
SIGQUIT: [libjvm.dylib+0x47eb41], sa_mask[0]=11111111011111110111111111111111, sa_flags=SA_RESTART|SA_SIGINFO


---------------  S Y S T E M  ---------------

OS:Bsduname:Darwin 15.0.0 Darwin Kernel Version 15.0.0: Wed Aug 26 16:57:32 PDT 2015; root:xnu-3247.1.106~1/RELEASE_X86_64 x86_64
rlimit: STACK 8192k, CORE 0k, NPROC 709, NOFILE 10240, AS infinity
load average:2.20 2.10 1.94

CPU:total 4 (2 cores per cpu, 2 threads per core) family 6 model 69 stepping 1, cmov, cx8, fxsr, mmx, sse, sse2, sse3, ssse3, sse4.1, sse4.2, popcnt, avx, avx2, aes, clmul, erms, lzcnt, ht, tsc, tscinvbit, bmi1, bmi2

Memory: 4k page, physical 8388608k(1391484k free)

/proc/meminfo:


vm_info: Java HotSpot(TM) 64-Bit Server VM (25.60-b23) for bsd-amd64 JRE (1.8.0_60-b27), built on Aug  4 2015 10:47:24 by "java_re" with gcc 4.2.1 (Based on Apple Inc. build 5658) (LLVM build 2336.11.00)

time: Fri Oct 16 07:02:30 2015
elapsed time: 8 seconds (0d 0h 0m 8s)

