#
# A fatal error has been detected by the Java Runtime Environment:
#
#  SIGSEGV (0xb) at pc=0x00007fff92e7ed5d, pid=580, tid=2571
#
# JRE version: Java(TM) SE Runtime Environment (8.0_60-b27) (build 1.8.0_60-b27)
# Java VM: Java HotSpot(TM) 64-Bit Server VM (25.60-b23 mixed mode bsd-amd64 compressed oops)
# Problematic frame:
# C  [libobjc.A.dylib+0x6d5d]  objc_msgSend+0x1d
#
# Failed to write core dump. Core dumps have been disabled. To enable core dumping, try "ulimit -c unlimited" before starting Java again
#
# If you would like to submit a bug report, please visit:
#   http://bugreport.java.com/bugreport/crash.jsp
# The crash happened outside the Java Virtual Machine in native code.
# See problematic frame for where to report the bug.
#

---------------  T H R E A D  ---------------

Current thread (0x00007f935a0de000):  JavaThread "AWT-AppKit" daemon [_thread_in_native, id=2571, stack(0x00007fff579fd000,0x00007fff581fd000)]

siginfo: si_signo: 11 (SIGSEGV), si_code: 1 (SEGV_MAPERR), si_addr: 0x0000000000000018

Registers:
RAX=0x00007f935c8cbd90, RBX=0x0000000121626450, RCX=0x000000012164e9a0, RDX=0x000000012164e2e0
RSP=0x00007fff581f83d8, RBP=0x00007fff581f8490, RSI=0x00007fff94413d06, RDI=0x00007f935c96fa90
R8 =0x0000000000000000, R9 =0x0000000000000810, R10=0x00007fff94413d06, R11=0x0000000000000000
R12=0x0000000000000000, R13=0x0000000177cf6608, R14=0x0000000121626440, R15=0x00007f935a0de000
RIP=0x00007fff92e7ed5d, EFLAGS=0x0000000000010246, ERR=0x0000000000000004
  TRAPNO=0x000000000000000e

Top of Stack: (sp=0x00007fff581f83d8)
0x00007fff581f83d8:   0000000121624157 00007fff581f8430
0x00007fff581f83e8:   0000000000000003 00007fff581f8410
0x00007fff581f83f8:   00000001087f1992 0000000177cf6608
0x00007fff581f8408:   0000000177cf6608 00007f935c8cbd90
0x00007fff581f8418:   00000001216266a0 0000000121626710
0x00007fff581f8428:   00007fff75321740 00007fff7515f4b0
0x00007fff581f8438:   0000000121626450 0000000121626690
0x00007fff581f8448:   00007f935c8cbd90 00007f935c96fa90
0x00007fff581f8458:   00007f9358755390 00007f935c8cbd90
0x00007fff581f8468:   00007f935c96fa90 00007fff581f8518
0x00007fff581f8478:   00007f935a0de1f8 0000000177cf6608
0x00007fff581f8488:   00007fff581f8540 00007fff581f8508
0x00007fff581f8498:   000000010959e954 0000000177cf6608
0x00007fff581f84a8:   00007fff581f8540 00007fff581f8508
0x00007fff581f84b8:   000000010959e6e7 000000010959e6a2
0x00007fff581f84c8:   00007fff581f84c8 0000000177cf6608
0x00007fff581f84d8:   00007fff581f8540 0000000177cf9240
0x00007fff581f84e8:   0000000000000000 0000000177cf6608
0x00007fff581f84f8:   0000000000000000 00007fff581f8528
0x00007fff581f8508:   00007fff581f8588 0000000109590c4d
0x00007fff581f8518:   00000007406e2030 0000000109598578
0x00007fff581f8528:   00007f935c8cbd90 00007fff581f8588
0x00007fff581f8538:   00007f935c96fa90 0000000109599d82
0x00007fff581f8548:   00007fff581f8548 0000000177cf67d2
0x00007fff581f8558:   00007fff581f85b0 0000000177cf9240
0x00007fff581f8568:   0000000000000000 0000000177cf67e0
0x00007fff581f8578:   00007fff581f8528 00007fff581f8598
0x00007fff581f8588:   00007fff581f85f8 0000000109590c4d
0x00007fff581f8598:   00007f935c8cbd90 00000007417b0868
0x00007fff581f85a8:   00007f935c96fa90 00000007417b0868
0x00007fff581f85b8:   00007fff581f85b8 000000017c2d797e
0x00007fff581f85c8:   00007fff581f8608 000000017c2d7a38 

Instructions: (pc=0x00007fff92e7ed5d)
0x00007fff92e7ed3d:   44 00 00 48 85 ff 2e 74 62 40 f6 c7 01 2e 75 66
0x00007fff92e7ed4d:   49 bb f8 ff ff ff ff 7f 00 00 4c 23 1f 49 89 f2
0x00007fff92e7ed5d:   45 23 53 18 49 c1 e2 04 4d 03 53 10 49 3b 32 75
0x00007fff92e7ed6d:   04 41 ff 62 08 49 83 3a 01 76 0d 49 83 c2 10 49 

Register to memory mapping:

RAX=0x00007f935c8cbd90 is an unknown value
RBX=0x0000000121626450: Java_jogamp_nativewindow_macosx_OSXUtil_GetScreenRefreshRate0+0x1cf0 in /private/var/folders/99/1pg_nk0n3t9874fc2q3jwvxm0000gn/T/jogamp_0000/file_cache/jln1777031922501525039/jln7539625531762437812/libnativewindow_macosx.jnilib at 0x000000012161f000
RCX=0x000000012164e9a0 is an unknown value
RDX=0x000000012164e2e0 is an unknown value
RSP=0x00007fff581f83d8 is pointing into the stack for thread: 0x00007f935a0de000
RBP=0x00007fff581f8490 is pointing into the stack for thread: 0x00007f935a0de000
RSI=0x00007fff94413d06 is an unknown value
RDI=0x00007f935c96fa90 is an unknown value
R8 =0x0000000000000000 is an unknown value
R9 =0x0000000000000810 is an unknown value
R10=0x00007fff94413d06 is an unknown value
R11=0x0000000000000000 is an unknown value
R12=0x0000000000000000 is an unknown value
R13={method} {0x0000000177cf6608} 'UnsetJAWTRootSurfaceLayer0' '(JJ)V' in 'jogamp/nativewindow/jawt/macosx/MacOSXJAWTWindow'
R14=0x0000000121626440: Java_jogamp_nativewindow_macosx_OSXUtil_GetScreenRefreshRate0+0x1ce0 in /private/var/folders/99/1pg_nk0n3t9874fc2q3jwvxm0000gn/T/jogamp_0000/file_cache/jln1777031922501525039/jln7539625531762437812/libnativewindow_macosx.jnilib at 0x000000012161f000
R15=0x00007f935a0de000 is a thread


Stack: [0x00007fff579fd000,0x00007fff581fd000],  sp=0x00007fff581f83d8,  free space=8172k
Native frames: (J=compiled Java code, j=interpreted, Vv=VM code, C=native code)
C  [libobjc.A.dylib+0x6d5d]  objc_msgSend+0x1d
j  jogamp.nativewindow.jawt.macosx.MacOSXJAWTWindow.UnsetJAWTRootSurfaceLayer0(JJ)V+0
j  jogamp.nativewindow.jawt.macosx.MacOSXJAWTWindow.access$200(JJ)V+2
j  jogamp.nativewindow.jawt.macosx.MacOSXJAWTWindow$1.run()V+38
J 1770 C1 com.jogamp.common.util.RunnableTask.run()V (345 bytes) @ 0x0000000109b409d4 [0x0000000109b40840+0x194]
v  ~StubRoutines::call_stub
V  [libjvm.dylib+0x2eab0e]
V  [libjvm.dylib+0x321bb7]
V  [libjvm.dylib+0x31438b]
C  [libnativewindow_macosx.jnilib+0x5326]  Java_jogamp_nativewindow_jawt_macosx_MacOSXJAWTWindow_UnsetJAWTRootSurfaceLayer0+0x2b6
C  [Foundation+0x7754e]  __NSThreadPerformPerform+0x117
C  [CoreFoundation+0xaa621]  __CFRUNLOOP_IS_CALLING_OUT_TO_A_SOURCE0_PERFORM_FUNCTION__+0x11
C  [CoreFoundation+0x89d97]  __CFRunLoopDoSources0+0x1a7
C  [CoreFoundation+0x8933f]  __CFRunLoopRun+0x39f
C  [CoreFoundation+0x88d38]  CFRunLoopRunSpecific+0x128
C  [HIToolbox+0x30d55]  RunCurrentEventLoopInMode+0xeb
C  [HIToolbox+0x30a97]  ReceiveNextEventCommon+0xb8
C  [HIToolbox+0x309cf]  _BlockUntilNextEventMatchingListInModeWithFilter+0x47
C  [AppKit+0x49f3a]  _DPSNextEvent+0x42b
C  [AppKit+0x49369]  -[NSApplication _nextEventMatchingEventMask:untilDate:inMode:dequeue:]+0x1c6
C  [libosxapp.dylib+0x23aa]  -[NSApplicationAWT nextEventMatchingMask:untilDate:inMode:dequeue:]+0x7c
C  [AppKit+0x3decc]  -[NSApplication run]+0x2aa
C  [libosxapp.dylib+0x214d]  +[NSApplicationAWT runAWTLoopWithApp:]+0x9c
C  [libawt_lwawt.dylib+0x44517]  -[AWTStarter starter:]+0x389
C  [Foundation+0x7754e]  __NSThreadPerformPerform+0x117
C  [CoreFoundation+0xaa621]  __CFRUNLOOP_IS_CALLING_OUT_TO_A_SOURCE0_PERFORM_FUNCTION__+0x11
C  [CoreFoundation+0x89e1c]  __CFRunLoopDoSources0+0x22c
C  [CoreFoundation+0x8933f]  __CFRunLoopRun+0x39f
C  [CoreFoundation+0x88d38]  CFRunLoopRunSpecific+0x128
C  [java+0x6463]  CreateExecutionEnvironment+0x367
C  [java+0x21ac]  JLI_Launch+0x7a0
C  [java+0x84c0]  main+0x65
C  [java+0x1a04]  start+0x34
C  0x0000000000000007

Java frames: (J=compiled Java code, j=interpreted, Vv=VM code)
j  jogamp.nativewindow.jawt.macosx.MacOSXJAWTWindow.UnsetJAWTRootSurfaceLayer0(JJ)V+0
j  jogamp.nativewindow.jawt.macosx.MacOSXJAWTWindow.access$200(JJ)V+2
j  jogamp.nativewindow.jawt.macosx.MacOSXJAWTWindow$1.run()V+38
J 1770 C1 com.jogamp.common.util.RunnableTask.run()V (345 bytes) @ 0x0000000109b409d4 [0x0000000109b40840+0x194]
v  ~StubRoutines::call_stub

---------------  P R O C E S S  ---------------

Java Threads: ( => current thread )
  0x00007f93591c1000 JavaThread "Thread-108" [_thread_blocked, id=67155, stack(0x00007000010cd000,0x00007000011cd000)]
  0x00007f935a001800 JavaThread "AWT-EventQueue-1" [_thread_in_native, id=59687, stack(0x00007000018eb000,0x00007000019eb000)]
  0x00007f93588d7000 JavaThread "DestroyJavaVM" [_thread_blocked, id=5891, stack(0x000070000011a000,0x000070000021a000)]
  0x00007f9359a15000 JavaThread "AWT-EventQueue-0" [_thread_blocked, id=57095, stack(0x00007000016e5000,0x00007000017e5000)]
  0x00007f935a117000 JavaThread "Java2D Disposer" daemon [_thread_blocked, id=53251, stack(0x000070000145c000,0x000070000155c000)]
  0x00007f93599fc800 JavaThread "Java2D Queue Flusher" daemon [_thread_blocked, id=50183, stack(0x0000700001359000,0x0000700001459000)]
  0x00007f935888d000 JavaThread "AWT-Shutdown" [_thread_blocked, id=29715, stack(0x00007000011d3000,0x00007000012d3000)]
=>0x00007f935a0de000 JavaThread "AWT-AppKit" daemon [_thread_in_native, id=2571, stack(0x00007fff579fd000,0x00007fff581fd000)]
  0x00007f935983f000 JavaThread "Service Thread" daemon [_thread_blocked, id=18691, stack(0x0000700000e44000,0x0000700000f44000)]
  0x00007f9358816800 JavaThread "C1 CompilerThread2" daemon [_thread_blocked, id=18179, stack(0x0000700000d41000,0x0000700000e41000)]
  0x00007f9359019000 JavaThread "C2 CompilerThread1" daemon [_thread_blocked, id=17667, stack(0x0000700000c3e000,0x0000700000d3e000)]
  0x00007f9359008000 JavaThread "C2 CompilerThread0" daemon [_thread_blocked, id=17155, stack(0x0000700000b3b000,0x0000700000c3b000)]
  0x00007f9358815800 JavaThread "Signal Dispatcher" daemon [_thread_blocked, id=16659, stack(0x0000700000a38000,0x0000700000b38000)]
  0x00007f935a01c800 JavaThread "Finalizer" daemon [_thread_blocked, id=12291, stack(0x000070000082f000,0x000070000092f000)]
  0x00007f935880c800 JavaThread "Reference Handler" daemon [_thread_blocked, id=11779, stack(0x000070000072c000,0x000070000082c000)]

Other Threads:
  0x00007f935900f000 VMThread [stack: 0x0000700000629000,0x0000700000729000] [id=11267]
  0x00007f9359852000 WatcherThread [stack: 0x0000700000f47000,0x0000700001047000] [id=19203]

VM state:not at safepoint (normal execution)

VM Mutex/Monitor currently owned by a thread: None

Heap:
 PSYoungGen      total 45568K, used 21173K [0x0000000795580000, 0x0000000799480000, 0x00000007c0000000)
  eden space 27648K, 76% used [0x0000000795580000,0x0000000796a0d7b0,0x0000000797080000)
  from space 17920K, 0% used [0x0000000798280000,0x00000007982a0000,0x0000000799400000)
  to   space 18432K, 0% used [0x0000000797080000,0x0000000797080000,0x0000000798280000)
 ParOldGen       total 87552K, used 39557K [0x0000000740000000, 0x0000000745580000, 0x0000000795580000)
  object space 87552K, 45% used [0x0000000740000000,0x00000007426a14d8,0x0000000745580000)
 Metaspace       used 19506K, capacity 19675K, committed 19968K, reserved 1067008K
  class space    used 1883K, capacity 1950K, committed 2048K, reserved 1048576K

Card table byte_map: [0x0000000118949000,0x0000000118d4a000] byte_map_base: 0x0000000114f49000

Marking Bits: (ParMarkBitMap*) 0x0000000108edee20
 Begin Bits: [0x0000000118ff5000, 0x000000011aff5000)
 End Bits:   [0x000000011aff5000, 0x000000011cff5000)

Polling page: 0x0000000107cc6000

CodeCache: size=245760Kb used=8137Kb max_used=8137Kb free=237622Kb
 bounds [0x0000000109589000, 0x0000000109d99000, 0x0000000118589000]
 total_blobs=3143 nmethods=2265 adapters=791
 compilation: enabled

Compilation events (10 events):
Event: 66.119 Thread 0x00007f9359019000 2469       4       java.util.ArrayList$Itr::next (66 bytes)
Event: 66.121 Thread 0x00007f9359019000 nmethod 2469 0x00000001099567d0 code [0x0000000109956920, 0x0000000109956a58]
Event: 66.601 Thread 0x00007f9358816800 2470   !   3       java.awt.EventQueue::isDispatchThreadImpl (99 bytes)
Event: 66.602 Thread 0x00007f9358816800 nmethod 2470 0x00000001096fb190 code [0x00000001096fb3a0, 0x00000001096fbee8]
Event: 66.901 Thread 0x00007f9358816800 2471       3       processing.core.PApplet::mouseMoved (6 bytes)
Event: 66.901 Thread 0x00007f9358816800 nmethod 2471 0x00000001099563d0 code [0x0000000109956540, 0x0000000109956748]
Event: 67.567 Thread 0x00007f9358816800 2472       3       sun.misc.JarIndex::get (49 bytes)
Event: 67.568 Thread 0x00007f9358816800 nmethod 2472 0x00000001097942d0 code [0x00000001097944a0, 0x0000000109794d18]
Event: 67.571 Thread 0x00007f9358816800 2473       3       java.util.HashMap::putVal (300 bytes)
Event: 67.573 Thread 0x00007f9358816800 nmethod 2473 0x00000001096fd1d0 code [0x00000001096fd440, 0x00000001096fe6f8]

GC Heap History (10 events):
Event: 17.432 GC heap before
{Heap before GC invocations=8 (full 0):
 PSYoungGen      total 45568K, used 44256K [0x0000000795580000, 0x0000000799080000, 0x00000007c0000000)
  eden space 31744K, 100% used [0x0000000795580000,0x0000000797480000,0x0000000797480000)
  from space 13824K, 90% used [0x0000000797500000,0x0000000798138300,0x0000000798280000)
  to   space 14336K, 0% used [0x0000000798280000,0x0000000798280000,0x0000000799080000)
 ParOldGen       total 87552K, used 24764K [0x0000000740000000, 0x0000000745580000, 0x0000000795580000)
  object space 87552K, 28% used [0x0000000740000000,0x000000074182f148,0x0000000745580000)
 Metaspace       used 19324K, capacity 19547K, committed 19712K, reserved 1067008K
  class space    used 1874K, capacity 1950K, committed 2048K, reserved 1048576K
Event: 17.438 GC heap after
Heap after GC invocations=8 (full 0):
 PSYoungGen      total 44544K, used 14240K [0x0000000795580000, 0x0000000799300000, 0x00000007c0000000)
  eden space 30208K, 0% used [0x0000000795580000,0x0000000795580000,0x0000000797300000)
  from space 14336K, 99% used [0x0000000798280000,0x0000000799068370,0x0000000799080000)
  to   space 15872K, 0% used [0x0000000797300000,0x0000000797300000,0x0000000798280000)
 ParOldGen       total 87552K, used 25308K [0x0000000740000000, 0x0000000745580000, 0x0000000795580000)
  object space 87552K, 28% used [0x0000000740000000,0x00000007418b7168,0x0000000745580000)
 Metaspace       used 19324K, capacity 19547K, committed 19712K, reserved 1067008K
  class space    used 1874K, capacity 1950K, committed 2048K, reserved 1048576K
}
Event: 27.532 GC heap before
{Heap before GC invocations=9 (full 0):
 PSYoungGen      total 44544K, used 44448K [0x0000000795580000, 0x0000000799300000, 0x00000007c0000000)
  eden space 30208K, 100% used [0x0000000795580000,0x0000000797300000,0x0000000797300000)
  from space 14336K, 99% used [0x0000000798280000,0x0000000799068370,0x0000000799080000)
  to   space 15872K, 0% used [0x0000000797300000,0x0000000797300000,0x0000000798280000)
 ParOldGen       total 87552K, used 25308K [0x0000000740000000, 0x0000000745580000, 0x0000000795580000)
  object space 87552K, 28% used [0x0000000740000000,0x00000007418b7168,0x0000000745580000)
 Metaspace       used 19470K, capacity 19675K, committed 19968K, reserved 1067008K
  class space    used 1874K, capacity 1950K, committed 2048K, reserved 1048576K
Event: 27.538 GC heap after
Heap after GC invocations=9 (full 0):
 PSYoungGen      total 37888K, used 8096K [0x0000000795580000, 0x0000000799180000, 0x00000007c0000000)
  eden space 29696K, 0% used [0x0000000795580000,0x0000000795580000,0x0000000797280000)
  from space 8192K, 98% used [0x0000000797300000,0x0000000797ae81f0,0x0000000797b00000)
  to   space 15872K, 0% used [0x0000000798200000,0x0000000798200000,0x0000000799180000)
 ParOldGen       total 87552K, used 31484K [0x0000000740000000, 0x0000000745580000, 0x0000000795580000)
  object space 87552K, 35% used [0x0000000740000000,0x0000000741ebf2e8,0x0000000745580000)
 Metaspace       used 19470K, capacity 19675K, committed 19968K, reserved 1067008K
  class space    used 1874K, capacity 1950K, committed 2048K, reserved 1048576K
}
Event: 38.633 GC heap before
{Heap before GC invocations=10 (full 0):
 PSYoungGen      total 37888K, used 37792K [0x0000000795580000, 0x0000000799180000, 0x00000007c0000000)
  eden space 29696K, 100% used [0x0000000795580000,0x0000000797280000,0x0000000797280000)
  from space 8192K, 98% used [0x0000000797300000,0x0000000797ae81f0,0x0000000797b00000)
  to   space 15872K, 0% used [0x0000000798200000,0x0000000798200000,0x0000000799180000)
 ParOldGen       total 87552K, used 31484K [0x0000000740000000, 0x0000000745580000, 0x0000000795580000)
  object space 87552K, 35% used [0x0000000740000000,0x0000000741ebf2e8,0x0000000745580000)
 Metaspace       used 19470K, capacity 19675K, committed 19968K, reserved 1067008K
  class space    used 1874K, capacity 1950K, committed 2048K, reserved 1048576K
Event: 38.639 GC heap after
Heap after GC invocations=10 (full 0):
 PSYoungGen      total 44544K, used 128K [0x0000000795580000, 0x0000000799300000, 0x00000007c0000000)
  eden space 28672K, 0% used [0x0000000795580000,0x0000000795580000,0x0000000797180000)
  from space 15872K, 0% used [0x0000000798200000,0x0000000798220000,0x0000000799180000)
  to   space 16896K, 0% used [0x0000000797180000,0x0000000797180000,0x0000000798200000)
 ParOldGen       total 87552K, used 39477K [0x0000000740000000, 0x0000000745580000, 0x0000000795580000)
  object space 87552K, 45% used [0x0000000740000000,0x000000074268d4d8,0x0000000745580000)
 Metaspace       used 19470K, capacity 19675K, committed 19968K, reserved 1067008K
  class space    used 1874K, capacity 1950K, committed 2048K, reserved 1048576K
}
Event: 49.401 GC heap before
{Heap before GC invocations=11 (full 0):
 PSYoungGen      total 44544K, used 28800K [0x0000000795580000, 0x0000000799300000, 0x00000007c0000000)
  eden space 28672K, 100% used [0x0000000795580000,0x0000000797180000,0x0000000797180000)
  from space 15872K, 0% used [0x0000000798200000,0x0000000798220000,0x0000000799180000)
  to   space 16896K, 0% used [0x0000000797180000,0x0000000797180000,0x0000000798200000)
 ParOldGen       total 87552K, used 39477K [0x0000000740000000, 0x0000000745580000, 0x0000000795580000)
  object space 87552K, 45% used [0x0000000740000000,0x000000074268d4d8,0x0000000745580000)
 Metaspace       used 19470K, capacity 19675K, committed 19968K, reserved 1067008K
  class space    used 1874K, capacity 1950K, committed 2048K, reserved 1048576K
Event: 49.403 GC heap after
Heap after GC invocations=11 (full 0):
 PSYoungGen      total 45056K, used 96K [0x0000000795580000, 0x0000000799400000, 0x00000007c0000000)
  eden space 28160K, 0% used [0x0000000795580000,0x0000000795580000,0x0000000797100000)
  from space 16896K, 0% used [0x0000000797180000,0x0000000797198000,0x0000000798200000)
  to   space 17920K, 0% used [0x0000000798280000,0x0000000798280000,0x0000000799400000)
 ParOldGen       total 87552K, used 39541K [0x0000000740000000, 0x0000000745580000, 0x0000000795580000)
  object space 87552K, 45% used [0x0000000740000000,0x000000074269d4d8,0x0000000745580000)
 Metaspace       used 19470K, capacity 19675K, committed 19968K, reserved 1067008K
  class space    used 1874K, capacity 1950K, committed 2048K, reserved 1048576K
}
Event: 59.985 GC heap before
{Heap before GC invocations=12 (full 0):
 PSYoungGen      total 45056K, used 28256K [0x0000000795580000, 0x0000000799400000, 0x00000007c0000000)
  eden space 28160K, 100% used [0x0000000795580000,0x0000000797100000,0x0000000797100000)
  from space 16896K, 0% used [0x0000000797180000,0x0000000797198000,0x0000000798200000)
  to   space 17920K, 0% used [0x0000000798280000,0x0000000798280000,0x0000000799400000)
 ParOldGen       total 87552K, used 39541K [0x0000000740000000, 0x0000000745580000, 0x0000000795580000)
  object space 87552K, 45% used [0x0000000740000000,0x000000074269d4d8,0x0000000745580000)
 Metaspace       used 19470K, capacity 19675K, committed 19968K, reserved 1067008K
  class space    used 1875K, capacity 1950K, committed 2048K, reserved 1048576K
Event: 59.987 GC heap after
Heap after GC invocations=12 (full 0):
 PSYoungGen      total 45568K, used 128K [0x0000000795580000, 0x0000000799480000, 0x00000007c0000000)
  eden space 27648K, 0% used [0x0000000795580000,0x0000000795580000,0x0000000797080000)
  from space 17920K, 0% used [0x0000000798280000,0x00000007982a0000,0x0000000799400000)
  to   space 18432K, 0% used [0x0000000797080000,0x0000000797080000,0x0000000798280000)
 ParOldGen       total 87552K, used 39557K [0x0000000740000000, 0x0000000745580000, 0x0000000795580000)
  object space 87552K, 45% used [0x0000000740000000,0x00000007426a14d8,0x0000000745580000)
 Metaspace       used 19470K, capacity 19675K, committed 19968K, reserved 1067008K
  class space    used 1875K, capacity 1950K, committed 2048K, reserved 1048576K
}

Deoptimization events (10 events):
Event: 65.889 Thread 0x00007f935a001800 Uncommon trap: reason=unstable_if action=reinterpret pc=0x0000000109a20f04 method=java.util.LinkedList$ListItr.<init>(Ljava/util/LinkedList;I)V @ 26
Event: 67.519 Thread 0x00007f9359a15000 Uncommon trap: reason=unstable_if action=reinterpret pc=0x0000000109d5c0e0 method=java.awt.EventQueue.getPriority(Ljava/awt/AWTEvent;)I @ 71
Event: 67.519 Thread 0x00007f935a001800 Uncommon trap: reason=unstable_if action=reinterpret pc=0x0000000109793e28 method=com.jogamp.common.util.VersionNumber.compareTo(Lcom/jogamp/common/util/VersionNumber;)I @ 21
Event: 67.519 Thread 0x00007f9359a15000 Uncommon trap: reason=unstable_if action=reinterpret pc=0x0000000109958184 method=sun.lwawt.LWContainerPeer.cutChildren(Lsun/java2d/pipe/Region;Lsun/lwawt/LWComponentPeer;)Lsun/java2d/pipe/Region; @ 67
Event: 67.519 Thread 0x00007f9359a15000 Uncommon trap: reason=unstable_if action=reinterpret pc=0x0000000109b39dec method=sun.java2d.SunGraphics2D.validateCompClip()V @ 9
Event: 67.520 Thread 0x00007f935a001800 Uncommon trap: reason=unstable_if action=reinterpret pc=0x00000001099a2f3c method=java.awt.EventQueue.uncacheEQItem(Lsun/awt/EventQueueItem;)V @ 23
Event: 67.521 Thread 0x00007f9359a15000 Uncommon trap: reason=unstable_if action=reinterpret pc=0x0000000109d78140 method=sun.java2d.pipe.Region.intersectsQuickCheck(Lsun/java2d/pipe/Region;)Z @ 41
Event: 67.550 Thread 0x00007f93588d4800 Uncommon trap: reason=unstable_if action=reinterpret pc=0x000000010997e260 method=java.util.HashMap.putVal(ILjava/lang/Object;Ljava/lang/Object;ZZ)Ljava/lang/Object; @ 81
Event: 67.550 Thread 0x00007f93588d4800 Uncommon trap: reason=unstable_if action=reinterpret pc=0x00000001099677b0 method=java.util.HashMap.putVal(ILjava/lang/Object;Ljava/lang/Object;ZZ)Ljava/lang/Object; @ 81
Event: 67.568 Thread 0x00007f935a001800 Uncommon trap: reason=unstable_if action=reinterpret pc=0x000000010999d1d8 method=java.util.LinkedList$ListItr.<init>(Ljava/util/LinkedList;I)V @ 26

Internal exceptions (10 events):
Event: 0.255 Thread 0x00007f935a001800 Exception <a 'java/lang/NoSuchFieldError': method resolution failed> (0x0000000795837cf0) thrown at [/Users/java_re/workspace/8-2-build-macosx-x86_64/jdk8u60/4407/hotspot/src/share/vm/prims/methodHandles.cpp, line 1146]
Event: 0.617 Thread 0x00007f935a001800 Exception <a 'java/io/FileNotFoundException'> (0x00000007958b39c8) thrown at [/Users/java_re/workspace/8-2-build-macosx-x86_64/jdk8u60/4407/hotspot/src/share/vm/prims/jni.cpp, line 709]
Event: 0.617 Thread 0x00007f935a001800 Exception <a 'java/io/FileNotFoundException'> (0x00000007958b44f8) thrown at [/Users/java_re/workspace/8-2-build-macosx-x86_64/jdk8u60/4407/hotspot/src/share/vm/prims/jni.cpp, line 709]
Event: 0.683 Thread 0x00007f935a001800 Exception <a 'java/io/FileNotFoundException'> (0x0000000795a109a8) thrown at [/Users/java_re/workspace/8-2-build-macosx-x86_64/jdk8u60/4407/hotspot/src/share/vm/prims/jni.cpp, line 709]
Event: 0.810 Thread 0x00007f935a001800 Exception <a 'java/io/FileNotFoundException'> (0x0000000795a4c8e0) thrown at [/Users/java_re/workspace/8-2-build-macosx-x86_64/jdk8u60/4407/hotspot/src/share/vm/prims/jni.cpp, line 709]
Event: 3.304 Thread 0x00007f935890b800 Exception <a 'java/lang/UnsatisfiedLinkError': com.jogamp.common.util.JarUtil.fixNativeLibAttribs(Ljava/lang/String;)Z> (0x0000000796baea00) thrown at [/Users/java_re/workspace/8-2-build-macosx-x86_64/jdk8u60/4407/hotspot/src/share/vm/prims/nativeLookup.c
Event: 3.644 Thread 0x00007f935a01c800 Exception <a 'java/lang/NullPointerException'> (0x00000007956a2ec8) thrown at [/Users/java_re/workspace/8-2-build-macosx-x86_64/jdk8u60/4407/hotspot/src/share/vm/interpreter/linkResolver.cpp, line 1178]
Event: 4.410 Thread 0x00007f935a001800 Exception <a 'java/io/FileNotFoundException'> (0x0000000795f5da90) thrown at [/Users/java_re/workspace/8-2-build-macosx-x86_64/jdk8u60/4407/hotspot/src/share/vm/prims/jni.cpp, line 709]
Event: 4.410 Thread 0x00007f935a001800 Exception <a 'java/io/FileNotFoundException'> (0x0000000795f63a50) thrown at [/Users/java_re/workspace/8-2-build-macosx-x86_64/jdk8u60/4407/hotspot/src/share/vm/prims/jni.cpp, line 709]
Event: 4.410 Thread 0x00007f935a001800 Implicit null exception at 0x000000010973d835 to 0x000000010973db99

Events (10 events):
Event: 67.569 loading class java/awt/LightweightDispatcher$2 done
Event: 67.569 loading class java/awt/event/AWTEventListenerProxy
Event: 67.569 loading class java/awt/event/AWTEventListenerProxy done
Event: 67.569 Executing VM operation: Deoptimize
Event: 67.569 Executing VM operation: Deoptimize done
Event: 67.569 loading class java/awt/Toolkit$ToolkitEventMulticaster
Event: 67.569 loading class java/awt/Toolkit$ToolkitEventMulticaster done
Event: 67.570 Thread 0x00007f93588d4800 Thread exited: 0x00007f93588d4800
Event: 67.570 loading class java/awt/Window$1DisposeAction
Event: 67.571 loading class java/awt/Window$1DisposeAction done


Dynamic libraries:
0x0000000002bbf000 	/System/Library/Frameworks/Cocoa.framework/Versions/A/Cocoa
0x0000000002bbf000 	/System/Library/Frameworks/Security.framework/Versions/A/Security
0x0000000002bbf000 	/System/Library/Frameworks/ApplicationServices.framework/Versions/A/ApplicationServices
0x0000000002bbf000 	/usr/lib/libz.1.dylib
0x0000000002bbf000 	/usr/lib/libSystem.B.dylib
0x0000000002bbf000 	/usr/lib/libobjc.A.dylib
0x0000000002bbf000 	/System/Library/Frameworks/CoreFoundation.framework/Versions/A/CoreFoundation
0x0000000002bbf000 	/System/Library/Frameworks/Foundation.framework/Versions/C/Foundation
0x0000000002bbf000 	/System/Library/Frameworks/AppKit.framework/Versions/C/AppKit
0x0000000002bbf000 	/System/Library/Frameworks/CoreData.framework/Versions/A/CoreData
0x0000000002bbf000 	/System/Library/PrivateFrameworks/RemoteViewServices.framework/Versions/A/RemoteViewServices
0x0000000002bbf000 	/System/Library/PrivateFrameworks/UIFoundation.framework/Versions/A/UIFoundation
0x0000000002bbf000 	/usr/lib/libScreenReader.dylib
0x0000000002bbf000 	/System/Library/Frameworks/Accelerate.framework/Versions/A/Accelerate
0x0000000002bbf000 	/System/Library/Frameworks/IOSurface.framework/Versions/A/IOSurface
0x0000000002bbf000 	/System/Library/Frameworks/AudioToolbox.framework/Versions/A/AudioToolbox
0x0000000002bbf000 	/System/Library/Frameworks/AudioUnit.framework/Versions/A/AudioUnit
0x0000000002bbf000 	/System/Library/PrivateFrameworks/DataDetectorsCore.framework/Versions/A/DataDetectorsCore
0x0000000002bbf000 	/System/Library/PrivateFrameworks/DesktopServicesPriv.framework/Versions/A/DesktopServicesPriv
0x0000000002bbf000 	/System/Library/Frameworks/Carbon.framework/Versions/A/Frameworks/HIToolbox.framework/Versions/A/HIToolbox
0x0000000002bbf000 	/System/Library/Frameworks/QuartzCore.framework/Versions/A/QuartzCore
0x0000000002bbf000 	/System/Library/Frameworks/Carbon.framework/Versions/A/Frameworks/SpeechRecognition.framework/Versions/A/SpeechRecognition
0x0000000002bbf000 	/usr/lib/libauto.dylib
0x0000000002bbf000 	/usr/lib/libicucore.A.dylib
0x0000000002bbf000 	/usr/lib/libxml2.2.dylib
0x0000000002bbf000 	/System/Library/PrivateFrameworks/CoreUI.framework/Versions/A/CoreUI
0x0000000002bbf000 	/System/Library/Frameworks/CoreAudio.framework/Versions/A/CoreAudio
0x0000000002bbf000 	/System/Library/Frameworks/DiskArbitration.framework/Versions/A/DiskArbitration
0x0000000002bbf000 	/usr/lib/liblangid.dylib
0x0000000002bbf000 	/System/Library/PrivateFrameworks/MultitouchSupport.framework/Versions/A/MultitouchSupport
0x0000000002bbf000 	/System/Library/Frameworks/IOKit.framework/Versions/A/IOKit
0x0000000002bbf000 	/usr/lib/libDiagnosticMessagesClient.dylib
0x0000000002bbf000 	/System/Library/Frameworks/CoreServices.framework/Versions/A/CoreServices
0x0000000002bbf000 	/System/Library/PrivateFrameworks/PerformanceAnalysis.framework/Versions/A/PerformanceAnalysis
0x0000000002bbf000 	/System/Library/PrivateFrameworks/GenerationalStorage.framework/Versions/A/GenerationalStorage
0x0000000002bbf000 	/System/Library/Frameworks/OpenGL.framework/Versions/A/OpenGL
0x0000000002bbf000 	/System/Library/PrivateFrameworks/Sharing.framework/Versions/A/Sharing
0x0000000002bbf000 	/System/Library/Frameworks/CoreGraphics.framework/Versions/A/CoreGraphics
0x0000000002bbf000 	/System/Library/Frameworks/CoreImage.framework/Versions/A/CoreImage
0x0000000002bbf000 	/System/Library/Frameworks/CoreText.framework/Versions/A/CoreText
0x0000000002bbf000 	/System/Library/Frameworks/ImageIO.framework/Versions/A/ImageIO
0x0000000002bbf000 	/System/Library/PrivateFrameworks/Backup.framework/Versions/A/Backup
0x0000000002bbf000 	/usr/lib/libextension.dylib
0x0000000002bbf000 	/usr/lib/libarchive.2.dylib
0x0000000002bbf000 	/System/Library/Frameworks/CFNetwork.framework/Versions/A/CFNetwork
0x0000000002bbf000 	/System/Library/Frameworks/SystemConfiguration.framework/Versions/A/SystemConfiguration
0x0000000002bbf000 	/usr/lib/libCRFSuite.dylib
0x0000000002bbf000 	/usr/lib/libc++.1.dylib
0x0000000002bbf000 	/usr/lib/libc++abi.dylib
0x0000000002bbf000 	/usr/lib/system/libcache.dylib
0x0000000002bbf000 	/usr/lib/system/libcommonCrypto.dylib
0x0000000002bbf000 	/usr/lib/system/libcompiler_rt.dylib
0x0000000002bbf000 	/usr/lib/system/libcopyfile.dylib
0x0000000002bbf000 	/usr/lib/system/libcorecrypto.dylib
0x0000000002bbf000 	/usr/lib/system/libdispatch.dylib
0x0000000002bbf000 	/usr/lib/system/libdyld.dylib
0x0000000002bbf000 	/usr/lib/system/libkeymgr.dylib
0x0000000002bbf000 	/usr/lib/system/liblaunch.dylib
0x0000000002bbf000 	/usr/lib/system/libmacho.dylib
0x0000000002bbf000 	/usr/lib/system/libquarantine.dylib
0x0000000002bbf000 	/usr/lib/system/libremovefile.dylib
0x0000000002bbf000 	/usr/lib/system/libsystem_asl.dylib
0x0000000002bbf000 	/usr/lib/system/libsystem_blocks.dylib
0x0000000002bbf000 	/usr/lib/system/libsystem_c.dylib
0x0000000002bbf000 	/usr/lib/system/libsystem_configuration.dylib
0x0000000002bbf000 	/usr/lib/system/libsystem_coreservices.dylib
0x0000000002bbf000 	/usr/lib/system/libsystem_coretls.dylib
0x0000000002bbf000 	/usr/lib/system/libsystem_dnssd.dylib
0x0000000002bbf000 	/usr/lib/system/libsystem_info.dylib
0x0000000002bbf000 	/usr/lib/system/libsystem_kernel.dylib
0x0000000002bbf000 	/usr/lib/system/libsystem_m.dylib
0x0000000002bbf000 	/usr/lib/system/libsystem_malloc.dylib
0x0000000002bbf000 	/usr/lib/system/libsystem_network.dylib
0x0000000002bbf000 	/usr/lib/system/libsystem_networkextension.dylib
0x0000000002bbf000 	/usr/lib/system/libsystem_notify.dylib
0x0000000002bbf000 	/usr/lib/system/libsystem_platform.dylib
0x0000000002bbf000 	/usr/lib/system/libsystem_pthread.dylib
0x0000000002bbf000 	/usr/lib/system/libsystem_sandbox.dylib
0x0000000002bbf000 	/usr/lib/system/libsystem_secinit.dylib
0x0000000002bbf000 	/usr/lib/system/libsystem_trace.dylib
0x0000000002bbf000 	/usr/lib/system/libunc.dylib
0x0000000002bbf000 	/usr/lib/system/libunwind.dylib
0x0000000002bbf000 	/usr/lib/system/libxpc.dylib
0x0000000002bbf000 	/usr/lib/libenergytrace.dylib
0x0000000002bbf000 	/usr/lib/libbsm.0.dylib
0x0000000002bbf000 	/usr/lib/system/libkxld.dylib
0x0000000002bbf000 	/usr/lib/libxar.1.dylib
0x0000000002bbf000 	/usr/lib/libsqlite3.dylib
0x0000000002bbf000 	/usr/lib/libpam.2.dylib
0x0000000002bbf000 	/usr/lib/libOpenScriptingUtil.dylib
0x0000000002bbf000 	/usr/lib/libbz2.1.0.dylib
0x0000000002bbf000 	/usr/lib/liblzma.5.dylib
0x0000000002bbf000 	/System/Library/Frameworks/CoreServices.framework/Versions/A/Frameworks/FSEvents.framework/Versions/A/FSEvents
0x0000000002bbf000 	/System/Library/Frameworks/CoreServices.framework/Versions/A/Frameworks/CarbonCore.framework/Versions/A/CarbonCore
0x0000000002bbf000 	/System/Library/Frameworks/CoreServices.framework/Versions/A/Frameworks/Metadata.framework/Versions/A/Metadata
0x0000000002bbf000 	/System/Library/Frameworks/CoreServices.framework/Versions/A/Frameworks/OSServices.framework/Versions/A/OSServices
0x0000000002bbf000 	/System/Library/Frameworks/CoreServices.framework/Versions/A/Frameworks/SearchKit.framework/Versions/A/SearchKit
0x0000000002bbf000 	/System/Library/Frameworks/CoreServices.framework/Versions/A/Frameworks/AE.framework/Versions/A/AE
0x0000000002bbf000 	/System/Library/Frameworks/CoreServices.framework/Versions/A/Frameworks/LaunchServices.framework/Versions/A/LaunchServices
0x0000000002bbf000 	/System/Library/Frameworks/CoreServices.framework/Versions/A/Frameworks/DictionaryServices.framework/Versions/A/DictionaryServices
0x0000000002bbf000 	/System/Library/Frameworks/CoreServices.framework/Versions/A/Frameworks/SharedFileList.framework/Versions/A/SharedFileList
0x0000000002bbf000 	/System/Library/Frameworks/NetFS.framework/Versions/A/NetFS
0x0000000002bbf000 	/System/Library/PrivateFrameworks/NetAuth.framework/Versions/A/NetAuth
0x0000000002bbf000 	/System/Library/PrivateFrameworks/login.framework/Versions/A/Frameworks/loginsupport.framework/Versions/A/loginsupport
0x0000000002bbf000 	/System/Library/PrivateFrameworks/TCC.framework/Versions/A/TCC
0x0000000002bbf000 	/usr/lib/libmecabra.dylib
0x0000000002bbf000 	/System/Library/Frameworks/ApplicationServices.framework/Versions/A/Frameworks/ATS.framework/Versions/A/ATS
0x0000000002bbf000 	/System/Library/Frameworks/ApplicationServices.framework/Versions/A/Frameworks/ColorSync.framework/Versions/A/ColorSync
0x0000000002bbf000 	/System/Library/Frameworks/ApplicationServices.framework/Versions/A/Frameworks/HIServices.framework/Versions/A/HIServices
0x0000000002bbf000 	/System/Library/Frameworks/ApplicationServices.framework/Versions/A/Frameworks/LangAnalysis.framework/Versions/A/LangAnalysis
0x0000000002bbf000 	/System/Library/Frameworks/ApplicationServices.framework/Versions/A/Frameworks/PrintCore.framework/Versions/A/PrintCore
0x0000000002bbf000 	/System/Library/Frameworks/ApplicationServices.framework/Versions/A/Frameworks/QD.framework/Versions/A/QD
0x0000000002bbf000 	/System/Library/Frameworks/ApplicationServices.framework/Versions/A/Frameworks/SpeechSynthesis.framework/Versions/A/SpeechSynthesis
0x0000000002bbf000 	/System/Library/Frameworks/Metal.framework/Versions/A/Metal
0x0000000002bbf000 	/System/Library/Frameworks/Accelerate.framework/Versions/A/Frameworks/vImage.framework/Versions/A/vImage
0x0000000002bbf000 	/System/Library/Frameworks/Accelerate.framework/Versions/A/Frameworks/vecLib.framework/Versions/A/vecLib
0x0000000002bbf000 	/System/Library/Frameworks/Accelerate.framework/Versions/A/Frameworks/vecLib.framework/Versions/A/libvDSP.dylib
0x0000000002bbf000 	/System/Library/Frameworks/Accelerate.framework/Versions/A/Frameworks/vecLib.framework/Versions/A/libvMisc.dylib
0x0000000002bbf000 	/System/Library/Frameworks/Accelerate.framework/Versions/A/Frameworks/vecLib.framework/Versions/A/libLAPACK.dylib
0x0000000002bbf000 	/System/Library/Frameworks/Accelerate.framework/Versions/A/Frameworks/vecLib.framework/Versions/A/libBLAS.dylib
0x0000000002bbf000 	/System/Library/Frameworks/Accelerate.framework/Versions/A/Frameworks/vecLib.framework/Versions/A/libLinearAlgebra.dylib
0x0000000002bbf000 	/System/Library/Frameworks/Accelerate.framework/Versions/A/Frameworks/vecLib.framework/Versions/A/libSparseBLAS.dylib
0x0000000002bbf000 	/System/Library/PrivateFrameworks/GPUCompiler.framework/libmetal_timestamp.dylib
0x0000000002bbf000 	/System/Library/Frameworks/OpenGL.framework/Versions/A/Libraries/libCoreFSCache.dylib
0x0000000002bbf000 	/System/Library/PrivateFrameworks/IOAccelerator.framework/Versions/A/IOAccelerator
0x0000000002bbf000 	/System/Library/Frameworks/ApplicationServices.framework/Versions/A/Frameworks/ATS.framework/Versions/A/Resources/libFontParser.dylib
0x0000000002bbf000 	/System/Library/Frameworks/ApplicationServices.framework/Versions/A/Frameworks/ATS.framework/Versions/A/Resources/libFontRegistry.dylib
0x0000000002bbf000 	/System/Library/PrivateFrameworks/AppleVPA.framework/Versions/A/AppleVPA
0x0000000002bbf000 	/System/Library/PrivateFrameworks/AppleJPEG.framework/Versions/A/AppleJPEG
0x0000000002bbf000 	/System/Library/Frameworks/ImageIO.framework/Versions/A/Resources/libJPEG.dylib
0x0000000002bbf000 	/System/Library/Frameworks/ImageIO.framework/Versions/A/Resources/libTIFF.dylib
0x0000000002bbf000 	/System/Library/Frameworks/ImageIO.framework/Versions/A/Resources/libPng.dylib
0x0000000002bbf000 	/System/Library/Frameworks/ImageIO.framework/Versions/A/Resources/libGIF.dylib
0x0000000002bbf000 	/System/Library/Frameworks/ImageIO.framework/Versions/A/Resources/libJP2.dylib
0x0000000002bbf000 	/System/Library/Frameworks/ImageIO.framework/Versions/A/Resources/libRadiance.dylib
0x0000000002bbf000 	/System/Library/Frameworks/CoreVideo.framework/Versions/A/CoreVideo
0x0000000002bbf000 	/System/Library/Frameworks/OpenGL.framework/Versions/A/Libraries/libGLU.dylib
0x0000000002bbf000 	/System/Library/Frameworks/OpenGL.framework/Versions/A/Libraries/libGFXShared.dylib
0x0000000002bbf000 	/System/Library/Frameworks/OpenGL.framework/Versions/A/Libraries/libGL.dylib
0x0000000002bbf000 	/System/Library/Frameworks/OpenGL.framework/Versions/A/Libraries/libGLImage.dylib
0x0000000002bbf000 	/System/Library/Frameworks/OpenGL.framework/Versions/A/Libraries/libCVMSPluginSupport.dylib
0x0000000002bbf000 	/System/Library/Frameworks/OpenGL.framework/Versions/A/Libraries/libCoreVMClient.dylib
0x0000000002bbf000 	/usr/lib/libcups.2.dylib
0x0000000002bbf000 	/System/Library/Frameworks/Kerberos.framework/Versions/A/Kerberos
0x0000000002bbf000 	/System/Library/Frameworks/GSS.framework/Versions/A/GSS
0x0000000002bbf000 	/usr/lib/libresolv.9.dylib
0x0000000002bbf000 	/usr/lib/libiconv.2.dylib
0x0000000002bbf000 	/System/Library/PrivateFrameworks/Heimdal.framework/Versions/A/Heimdal
0x0000000002bbf000 	/usr/lib/libheimdal-asn1.dylib
0x0000000002bbf000 	/System/Library/Frameworks/OpenDirectory.framework/Versions/A/OpenDirectory
0x0000000002bbf000 	/System/Library/PrivateFrameworks/CommonAuth.framework/Versions/A/CommonAuth
0x0000000002bbf000 	/System/Library/Frameworks/OpenDirectory.framework/Versions/A/Frameworks/CFOpenDirectory.framework/Versions/A/CFOpenDirectory
0x0000000002bbf000 	/System/Library/Frameworks/SecurityFoundation.framework/Versions/A/SecurityFoundation
0x0000000002bbf000 	/System/Library/PrivateFrameworks/LanguageModeling.framework/Versions/A/LanguageModeling
0x0000000002bbf000 	/usr/lib/libmarisa.dylib
0x0000000002bbf000 	/usr/lib/libChineseTokenizer.dylib
0x0000000002bbf000 	/usr/lib/libcmph.dylib
0x0000000002bbf000 	/usr/lib/libcompression.dylib
0x0000000002bbf000 	/System/Library/Frameworks/ServiceManagement.framework/Versions/A/ServiceManagement
0x0000000002bbf000 	/usr/lib/libxslt.1.dylib
0x0000000002bbf000 	/System/Library/Frameworks/Carbon.framework/Versions/A/Frameworks/Ink.framework/Versions/A/Ink
0x0000000002bbf000 	/usr/lib/libFosl_dynamic.dylib
0x0000000002bbf000 	/System/Library/PrivateFrameworks/FaceCore.framework/Versions/A/FaceCore
0x0000000002bbf000 	/System/Library/Frameworks/OpenCL.framework/Versions/A/OpenCL
0x0000000002bbf000 	/System/Library/PrivateFrameworks/CrashReporterSupport.framework/Versions/A/CrashReporterSupport
0x0000000002bbf000 	/System/Library/PrivateFrameworks/IconServices.framework/Versions/A/IconServices
0x0000000002bbf000 	/System/Library/PrivateFrameworks/Apple80211.framework/Versions/A/Apple80211
0x0000000002bbf000 	/System/Library/Frameworks/CoreWLAN.framework/Versions/A/CoreWLAN
0x0000000002bbf000 	/System/Library/Frameworks/IOBluetooth.framework/Versions/A/IOBluetooth
0x0000000002bbf000 	/System/Library/PrivateFrameworks/CoreWiFi.framework/Versions/A/CoreWiFi
0x0000000002bbf000 	/System/Library/Frameworks/CoreBluetooth.framework/Versions/A/CoreBluetooth
0x0000000002bbf000 	/System/Library/PrivateFrameworks/ChunkingLibrary.framework/Versions/A/ChunkingLibrary
0x0000000002bbf000 	/System/Library/PrivateFrameworks/DebugSymbols.framework/Versions/A/DebugSymbols
0x0000000002bbf000 	/System/Library/PrivateFrameworks/CoreSymbolication.framework/Versions/A/CoreSymbolication
0x0000000002bbf000 	/System/Library/PrivateFrameworks/Symbolication.framework/Versions/A/Symbolication
0x0000000002bbf000 	/System/Library/PrivateFrameworks/SpeechRecognitionCore.framework/Versions/A/SpeechRecognitionCore
0x0000000108600000 	/Library/Java/JavaVirtualMachines/jdk1.8.0_60.jdk/Contents/Home/jre/lib/server/libjvm.dylib
0x0000000002bbf000 	/usr/lib/libstdc++.6.dylib
0x0000000107c83000 	/Library/Java/JavaVirtualMachines/jdk1.8.0_60.jdk/Contents/Home/jre/lib/libverify.dylib
0x0000000107c91000 	/Library/Java/JavaVirtualMachines/jdk1.8.0_60.jdk/Contents/Home/jre/lib/libjava.dylib
0x0000000107cd0000 	/Library/Java/JavaVirtualMachines/jdk1.8.0_60.jdk/Contents/Home/jre/lib/libzip.dylib
0x000000011edca000 	/System/Library/Frameworks/JavaVM.framework/Frameworks/JavaRuntimeSupport.framework/JavaRuntimeSupport
0x000000011ede5000 	/System/Library/Frameworks/JavaVM.framework/Versions/A/Frameworks/JavaNativeFoundation.framework/Versions/A/JavaNativeFoundation
0x000000011edfa000 	/System/Library/Frameworks/JavaVM.framework/Versions/A/JavaVM
0x0000000002bbf000 	/System/Library/Frameworks/Carbon.framework/Versions/A/Carbon
0x000000011ee07000 	/System/Library/PrivateFrameworks/JavaLaunching.framework/Versions/A/JavaLaunching
0x0000000002bbf000 	/System/Library/Frameworks/Carbon.framework/Versions/A/Frameworks/CommonPanels.framework/Versions/A/CommonPanels
0x0000000002bbf000 	/System/Library/Frameworks/Carbon.framework/Versions/A/Frameworks/Help.framework/Versions/A/Help
0x0000000002bbf000 	/System/Library/Frameworks/Carbon.framework/Versions/A/Frameworks/ImageCapture.framework/Versions/A/ImageCapture
0x0000000002bbf000 	/System/Library/Frameworks/Carbon.framework/Versions/A/Frameworks/OpenScripting.framework/Versions/A/OpenScripting
0x0000000002bbf000 	/System/Library/Frameworks/Carbon.framework/Versions/A/Frameworks/Print.framework/Versions/A/Print
0x0000000002bbf000 	/System/Library/Frameworks/Carbon.framework/Versions/A/Frameworks/SecurityHI.framework/Versions/A/SecurityHI
0x0000000120725000 	/Library/Java/JavaVirtualMachines/jdk1.8.0_60.jdk/Contents/Home/jre/lib/libawt.dylib
0x00000001207cd000 	/Library/Java/JavaVirtualMachines/jdk1.8.0_60.jdk/Contents/Home/jre/lib/./libmlib_image.dylib
0x0000000120899000 	/Library/Java/JavaVirtualMachines/jdk1.8.0_60.jdk/Contents/Home/jre/lib/libawt_lwawt.dylib
0x000000012094e000 	/Library/Java/JavaVirtualMachines/jdk1.8.0_60.jdk/Contents/Home/jre/lib/./libosxapp.dylib
0x0000000002bbf000 	/System/Library/Frameworks/ExceptionHandling.framework/Versions/A/ExceptionHandling
0x0000000002bbf000 	/System/Library/PrivateFrameworks/CoreServicesInternal.framework/Versions/A/CoreServicesInternal
0x0000000002bbf000 	/System/Library/Frameworks/CoreGraphics.framework/Versions/A/Resources/libRIP.A.dylib
0x0000000002bbf000 	/System/Library/Frameworks/Accelerate.framework/Versions/A/Frameworks/vImage.framework/Versions/A/Libraries/libCGInterfaces.dylib
0x0000000002bbf000 	/System/Library/Frameworks/CoreGraphics.framework/Versions/A/Resources/libCGXType.A.dylib
0x0000000002bbf000 	/System/Library/Frameworks/OpenCL.framework/Versions/A/Libraries/libcldcpuengine.dylib
0x0000000002bbf000 	/System/Library/PrivateFrameworks/DiskImages.framework/Versions/A/DiskImages
0x0000000002bbf000 	/System/Library/Frameworks/DiscRecording.framework/Versions/A/DiscRecording
0x0000000002bbf000 	/usr/lib/libcsfde.dylib
0x0000000002bbf000 	/usr/lib/libcurl.4.dylib
0x0000000002bbf000 	/System/Library/PrivateFrameworks/MediaKit.framework/Versions/A/MediaKit
0x0000000002bbf000 	/System/Library/PrivateFrameworks/ProtectedCloudStorage.framework/Versions/A/ProtectedCloudStorage
0x0000000002bbf000 	/usr/lib/libCoreStorage.dylib
0x0000000002bbf000 	/System/Library/PrivateFrameworks/EFILogin.framework/Versions/A/EFILogin
0x0000000002bbf000 	/usr/lib/libutil.dylib
0x0000000002bbf000 	/System/Library/PrivateFrameworks/FindMyDevice.framework/Versions/A/FindMyDevice
0x0000000002bbf000 	/System/Library/Frameworks/LDAP.framework/Versions/A/LDAP
0x0000000002bbf000 	/usr/lib/libsasl2.2.dylib
0x0000000002bbf000 	/System/Library/PrivateFrameworks/CoreDaemon.framework/Versions/B/CoreDaemon
0x0000000002bbf000 	/usr/lib/libcrypto.0.9.8.dylib
0x0000000002bbf000 	/System/Library/PrivateFrameworks/AppleSRP.framework/Versions/A/AppleSRP
0x0000000002bbf000 	/System/Library/PrivateFrameworks/TrustEvaluationAgent.framework/Versions/A/TrustEvaluationAgent
0x00000001211ba000 	cl_kernels
0x0000000002bbf000 	/System/Library/Frameworks/OpenCL.framework/Versions/A/Libraries/ImageFormats/unorm8_bgra.dylib
0x0000000002bbf000 	/System/Library/Frameworks/OpenCL.framework/Versions/A/Libraries/ImageFormats/unorm8_rgba.dylib
0x0000000002bbf000 	/System/Library/PrivateFrameworks/FamilyControls.framework/Versions/A/FamilyControls
0x0000000002bbf000 	/System/Library/PrivateFrameworks/CommerceKit.framework/Versions/A/Frameworks/CommerceCore.framework/Versions/A/CommerceCore
0x0000000002bbf000 	/System/Library/PrivateFrameworks/SystemAdministration.framework/Versions/A/SystemAdministration
0x0000000002bbf000 	/System/Library/PrivateFrameworks/AppContainer.framework/Versions/A/AppContainer
0x0000000002bbf000 	/System/Library/PrivateFrameworks/SecCodeWrapper.framework/Versions/A/SecCodeWrapper
0x0000000002bbf000 	/System/Library/Frameworks/DirectoryService.framework/Versions/A/DirectoryService
0x0000000002bbf000 	/System/Library/PrivateFrameworks/LoginUIKit.framework/Versions/A/Frameworks/LoginUICore.framework/Versions/A/LoginUICore
0x0000000002bbf000 	/usr/lib/libodfde.dylib
0x0000000002bbf000 	/System/Library/Frameworks/OpenGL.framework/Versions/A/Resources/GLEngine.bundle/GLEngine
0x0000000002bbf000 	/System/Library/Frameworks/OpenGL.framework/Versions/A/Libraries/libGLProgrammability.dylib
0x000000012309f000 	/System/Library/Extensions/AppleIntelHD5000GraphicsGLDriver.bundle/Contents/MacOS/AppleIntelHD5000GraphicsGLDriver
0x0000000002bbf000 	/System/Library/PrivateFrameworks/GPUSupport.framework/Versions/A/Libraries/libGPUSupportMercury.dylib
0x0000000002bbf000 	/System/Library/Frameworks/OpenGL.framework/Versions/A/Resources/GLRendererFloat.bundle/GLRendererFloat
0x000000012409f000 	/Library/Java/JavaVirtualMachines/jdk1.8.0_60.jdk/Contents/Home/jre/lib/libfontmanager.dylib
0x00000001254f9000 	/Library/Java/JavaVirtualMachines/jdk1.8.0_60.jdk/Contents/Home/jre/lib/libosxui.dylib
0x000000012137e000 	/Library/Java/JavaVirtualMachines/jdk1.8.0_60.jdk/Contents/Home/jre/lib/libnet.dylib
0x0000000126099000 	/Library/Java/JavaVirtualMachines/jdk1.8.0_60.jdk/Contents/Home/jre/lib/libnio.dylib
0x0000000002bbf000 	/System/Library/Frameworks/ApplicationServices.framework/Versions/A/Frameworks/ATS.framework/Versions/A/Resources/libTrueTypeScaler.dylib
0x0000000176463000 	/System/Library/Extensions/AppleIntelHD5000GraphicsMTLDriver.bundle/Contents/MacOS/AppleIntelHD5000GraphicsMTLDriver
0x0000000121614000 	/private/var/folders/99/1pg_nk0n3t9874fc2q3jwvxm0000gn/T/jogamp_0000/file_cache/jln1777031922501525039/jln7539625531762437812/libgluegen-rt.jnilib
0x0000000121619000 	/private/var/folders/99/1pg_nk0n3t9874fc2q3jwvxm0000gn/T/jogamp_0000/file_cache/jln1777031922501525039/jln7539625531762437812/libnativewindow_awt.jnilib
0x000000012161c000 	/Library/Java/JavaVirtualMachines/jdk1.8.0_60.jdk/Contents/Home/jre/lib/libjawt.dylib
0x000000012161f000 	/private/var/folders/99/1pg_nk0n3t9874fc2q3jwvxm0000gn/T/jogamp_0000/file_cache/jln1777031922501525039/jln7539625531762437812/libnativewindow_macosx.jnilib
0x0000000177e3e000 	/private/var/folders/99/1pg_nk0n3t9874fc2q3jwvxm0000gn/T/jogamp_0000/file_cache/jln1777031922501525039/jln7539625531762437812/libjogl_desktop.jnilib
0x000000017ba45000 	/Library/Java/JavaVirtualMachines/jdk1.8.0_60.jdk/Contents/Home/jre/lib/libjpeg.dylib

VM Arguments:
jvm_args: -Djava.security.policy=java.policy.applet -Dfile.encoding=UTF-8 
java_command: sun.applet.AppletViewer module1.HelloWorld1444996100404.html
java_class_path (initial): /Users/PAN/Documents/Eclipse/UCSDUnfoldingMaps/build:/Users/PAN/Documents/Eclipse/UCSDUnfoldingMaps/lib/core.jar:/Users/PAN/Documents/Eclipse/UCSDUnfoldingMaps/lib/gluegen-rt.jar:/Users/PAN/Documents/Eclipse/UCSDUnfoldingMaps/lib/jogl-all.jar:/Users/PAN/Documents/Eclipse/UCSDUnfoldingMaps/lib/log4j-1.2.15.jar:/Users/PAN/Documents/Eclipse/UCSDUnfoldingMaps/lib/sqlite-jdbc-3.7.2.jar:/Users/PAN/Documents/Eclipse/UCSDUnfoldingMaps/lib/json4processing.jar:/Users/PAN/Documents/Eclipse/UCSDUnfoldingMaps/lib/libTUIO.jar:/Users/PAN/Documents/Eclipse/UCSDUnfoldingMaps/lib/unfolding.0.9.7-uscd.jar
Launcher Type: SUN_STANDARD

Environment Variables:
PATH=/usr/bin:/bin:/usr/sbin:/sbin
SHELL=/bin/bash

Signal Handlers:
SIGSEGV: [libjvm.dylib+0x5a6d31], sa_mask[0]=11111111011111110111111111111111, sa_flags=SA_ONSTACK|SA_RESTART|SA_SIGINFO
SIGBUS: [libjvm.dylib+0x5a6d31], sa_mask[0]=11111111011111110111111111111111, sa_flags=SA_RESTART|SA_SIGINFO
SIGFPE: [libjvm.dylib+0x480a4c], sa_mask[0]=11111111011111110111111111111111, sa_flags=SA_RESTART|SA_SIGINFO
SIGPIPE: [libjvm.dylib+0x480a4c], sa_mask[0]=11111111011111110111111111111111, sa_flags=SA_RESTART|SA_SIGINFO
SIGXFSZ: [libjvm.dylib+0x480a4c], sa_mask[0]=11111111011111110111111111111111, sa_flags=SA_RESTART|SA_SIGINFO
SIGILL: [libjvm.dylib+0x480a4c], sa_mask[0]=11111111011111110111111111111111, sa_flags=SA_RESTART|SA_SIGINFO
SIGUSR1: SIG_DFL, sa_mask[0]=00000000000000000000000000000000, sa_flags=none
SIGUSR2: [libjvm.dylib+0x48056a], sa_mask[0]=00100000000000000000000000000000, sa_flags=SA_RESTART|SA_SIGINFO
SIGHUP: [libjvm.dylib+0x47eb41], sa_mask[0]=11111111011111110111111111111111, sa_flags=SA_RESTART|SA_SIGINFO
SIGINT: [libjvm.dylib+0x47eb41], sa_mask[0]=11111111011111110111111111111111, sa_flags=SA_RESTART|SA_SIGINFO
SIGTERM: [libjvm.dylib+0x47eb41], sa_mask[0]=11111111011111110111111111111111, sa_flags=SA_RESTART|SA_SIGINFO
SIGQUIT: [libjvm.dylib+0x47eb41], sa_mask[0]=11111111011111110111111111111111, sa_flags=SA_RESTART|SA_SIGINFO


---------------  S Y S T E M  ---------------

OS:Bsduname:Darwin 15.0.0 Darwin Kernel Version 15.0.0: Wed Aug 26 16:57:32 PDT 2015; root:xnu-3247.1.106~1/RELEASE_X86_64 x86_64
rlimit: STACK 8192k, CORE 0k, NPROC 709, NOFILE 10240, AS infinity
load average:2.24 2.43 1.99

CPU:total 4 (2 cores per cpu, 2 threads per core) family 6 model 69 stepping 1, cmov, cx8, fxsr, mmx, sse, sse2, sse3, ssse3, sse4.1, sse4.2, popcnt, avx, avx2, aes, clmul, erms, lzcnt, ht, tsc, tscinvbit, bmi1, bmi2

Memory: 4k page, physical 8388608k(2682468k free)

/proc/meminfo:


vm_info: Java HotSpot(TM) 64-Bit Server VM (25.60-b23) for bsd-amd64 JRE (1.8.0_60-b27), built on Aug  4 2015 10:47:24 by "java_re" with gcc 4.2.1 (Based on Apple Inc. build 5658) (LLVM build 2336.11.00)

time: Fri Oct 16 06:49:28 2015
elapsed time: 67 seconds (0d 0h 1m 7s)

