#
# A fatal error has been detected by the Java Runtime Environment:
#
#  SIGSEGV (0xb) at pc=0x00007fff92e7ed5d, pid=640, tid=2571
#
# JRE version: Java(TM) SE Runtime Environment (8.0_60-b27) (build 1.8.0_60-b27)
# Java VM: Java HotSpot(TM) 64-Bit Server VM (25.60-b23 mixed mode bsd-amd64 compressed oops)
# Problematic frame:
# C  [libobjc.A.dylib+0x6d5d]  objc_msgSend+0x1d
#
# Failed to write core dump. Core dumps have been disabled. To enable core dumping, try "ulimit -c unlimited" before starting Java again
#
# If you would like to submit a bug report, please visit:
#   http://bugreport.java.com/bugreport/crash.jsp
# The crash happened outside the Java Virtual Machine in native code.
# See problematic frame for where to report the bug.
#

---------------  T H R E A D  ---------------

Current thread (0x00007f8d528be000):  JavaThread "AWT-AppKit" daemon [_thread_in_native, id=2571, stack(0x00007fff51c69000,0x00007fff52469000)]

siginfo: si_signo: 11 (SIGSEGV), si_code: 1 (SEGV_MAPERR), si_addr: 0x0000000000000018

Registers:
RAX=0x00007f8d55a22a40, RBX=0x00000001273b4450, RCX=0x00000001273dc8c0, RDX=0x00000001272cf620
RSP=0x00007fff524644d8, RBP=0x00007fff52464590, RSI=0x00007fff94413d06, RDI=0x00007f8d517962f0
R8 =0x0000000000000000, R9 =0x0000000000000810, R10=0x00007fff94413d06, R11=0x0000000000000000
R12=0x0000000000000000, R13=0x000000017dab5608, R14=0x00000001273b4440, R15=0x00007f8d528be000
RIP=0x00007fff92e7ed5d, EFLAGS=0x0000000000010246, ERR=0x0000000000000004
  TRAPNO=0x000000000000000e

Top of Stack: (sp=0x00007fff524644d8)
0x00007fff524644d8:   00000001273b2157 00007fff52464530
0x00007fff524644e8:   0000000000000003 00007fff52464510
0x00007fff524644f8:   000000010e5f1992 000000017dab5608
0x00007fff52464508:   000000017dab5608 00007f8d55a22a40
0x00007fff52464518:   00000001273b46a0 00000001273b4710
0x00007fff52464528:   00007fff75321740 00007fff7515f4b0
0x00007fff52464538:   00000001273b4450 00000001273b4690
0x00007fff52464548:   00007f8d55a22a40 00007f8d517962f0
0x00007fff52464558:   00007f8d55a2e7b0 00007f8d55a22a40
0x00007fff52464568:   00007f8d517962f0 00007fff52464610
0x00007fff52464578:   00007f8d528be1f8 000000017dab5608
0x00007fff52464588:   00007fff52464638 00007fff52464600
0x00007fff52464598:   000000010f39e954 00007fff52464600
0x00007fff524645a8:   000000010f39e6d9 000000010f3aa823
0x00007fff524645b8:   000000010f39e6a2 00007fff524645c0
0x00007fff524645c8:   000000017dab5608 00007fff52464638
0x00007fff524645d8:   000000017dab8240 0000000000000000
0x00007fff524645e8:   000000017dab5608 0000000000000000
0x00007fff524645f8:   00007fff52464620 00007fff52464680
0x00007fff52464608:   000000010f390c4d 0000000795bf72d0
0x00007fff52464618:   000000010f398578 00007f8d55a22a40
0x00007fff52464628:   000000010f399db9 00007f8d517962f0
0x00007fff52464638:   000000010f399d82 00007fff52464640
0x00007fff52464648:   000000017dab57d2 00007fff524646a8
0x00007fff52464658:   000000017dab8240 0000000000000000
0x00007fff52464668:   000000017dab57e0 00007fff52464620
0x00007fff52464678:   00007fff52464690 00007fff524646f0
0x00007fff52464688:   000000010f390c4d 00007f8d55a22a40
0x00007fff52464698:   0000000795bfea90 00007f8d517962f0
0x00007fff524646a8:   0000000795bfea90 00007fff524646b0
0x00007fff524646b8:   000000017db87066 00007fff52464700
0x00007fff524646c8:   000000017db87120 0000000000000000 

Instructions: (pc=0x00007fff92e7ed5d)
0x00007fff92e7ed3d:   44 00 00 48 85 ff 2e 74 62 40 f6 c7 01 2e 75 66
0x00007fff92e7ed4d:   49 bb f8 ff ff ff ff 7f 00 00 4c 23 1f 49 89 f2
0x00007fff92e7ed5d:   45 23 53 18 49 c1 e2 04 4d 03 53 10 49 3b 32 75
0x00007fff92e7ed6d:   04 41 ff 62 08 49 83 3a 01 76 0d 49 83 c2 10 49 

Register to memory mapping:

RAX=0x00007f8d55a22a40 is an unknown value
RBX=0x00000001273b4450: Java_jogamp_nativewindow_macosx_OSXUtil_GetScreenRefreshRate0+0x1cf0 in /private/var/folders/99/1pg_nk0n3t9874fc2q3jwvxm0000gn/T/jogamp_0000/file_cache/jln2078040475524992010/jln559660960826728853/libnativewindow_macosx.jnilib at 0x00000001273ad000
RCX=0x00000001273dc8c0 is an unknown value
RDX=0x00000001272cf620 is an unknown value
RSP=0x00007fff524644d8 is pointing into the stack for thread: 0x00007f8d528be000
RBP=0x00007fff52464590 is pointing into the stack for thread: 0x00007f8d528be000
RSI=0x00007fff94413d06 is an unknown value
RDI=0x00007f8d517962f0 is an unknown value
R8 =0x0000000000000000 is an unknown value
R9 =0x0000000000000810 is an unknown value
R10=0x00007fff94413d06 is an unknown value
R11=0x0000000000000000 is an unknown value
R12=0x0000000000000000 is an unknown value
R13={method} {0x000000017dab5608} 'UnsetJAWTRootSurfaceLayer0' '(JJ)V' in 'jogamp/nativewindow/jawt/macosx/MacOSXJAWTWindow'
R14=0x00000001273b4440: Java_jogamp_nativewindow_macosx_OSXUtil_GetScreenRefreshRate0+0x1ce0 in /private/var/folders/99/1pg_nk0n3t9874fc2q3jwvxm0000gn/T/jogamp_0000/file_cache/jln2078040475524992010/jln559660960826728853/libnativewindow_macosx.jnilib at 0x00000001273ad000
R15=0x00007f8d528be000 is a thread


Stack: [0x00007fff51c69000,0x00007fff52469000],  sp=0x00007fff524644d8,  free space=8173k
Native frames: (J=compiled Java code, j=interpreted, Vv=VM code, C=native code)
C  [libobjc.A.dylib+0x6d5d]  objc_msgSend+0x1d
j  jogamp.nativewindow.jawt.macosx.MacOSXJAWTWindow.UnsetJAWTRootSurfaceLayer0(JJ)V+0
j  jogamp.nativewindow.jawt.macosx.MacOSXJAWTWindow.access$200(JJ)V+2
j  jogamp.nativewindow.jawt.macosx.MacOSXJAWTWindow$1.run()V+38
j  com.jogamp.common.util.RunnableTask.run()V+24
v  ~StubRoutines::call_stub
V  [libjvm.dylib+0x2eab0e]  JavaCalls::call_helper(JavaValue*, methodHandle*, JavaCallArguments*, Thread*)+0x6ae
V  [libjvm.dylib+0x321bb7]  jni_invoke_nonstatic(JNIEnv_*, JavaValue*, _jobject*, JNICallType, _jmethodID*, JNI_ArgumentPusher*, Thread*)+0x2ec
V  [libjvm.dylib+0x31438b]  jni_CallVoidMethod+0x16b
C  [libnativewindow_macosx.jnilib+0x5326]  Java_jogamp_nativewindow_jawt_macosx_MacOSXJAWTWindow_UnsetJAWTRootSurfaceLayer0+0x2b6
C  [Foundation+0x7754e]  __NSThreadPerformPerform+0x117
C  [CoreFoundation+0xaa621]  __CFRUNLOOP_IS_CALLING_OUT_TO_A_SOURCE0_PERFORM_FUNCTION__+0x11
C  [CoreFoundation+0x89d97]  __CFRunLoopDoSources0+0x1a7
C  [CoreFoundation+0x8933f]  __CFRunLoopRun+0x39f
C  [CoreFoundation+0x88d38]  CFRunLoopRunSpecific+0x128
C  [HIToolbox+0x30d55]  RunCurrentEventLoopInMode+0xeb
C  [HIToolbox+0x30a97]  ReceiveNextEventCommon+0xb8
C  [HIToolbox+0x309cf]  _BlockUntilNextEventMatchingListInModeWithFilter+0x47
C  [AppKit+0x49f3a]  _DPSNextEvent+0x42b
C  [AppKit+0x49369]  -[NSApplication _nextEventMatchingEventMask:untilDate:inMode:dequeue:]+0x1c6
C  [libosxapp.dylib+0x23aa]  -[NSApplicationAWT nextEventMatchingMask:untilDate:inMode:dequeue:]+0x7c
C  [AppKit+0x3decc]  -[NSApplication run]+0x2aa
C  [libosxapp.dylib+0x214d]  +[NSApplicationAWT runAWTLoopWithApp:]+0x9c
C  [libawt_lwawt.dylib+0x44517]  -[AWTStarter starter:]+0x389
C  [Foundation+0x7754e]  __NSThreadPerformPerform+0x117
C  [CoreFoundation+0xaa621]  __CFRUNLOOP_IS_CALLING_OUT_TO_A_SOURCE0_PERFORM_FUNCTION__+0x11
C  [CoreFoundation+0x89e1c]  __CFRunLoopDoSources0+0x22c
C  [CoreFoundation+0x8933f]  __CFRunLoopRun+0x39f
C  [CoreFoundation+0x88d38]  CFRunLoopRunSpecific+0x128
C  [java+0x6463]  CreateExecutionEnvironment+0x367
C  [java+0x21ac]  JLI_Launch+0x7a0
C  [java+0x84c0]  main+0x65
C  [java+0x1a04]  start+0x34
C  0x0000000000000007

Java frames: (J=compiled Java code, j=interpreted, Vv=VM code)
j  jogamp.nativewindow.jawt.macosx.MacOSXJAWTWindow.UnsetJAWTRootSurfaceLayer0(JJ)V+0
j  jogamp.nativewindow.jawt.macosx.MacOSXJAWTWindow.access$200(JJ)V+2
j  jogamp.nativewindow.jawt.macosx.MacOSXJAWTWindow$1.run()V+38
j  com.jogamp.common.util.RunnableTask.run()V+24
v  ~StubRoutines::call_stub

---------------  P R O C E S S  ---------------

Java Threads: ( => current thread )
  0x00007f8d52bc1000 JavaThread "Thread-3" [_thread_blocked, id=14087, stack(0x000070000196b000,0x0000700001a6b000)]
  0x00007f8d52abf000 JavaThread "AWT-EventQueue-1" [_thread_in_native, id=59431, stack(0x0000700001868000,0x0000700001968000)]
  0x00007f8d51804800 JavaThread "DestroyJavaVM" [_thread_blocked, id=5891, stack(0x000070000011a000,0x000070000021a000)]
  0x00007f8d529bd000 JavaThread "AWT-EventQueue-0" [_thread_blocked, id=56323, stack(0x0000700001662000,0x0000700001762000)]
  0x00007f8d5293f000 JavaThread "Java2D Disposer" daemon [_thread_blocked, id=52995, stack(0x00007000013d9000,0x00007000014d9000)]
  0x00007f8d5213c000 JavaThread "Java2D Queue Flusher" daemon [_thread_blocked, id=50183, stack(0x00007000012d6000,0x00007000013d6000)]
  0x00007f8d52096800 JavaThread "AWT-Shutdown" [_thread_blocked, id=29459, stack(0x0000700001150000,0x0000700001250000)]
=>0x00007f8d528be000 JavaThread "AWT-AppKit" daemon [_thread_in_native, id=2571, stack(0x00007fff51c69000,0x00007fff52469000)]
  0x00007f8d52844800 JavaThread "Service Thread" daemon [_thread_blocked, id=18691, stack(0x0000700000e44000,0x0000700000f44000)]
  0x00007f8d53057800 JavaThread "C1 CompilerThread2" daemon [_thread_blocked, id=18179, stack(0x0000700000d41000,0x0000700000e41000)]
  0x00007f8d5304f000 JavaThread "C2 CompilerThread1" daemon [_thread_blocked, id=17667, stack(0x0000700000c3e000,0x0000700000d3e000)]
  0x00007f8d53034000 JavaThread "C2 CompilerThread0" daemon [_thread_blocked, id=17155, stack(0x0000700000b3b000,0x0000700000c3b000)]
  0x00007f8d53036000 JavaThread "Signal Dispatcher" daemon [_thread_blocked, id=12815, stack(0x0000700000a38000,0x0000700000b38000)]
  0x00007f8d5302f800 JavaThread "Finalizer" daemon [_thread_blocked, id=12291, stack(0x000070000082f000,0x000070000092f000)]
  0x00007f8d5280e800 JavaThread "Reference Handler" daemon [_thread_blocked, id=11779, stack(0x000070000072c000,0x000070000082c000)]

Other Threads:
  0x00007f8d5280e000 VMThread [stack: 0x0000700000629000,0x0000700000729000] [id=11267]
  0x00007f8d52008000 WatcherThread [stack: 0x0000700000f47000,0x0000700001047000] [id=19203]

VM state:not at safepoint (normal execution)

VM Mutex/Monitor currently owned by a thread: None

Heap:
 PSYoungGen      total 38400K, used 16860K [0x0000000795580000, 0x0000000798000000, 0x00000007c0000000)
  eden space 33280K, 35% used [0x0000000795580000,0x0000000796130780,0x0000000797600000)
  from space 5120K, 95% used [0x0000000797600000,0x0000000797ac6948,0x0000000797b00000)
  to   space 5120K, 0% used [0x0000000797b00000,0x0000000797b00000,0x0000000798000000)
 ParOldGen       total 87552K, used 8K [0x0000000740000000, 0x0000000745580000, 0x0000000795580000)
  object space 87552K, 0% used [0x0000000740000000,0x0000000740002000,0x0000000745580000)
 Metaspace       used 17285K, capacity 17487K, committed 17792K, reserved 1064960K
  class space    used 1763K, capacity 1820K, committed 1920K, reserved 1048576K

Card table byte_map: [0x000000011e749000,0x000000011eb4a000] byte_map_base: 0x000000011ad49000

Marking Bits: (ParMarkBitMap*) 0x000000010ecdee20
 Begin Bits: [0x000000011edf5000, 0x0000000120df5000)
 End Bits:   [0x0000000120df5000, 0x0000000122df5000)

Polling page: 0x000000010da5a000

CodeCache: size=245760Kb used=3694Kb max_used=3694Kb free=242065Kb
 bounds [0x000000010f389000, 0x000000010f729000, 0x000000011e389000]
 total_blobs=1780 nmethods=919 adapters=775
 compilation: enabled

Compilation events (10 events):
Event: 12.371 Thread 0x00007f8d53057800  914   !   3       java.awt.EventQueue::postEventPrivate (104 bytes)
Event: 12.372 Thread 0x00007f8d53057800 nmethod 914 0x000000010f722bd0 code [0x000000010f722e20, 0x000000010f723c48]
Event: 13.170 Thread 0x00007f8d53057800  916       1       java.awt.Component::isEnabledImpl (5 bytes)
Event: 13.170 Thread 0x00007f8d53057800 nmethod 916 0x000000010f724590 code [0x000000010f7246e0, 0x000000010f7247f0]
Event: 13.174 Thread 0x00007f8d53057800  917       1       java.lang.Integer::intValue (5 bytes)
Event: 13.174 Thread 0x00007f8d53057800 nmethod 917 0x000000010f724850 code [0x000000010f7249a0, 0x000000010f724ab0]
Event: 13.177 Thread 0x00007f8d53057800  918       3       java.awt.Component::isValid (20 bytes)
Event: 13.177 Thread 0x00007f8d53057800 nmethod 918 0x000000010f724b10 code [0x000000010f724c80, 0x000000010f724e70]
Event: 13.180 Thread 0x00007f8d53057800  919   !   3       sun.lwawt.LWComponentPeer::isShowing (49 bytes)
Event: 13.181 Thread 0x00007f8d53057800 nmethod 919 0x000000010f724ed0 code [0x000000010f725080, 0x000000010f725968]

GC Heap History (2 events):
Event: 2.472 GC heap before
{Heap before GC invocations=1 (full 0):
 PSYoungGen      total 38400K, used 33280K [0x0000000795580000, 0x0000000798000000, 0x00000007c0000000)
  eden space 33280K, 100% used [0x0000000795580000,0x0000000797600000,0x0000000797600000)
  from space 5120K, 0% used [0x0000000797b00000,0x0000000797b00000,0x0000000798000000)
  to   space 5120K, 0% used [0x0000000797600000,0x0000000797600000,0x0000000797b00000)
 ParOldGen       total 87552K, used 0K [0x0000000740000000, 0x0000000745580000, 0x0000000795580000)
  object space 87552K, 0% used [0x0000000740000000,0x0000000740000000,0x0000000745580000)
 Metaspace       used 15799K, capacity 15979K, committed 16256K, reserved 1064960K
  class space    used 1593K, capacity 1660K, committed 1664K, reserved 1048576K
Event: 2.479 GC heap after
Heap after GC invocations=1 (full 0):
 PSYoungGen      total 38400K, used 4890K [0x0000000795580000, 0x0000000798000000, 0x00000007c0000000)
  eden space 33280K, 0% used [0x0000000795580000,0x0000000795580000,0x0000000797600000)
  from space 5120K, 95% used [0x0000000797600000,0x0000000797ac6948,0x0000000797b00000)
  to   space 5120K, 0% used [0x0000000797b00000,0x0000000797b00000,0x0000000798000000)
 ParOldGen       total 87552K, used 8K [0x0000000740000000, 0x0000000745580000, 0x0000000795580000)
  object space 87552K, 0% used [0x0000000740000000,0x0000000740002000,0x0000000745580000)
 Metaspace       used 15799K, capacity 15979K, committed 16256K, reserved 1064960K
  class space    used 1593K, capacity 1660K, committed 1664K, reserved 1048576K
}

Deoptimization events (5 events):
Event: 1.899 Thread 0x00007f8d522ac800 Uncommon trap: reason=unstable_if action=reinterpret pc=0x000000010f546100 method=java.lang.String.toLowerCase(Ljava/util/Locale;)Ljava/lang/String; @ 85
Event: 2.136 Thread 0x00007f8d532f7800 Uncommon trap: reason=unstable_if action=reinterpret pc=0x000000010f605b68 method=java.lang.String.indexOf([CII[CIII)I @ 3
Event: 2.136 Thread 0x00007f8d532f7800 Uncommon trap: reason=unstable_if action=reinterpret pc=0x000000010f5d2464 method=java.lang.String.indexOf([CII[CIII)I @ 3
Event: 2.136 Thread 0x00007f8d532f7800 Uncommon trap: reason=unstable_if action=reinterpret pc=0x000000010f537358 method=java.lang.String.indexOf([CII[CIII)I @ 3
Event: 3.067 Thread 0x00007f8d52abf000 Uncommon trap: reason=unstable_if action=reinterpret pc=0x000000010f5226ec method=java.lang.AbstractStringBuilder.append(Ljava/lang/String;)Ljava/lang/AbstractStringBuilder; @ 1

Internal exceptions (10 events):
Event: 0.171 Thread 0x00007f8d51804800 Exception <a 'java/lang/NoSuchFieldError': method resolution failed> (0x0000000795837cf0) thrown at [/Users/java_re/workspace/8-2-build-macosx-x86_64/jdk8u60/4407/hotspot/src/share/vm/prims/methodHandles.cpp, line 1146]
Event: 0.319 Thread 0x00007f8d51804800 Exception <a 'java/io/FileNotFoundException'> (0x00000007958b39c8) thrown at [/Users/java_re/workspace/8-2-build-macosx-x86_64/jdk8u60/4407/hotspot/src/share/vm/prims/jni.cpp, line 709]
Event: 0.319 Thread 0x00007f8d51804800 Exception <a 'java/io/FileNotFoundException'> (0x00000007958b44f8) thrown at [/Users/java_re/workspace/8-2-build-macosx-x86_64/jdk8u60/4407/hotspot/src/share/vm/prims/jni.cpp, line 709]
Event: 0.345 Thread 0x00007f8d51804800 Exception <a 'java/io/FileNotFoundException'> (0x00000007959b2568) thrown at [/Users/java_re/workspace/8-2-build-macosx-x86_64/jdk8u60/4407/hotspot/src/share/vm/prims/jni.cpp, line 709]
Event: 0.418 Thread 0x00007f8d51804800 Exception <a 'java/io/FileNotFoundException'> (0x00000007959ef368) thrown at [/Users/java_re/workspace/8-2-build-macosx-x86_64/jdk8u60/4407/hotspot/src/share/vm/prims/jni.cpp, line 709]
Event: 2.159 Thread 0x00007f8d532f7800 Exception <a 'java/lang/UnsatisfiedLinkError': com.jogamp.common.util.JarUtil.fixNativeLibAttribs(Ljava/lang/String;)Z> (0x0000000796b083c8) thrown at [/Users/java_re/workspace/8-2-build-macosx-x86_64/jdk8u60/4407/hotspot/src/share/vm/prims/nativeLookup.c
Event: 2.481 Thread 0x00007f8d5302f800 Exception <a 'java/lang/NullPointerException'> (0x00000007956a65b0) thrown at [/Users/java_re/workspace/8-2-build-macosx-x86_64/jdk8u60/4407/hotspot/src/share/vm/interpreter/linkResolver.cpp, line 1178]
Event: 3.066 Thread 0x00007f8d52abf000 Exception <a 'java/io/FileNotFoundException'> (0x0000000795e86bd0) thrown at [/Users/java_re/workspace/8-2-build-macosx-x86_64/jdk8u60/4407/hotspot/src/share/vm/prims/jni.cpp, line 709]
Event: 3.067 Thread 0x00007f8d52abf000 Exception <a 'java/io/FileNotFoundException'> (0x0000000795e8cba0) thrown at [/Users/java_re/workspace/8-2-build-macosx-x86_64/jdk8u60/4407/hotspot/src/share/vm/prims/jni.cpp, line 709]
Event: 3.067 Thread 0x00007f8d52abf000 Implicit null exception at 0x000000010f522375 to 0x000000010f5226d9

Events (10 events):
Event: 13.188 loading class jogamp/nativewindow/jawt/macosx/MacOSXJAWTWindow$1 done
Event: 13.190 loading class java/awt/LightweightDispatcher$2
Event: 13.190 loading class java/awt/LightweightDispatcher$2 done
Event: 13.190 loading class java/awt/event/AWTEventListenerProxy
Event: 13.190 loading class java/awt/event/AWTEventListenerProxy done
Event: 13.190 loading class java/awt/Toolkit$ToolkitEventMulticaster
Event: 13.190 loading class java/awt/Toolkit$ToolkitEventMulticaster done
Event: 13.190 Thread 0x00007f8d53197000 Thread exited: 0x00007f8d53197000
Event: 13.190 loading class java/awt/Window$1DisposeAction
Event: 13.191 loading class java/awt/Window$1DisposeAction done


Dynamic libraries:
0x0000000002bbf000 	/System/Library/Frameworks/Cocoa.framework/Versions/A/Cocoa
0x0000000002bbf000 	/System/Library/Frameworks/Security.framework/Versions/A/Security
0x0000000002bbf000 	/System/Library/Frameworks/ApplicationServices.framework/Versions/A/ApplicationServices
0x0000000002bbf000 	/usr/lib/libz.1.dylib
0x0000000002bbf000 	/usr/lib/libSystem.B.dylib
0x0000000002bbf000 	/usr/lib/libobjc.A.dylib
0x0000000002bbf000 	/System/Library/Frameworks/CoreFoundation.framework/Versions/A/CoreFoundation
0x0000000002bbf000 	/System/Library/Frameworks/Foundation.framework/Versions/C/Foundation
0x0000000002bbf000 	/System/Library/Frameworks/AppKit.framework/Versions/C/AppKit
0x0000000002bbf000 	/System/Library/Frameworks/CoreData.framework/Versions/A/CoreData
0x0000000002bbf000 	/System/Library/PrivateFrameworks/RemoteViewServices.framework/Versions/A/RemoteViewServices
0x0000000002bbf000 	/System/Library/PrivateFrameworks/UIFoundation.framework/Versions/A/UIFoundation
0x0000000002bbf000 	/usr/lib/libScreenReader.dylib
0x0000000002bbf000 	/System/Library/Frameworks/Accelerate.framework/Versions/A/Accelerate
0x0000000002bbf000 	/System/Library/Frameworks/IOSurface.framework/Versions/A/IOSurface
0x0000000002bbf000 	/System/Library/Frameworks/AudioToolbox.framework/Versions/A/AudioToolbox
0x0000000002bbf000 	/System/Library/Frameworks/AudioUnit.framework/Versions/A/AudioUnit
0x0000000002bbf000 	/System/Library/PrivateFrameworks/DataDetectorsCore.framework/Versions/A/DataDetectorsCore
0x0000000002bbf000 	/System/Library/PrivateFrameworks/DesktopServicesPriv.framework/Versions/A/DesktopServicesPriv
0x0000000002bbf000 	/System/Library/Frameworks/Carbon.framework/Versions/A/Frameworks/HIToolbox.framework/Versions/A/HIToolbox
0x0000000002bbf000 	/System/Library/Frameworks/QuartzCore.framework/Versions/A/QuartzCore
0x0000000002bbf000 	/System/Library/Frameworks/Carbon.framework/Versions/A/Frameworks/SpeechRecognition.framework/Versions/A/SpeechRecognition
0x0000000002bbf000 	/usr/lib/libauto.dylib
0x0000000002bbf000 	/usr/lib/libicucore.A.dylib
0x0000000002bbf000 	/usr/lib/libxml2.2.dylib
0x0000000002bbf000 	/System/Library/PrivateFrameworks/CoreUI.framework/Versions/A/CoreUI
0x0000000002bbf000 	/System/Library/Frameworks/CoreAudio.framework/Versions/A/CoreAudio
0x0000000002bbf000 	/System/Library/Frameworks/DiskArbitration.framework/Versions/A/DiskArbitration
0x0000000002bbf000 	/usr/lib/liblangid.dylib
0x0000000002bbf000 	/System/Library/PrivateFrameworks/MultitouchSupport.framework/Versions/A/MultitouchSupport
0x0000000002bbf000 	/System/Library/Frameworks/IOKit.framework/Versions/A/IOKit
0x0000000002bbf000 	/usr/lib/libDiagnosticMessagesClient.dylib
0x0000000002bbf000 	/System/Library/Frameworks/CoreServices.framework/Versions/A/CoreServices
0x0000000002bbf000 	/System/Library/PrivateFrameworks/PerformanceAnalysis.framework/Versions/A/PerformanceAnalysis
0x0000000002bbf000 	/System/Library/PrivateFrameworks/GenerationalStorage.framework/Versions/A/GenerationalStorage
0x0000000002bbf000 	/System/Library/Frameworks/OpenGL.framework/Versions/A/OpenGL
0x0000000002bbf000 	/System/Library/PrivateFrameworks/Sharing.framework/Versions/A/Sharing
0x0000000002bbf000 	/System/Library/Frameworks/CoreGraphics.framework/Versions/A/CoreGraphics
0x0000000002bbf000 	/System/Library/Frameworks/CoreImage.framework/Versions/A/CoreImage
0x0000000002bbf000 	/System/Library/Frameworks/CoreText.framework/Versions/A/CoreText
0x0000000002bbf000 	/System/Library/Frameworks/ImageIO.framework/Versions/A/ImageIO
0x0000000002bbf000 	/System/Library/PrivateFrameworks/Backup.framework/Versions/A/Backup
0x0000000002bbf000 	/usr/lib/libextension.dylib
0x0000000002bbf000 	/usr/lib/libarchive.2.dylib
0x0000000002bbf000 	/System/Library/Frameworks/CFNetwork.framework/Versions/A/CFNetwork
0x0000000002bbf000 	/System/Library/Frameworks/SystemConfiguration.framework/Versions/A/SystemConfiguration
0x0000000002bbf000 	/usr/lib/libCRFSuite.dylib
0x0000000002bbf000 	/usr/lib/libc++.1.dylib
0x0000000002bbf000 	/usr/lib/libc++abi.dylib
0x0000000002bbf000 	/usr/lib/system/libcache.dylib
0x0000000002bbf000 	/usr/lib/system/libcommonCrypto.dylib
0x0000000002bbf000 	/usr/lib/system/libcompiler_rt.dylib
0x0000000002bbf000 	/usr/lib/system/libcopyfile.dylib
0x0000000002bbf000 	/usr/lib/system/libcorecrypto.dylib
0x0000000002bbf000 	/usr/lib/system/libdispatch.dylib
0x0000000002bbf000 	/usr/lib/system/libdyld.dylib
0x0000000002bbf000 	/usr/lib/system/libkeymgr.dylib
0x0000000002bbf000 	/usr/lib/system/liblaunch.dylib
0x0000000002bbf000 	/usr/lib/system/libmacho.dylib
0x0000000002bbf000 	/usr/lib/system/libquarantine.dylib
0x0000000002bbf000 	/usr/lib/system/libremovefile.dylib
0x0000000002bbf000 	/usr/lib/system/libsystem_asl.dylib
0x0000000002bbf000 	/usr/lib/system/libsystem_blocks.dylib
0x0000000002bbf000 	/usr/lib/system/libsystem_c.dylib
0x0000000002bbf000 	/usr/lib/system/libsystem_configuration.dylib
0x0000000002bbf000 	/usr/lib/system/libsystem_coreservices.dylib
0x0000000002bbf000 	/usr/lib/system/libsystem_coretls.dylib
0x0000000002bbf000 	/usr/lib/system/libsystem_dnssd.dylib
0x0000000002bbf000 	/usr/lib/system/libsystem_info.dylib
0x0000000002bbf000 	/usr/lib/system/libsystem_kernel.dylib
0x0000000002bbf000 	/usr/lib/system/libsystem_m.dylib
0x0000000002bbf000 	/usr/lib/system/libsystem_malloc.dylib
0x0000000002bbf000 	/usr/lib/system/libsystem_network.dylib
0x0000000002bbf000 	/usr/lib/system/libsystem_networkextension.dylib
0x0000000002bbf000 	/usr/lib/system/libsystem_notify.dylib
0x0000000002bbf000 	/usr/lib/system/libsystem_platform.dylib
0x0000000002bbf000 	/usr/lib/system/libsystem_pthread.dylib
0x0000000002bbf000 	/usr/lib/system/libsystem_sandbox.dylib
0x0000000002bbf000 	/usr/lib/system/libsystem_secinit.dylib
0x0000000002bbf000 	/usr/lib/system/libsystem_trace.dylib
0x0000000002bbf000 	/usr/lib/system/libunc.dylib
0x0000000002bbf000 	/usr/lib/system/libunwind.dylib
0x0000000002bbf000 	/usr/lib/system/libxpc.dylib
0x0000000002bbf000 	/usr/lib/libenergytrace.dylib
0x0000000002bbf000 	/usr/lib/libbsm.0.dylib
0x0000000002bbf000 	/usr/lib/system/libkxld.dylib
0x0000000002bbf000 	/usr/lib/libxar.1.dylib
0x0000000002bbf000 	/usr/lib/libsqlite3.dylib
0x0000000002bbf000 	/usr/lib/libpam.2.dylib
0x0000000002bbf000 	/usr/lib/libOpenScriptingUtil.dylib
0x0000000002bbf000 	/usr/lib/libbz2.1.0.dylib
0x0000000002bbf000 	/usr/lib/liblzma.5.dylib
0x0000000002bbf000 	/System/Library/Frameworks/CoreServices.framework/Versions/A/Frameworks/FSEvents.framework/Versions/A/FSEvents
0x0000000002bbf000 	/System/Library/Frameworks/CoreServices.framework/Versions/A/Frameworks/CarbonCore.framework/Versions/A/CarbonCore
0x0000000002bbf000 	/System/Library/Frameworks/CoreServices.framework/Versions/A/Frameworks/Metadata.framework/Versions/A/Metadata
0x0000000002bbf000 	/System/Library/Frameworks/CoreServices.framework/Versions/A/Frameworks/OSServices.framework/Versions/A/OSServices
0x0000000002bbf000 	/System/Library/Frameworks/CoreServices.framework/Versions/A/Frameworks/SearchKit.framework/Versions/A/SearchKit
0x0000000002bbf000 	/System/Library/Frameworks/CoreServices.framework/Versions/A/Frameworks/AE.framework/Versions/A/AE
0x0000000002bbf000 	/System/Library/Frameworks/CoreServices.framework/Versions/A/Frameworks/LaunchServices.framework/Versions/A/LaunchServices
0x0000000002bbf000 	/System/Library/Frameworks/CoreServices.framework/Versions/A/Frameworks/DictionaryServices.framework/Versions/A/DictionaryServices
0x0000000002bbf000 	/System/Library/Frameworks/CoreServices.framework/Versions/A/Frameworks/SharedFileList.framework/Versions/A/SharedFileList
0x0000000002bbf000 	/System/Library/Frameworks/NetFS.framework/Versions/A/NetFS
0x0000000002bbf000 	/System/Library/PrivateFrameworks/NetAuth.framework/Versions/A/NetAuth
0x0000000002bbf000 	/System/Library/PrivateFrameworks/login.framework/Versions/A/Frameworks/loginsupport.framework/Versions/A/loginsupport
0x0000000002bbf000 	/System/Library/PrivateFrameworks/TCC.framework/Versions/A/TCC
0x0000000002bbf000 	/usr/lib/libmecabra.dylib
0x0000000002bbf000 	/System/Library/Frameworks/ApplicationServices.framework/Versions/A/Frameworks/ATS.framework/Versions/A/ATS
0x0000000002bbf000 	/System/Library/Frameworks/ApplicationServices.framework/Versions/A/Frameworks/ColorSync.framework/Versions/A/ColorSync
0x0000000002bbf000 	/System/Library/Frameworks/ApplicationServices.framework/Versions/A/Frameworks/HIServices.framework/Versions/A/HIServices
0x0000000002bbf000 	/System/Library/Frameworks/ApplicationServices.framework/Versions/A/Frameworks/LangAnalysis.framework/Versions/A/LangAnalysis
0x0000000002bbf000 	/System/Library/Frameworks/ApplicationServices.framework/Versions/A/Frameworks/PrintCore.framework/Versions/A/PrintCore
0x0000000002bbf000 	/System/Library/Frameworks/ApplicationServices.framework/Versions/A/Frameworks/QD.framework/Versions/A/QD
0x0000000002bbf000 	/System/Library/Frameworks/ApplicationServices.framework/Versions/A/Frameworks/SpeechSynthesis.framework/Versions/A/SpeechSynthesis
0x0000000002bbf000 	/System/Library/Frameworks/Metal.framework/Versions/A/Metal
0x0000000002bbf000 	/System/Library/Frameworks/Accelerate.framework/Versions/A/Frameworks/vImage.framework/Versions/A/vImage
0x0000000002bbf000 	/System/Library/Frameworks/Accelerate.framework/Versions/A/Frameworks/vecLib.framework/Versions/A/vecLib
0x0000000002bbf000 	/System/Library/Frameworks/Accelerate.framework/Versions/A/Frameworks/vecLib.framework/Versions/A/libvDSP.dylib
0x0000000002bbf000 	/System/Library/Frameworks/Accelerate.framework/Versions/A/Frameworks/vecLib.framework/Versions/A/libvMisc.dylib
0x0000000002bbf000 	/System/Library/Frameworks/Accelerate.framework/Versions/A/Frameworks/vecLib.framework/Versions/A/libLAPACK.dylib
0x0000000002bbf000 	/System/Library/Frameworks/Accelerate.framework/Versions/A/Frameworks/vecLib.framework/Versions/A/libBLAS.dylib
0x0000000002bbf000 	/System/Library/Frameworks/Accelerate.framework/Versions/A/Frameworks/vecLib.framework/Versions/A/libLinearAlgebra.dylib
0x0000000002bbf000 	/System/Library/Frameworks/Accelerate.framework/Versions/A/Frameworks/vecLib.framework/Versions/A/libSparseBLAS.dylib
0x0000000002bbf000 	/System/Library/PrivateFrameworks/GPUCompiler.framework/libmetal_timestamp.dylib
0x0000000002bbf000 	/System/Library/Frameworks/OpenGL.framework/Versions/A/Libraries/libCoreFSCache.dylib
0x0000000002bbf000 	/System/Library/PrivateFrameworks/IOAccelerator.framework/Versions/A/IOAccelerator
0x0000000002bbf000 	/System/Library/Frameworks/ApplicationServices.framework/Versions/A/Frameworks/ATS.framework/Versions/A/Resources/libFontParser.dylib
0x0000000002bbf000 	/System/Library/Frameworks/ApplicationServices.framework/Versions/A/Frameworks/ATS.framework/Versions/A/Resources/libFontRegistry.dylib
0x0000000002bbf000 	/System/Library/PrivateFrameworks/AppleVPA.framework/Versions/A/AppleVPA
0x0000000002bbf000 	/System/Library/PrivateFrameworks/AppleJPEG.framework/Versions/A/AppleJPEG
0x0000000002bbf000 	/System/Library/Frameworks/ImageIO.framework/Versions/A/Resources/libJPEG.dylib
0x0000000002bbf000 	/System/Library/Frameworks/ImageIO.framework/Versions/A/Resources/libTIFF.dylib
0x0000000002bbf000 	/System/Library/Frameworks/ImageIO.framework/Versions/A/Resources/libPng.dylib
0x0000000002bbf000 	/System/Library/Frameworks/ImageIO.framework/Versions/A/Resources/libGIF.dylib
0x0000000002bbf000 	/System/Library/Frameworks/ImageIO.framework/Versions/A/Resources/libJP2.dylib
0x0000000002bbf000 	/System/Library/Frameworks/ImageIO.framework/Versions/A/Resources/libRadiance.dylib
0x0000000002bbf000 	/System/Library/Frameworks/CoreVideo.framework/Versions/A/CoreVideo
0x0000000002bbf000 	/System/Library/Frameworks/OpenGL.framework/Versions/A/Libraries/libGLU.dylib
0x0000000002bbf000 	/System/Library/Frameworks/OpenGL.framework/Versions/A/Libraries/libGFXShared.dylib
0x0000000002bbf000 	/System/Library/Frameworks/OpenGL.framework/Versions/A/Libraries/libGL.dylib
0x0000000002bbf000 	/System/Library/Frameworks/OpenGL.framework/Versions/A/Libraries/libGLImage.dylib
0x0000000002bbf000 	/System/Library/Frameworks/OpenGL.framework/Versions/A/Libraries/libCVMSPluginSupport.dylib
0x0000000002bbf000 	/System/Library/Frameworks/OpenGL.framework/Versions/A/Libraries/libCoreVMClient.dylib
0x0000000002bbf000 	/usr/lib/libcups.2.dylib
0x0000000002bbf000 	/System/Library/Frameworks/Kerberos.framework/Versions/A/Kerberos
0x0000000002bbf000 	/System/Library/Frameworks/GSS.framework/Versions/A/GSS
0x0000000002bbf000 	/usr/lib/libresolv.9.dylib
0x0000000002bbf000 	/usr/lib/libiconv.2.dylib
0x0000000002bbf000 	/System/Library/PrivateFrameworks/Heimdal.framework/Versions/A/Heimdal
0x0000000002bbf000 	/usr/lib/libheimdal-asn1.dylib
0x0000000002bbf000 	/System/Library/Frameworks/OpenDirectory.framework/Versions/A/OpenDirectory
0x0000000002bbf000 	/System/Library/PrivateFrameworks/CommonAuth.framework/Versions/A/CommonAuth
0x0000000002bbf000 	/System/Library/Frameworks/OpenDirectory.framework/Versions/A/Frameworks/CFOpenDirectory.framework/Versions/A/CFOpenDirectory
0x0000000002bbf000 	/System/Library/Frameworks/SecurityFoundation.framework/Versions/A/SecurityFoundation
0x0000000002bbf000 	/System/Library/PrivateFrameworks/LanguageModeling.framework/Versions/A/LanguageModeling
0x0000000002bbf000 	/usr/lib/libmarisa.dylib
0x0000000002bbf000 	/usr/lib/libChineseTokenizer.dylib
0x0000000002bbf000 	/usr/lib/libcmph.dylib
0x0000000002bbf000 	/usr/lib/libcompression.dylib
0x0000000002bbf000 	/System/Library/Frameworks/ServiceManagement.framework/Versions/A/ServiceManagement
0x0000000002bbf000 	/usr/lib/libxslt.1.dylib
0x0000000002bbf000 	/System/Library/Frameworks/Carbon.framework/Versions/A/Frameworks/Ink.framework/Versions/A/Ink
0x0000000002bbf000 	/usr/lib/libFosl_dynamic.dylib
0x0000000002bbf000 	/System/Library/PrivateFrameworks/FaceCore.framework/Versions/A/FaceCore
0x0000000002bbf000 	/System/Library/Frameworks/OpenCL.framework/Versions/A/OpenCL
0x0000000002bbf000 	/System/Library/PrivateFrameworks/CrashReporterSupport.framework/Versions/A/CrashReporterSupport
0x0000000002bbf000 	/System/Library/PrivateFrameworks/IconServices.framework/Versions/A/IconServices
0x0000000002bbf000 	/System/Library/PrivateFrameworks/Apple80211.framework/Versions/A/Apple80211
0x0000000002bbf000 	/System/Library/Frameworks/CoreWLAN.framework/Versions/A/CoreWLAN
0x0000000002bbf000 	/System/Library/Frameworks/IOBluetooth.framework/Versions/A/IOBluetooth
0x0000000002bbf000 	/System/Library/PrivateFrameworks/CoreWiFi.framework/Versions/A/CoreWiFi
0x0000000002bbf000 	/System/Library/Frameworks/CoreBluetooth.framework/Versions/A/CoreBluetooth
0x0000000002bbf000 	/System/Library/PrivateFrameworks/ChunkingLibrary.framework/Versions/A/ChunkingLibrary
0x0000000002bbf000 	/System/Library/PrivateFrameworks/DebugSymbols.framework/Versions/A/DebugSymbols
0x0000000002bbf000 	/System/Library/PrivateFrameworks/CoreSymbolication.framework/Versions/A/CoreSymbolication
0x0000000002bbf000 	/System/Library/PrivateFrameworks/Symbolication.framework/Versions/A/Symbolication
0x0000000002bbf000 	/System/Library/PrivateFrameworks/SpeechRecognitionCore.framework/Versions/A/SpeechRecognitionCore
0x000000010e400000 	/Library/Java/JavaVirtualMachines/jdk1.8.0_60.jdk/Contents/Home/jre/lib/server/libjvm.dylib
0x0000000002bbf000 	/usr/lib/libstdc++.6.dylib
0x000000010da17000 	/Library/Java/JavaVirtualMachines/jdk1.8.0_60.jdk/Contents/Home/jre/lib/libverify.dylib
0x000000010da25000 	/Library/Java/JavaVirtualMachines/jdk1.8.0_60.jdk/Contents/Home/jre/lib/libjava.dylib
0x000000010da64000 	/Library/Java/JavaVirtualMachines/jdk1.8.0_60.jdk/Contents/Home/jre/lib/libzip.dylib
0x0000000124b59000 	/System/Library/Frameworks/JavaVM.framework/Frameworks/JavaRuntimeSupport.framework/JavaRuntimeSupport
0x0000000124b74000 	/System/Library/Frameworks/JavaVM.framework/Versions/A/Frameworks/JavaNativeFoundation.framework/Versions/A/JavaNativeFoundation
0x0000000124b89000 	/System/Library/Frameworks/JavaVM.framework/Versions/A/JavaVM
0x0000000002bbf000 	/System/Library/Frameworks/Carbon.framework/Versions/A/Carbon
0x0000000124b96000 	/System/Library/PrivateFrameworks/JavaLaunching.framework/Versions/A/JavaLaunching
0x0000000002bbf000 	/System/Library/Frameworks/Carbon.framework/Versions/A/Frameworks/CommonPanels.framework/Versions/A/CommonPanels
0x0000000002bbf000 	/System/Library/Frameworks/Carbon.framework/Versions/A/Frameworks/Help.framework/Versions/A/Help
0x0000000002bbf000 	/System/Library/Frameworks/Carbon.framework/Versions/A/Frameworks/ImageCapture.framework/Versions/A/ImageCapture
0x0000000002bbf000 	/System/Library/Frameworks/Carbon.framework/Versions/A/Frameworks/OpenScripting.framework/Versions/A/OpenScripting
0x0000000002bbf000 	/System/Library/Frameworks/Carbon.framework/Versions/A/Frameworks/Print.framework/Versions/A/Print
0x0000000002bbf000 	/System/Library/Frameworks/Carbon.framework/Versions/A/Frameworks/SecurityHI.framework/Versions/A/SecurityHI
0x00000001264b8000 	/Library/Java/JavaVirtualMachines/jdk1.8.0_60.jdk/Contents/Home/jre/lib/libawt.dylib
0x0000000126560000 	/Library/Java/JavaVirtualMachines/jdk1.8.0_60.jdk/Contents/Home/jre/lib/./libmlib_image.dylib
0x000000012662c000 	/Library/Java/JavaVirtualMachines/jdk1.8.0_60.jdk/Contents/Home/jre/lib/libawt_lwawt.dylib
0x00000001266e1000 	/Library/Java/JavaVirtualMachines/jdk1.8.0_60.jdk/Contents/Home/jre/lib/./libosxapp.dylib
0x0000000002bbf000 	/System/Library/Frameworks/ExceptionHandling.framework/Versions/A/ExceptionHandling
0x0000000002bbf000 	/System/Library/PrivateFrameworks/CoreServicesInternal.framework/Versions/A/CoreServicesInternal
0x0000000002bbf000 	/System/Library/Frameworks/CoreGraphics.framework/Versions/A/Resources/libRIP.A.dylib
0x0000000002bbf000 	/System/Library/Frameworks/Accelerate.framework/Versions/A/Frameworks/vImage.framework/Versions/A/Libraries/libCGInterfaces.dylib
0x0000000002bbf000 	/System/Library/Frameworks/CoreGraphics.framework/Versions/A/Resources/libCGXType.A.dylib
0x0000000002bbf000 	/System/Library/Frameworks/OpenCL.framework/Versions/A/Libraries/libcldcpuengine.dylib
0x0000000002bbf000 	/System/Library/PrivateFrameworks/DiskImages.framework/Versions/A/DiskImages
0x0000000002bbf000 	/System/Library/Frameworks/DiscRecording.framework/Versions/A/DiscRecording
0x0000000002bbf000 	/usr/lib/libcsfde.dylib
0x0000000002bbf000 	/usr/lib/libcurl.4.dylib
0x0000000002bbf000 	/System/Library/PrivateFrameworks/MediaKit.framework/Versions/A/MediaKit
0x0000000002bbf000 	/System/Library/PrivateFrameworks/ProtectedCloudStorage.framework/Versions/A/ProtectedCloudStorage
0x0000000002bbf000 	/usr/lib/libCoreStorage.dylib
0x0000000002bbf000 	/System/Library/PrivateFrameworks/EFILogin.framework/Versions/A/EFILogin
0x0000000002bbf000 	/usr/lib/libutil.dylib
0x0000000002bbf000 	/System/Library/PrivateFrameworks/FindMyDevice.framework/Versions/A/FindMyDevice
0x0000000002bbf000 	/System/Library/Frameworks/LDAP.framework/Versions/A/LDAP
0x0000000002bbf000 	/usr/lib/libsasl2.2.dylib
0x0000000002bbf000 	/System/Library/PrivateFrameworks/CoreDaemon.framework/Versions/B/CoreDaemon
0x0000000002bbf000 	/usr/lib/libcrypto.0.9.8.dylib
0x0000000002bbf000 	/System/Library/PrivateFrameworks/AppleSRP.framework/Versions/A/AppleSRP
0x0000000002bbf000 	/System/Library/PrivateFrameworks/TrustEvaluationAgent.framework/Versions/A/TrustEvaluationAgent
0x0000000127dfb000 	cl_kernels
0x0000000002bbf000 	/System/Library/Frameworks/OpenCL.framework/Versions/A/Libraries/ImageFormats/unorm8_bgra.dylib
0x0000000002bbf000 	/System/Library/Frameworks/OpenCL.framework/Versions/A/Libraries/ImageFormats/unorm8_rgba.dylib
0x0000000002bbf000 	/System/Library/PrivateFrameworks/FamilyControls.framework/Versions/A/FamilyControls
0x0000000002bbf000 	/System/Library/PrivateFrameworks/CommerceKit.framework/Versions/A/Frameworks/CommerceCore.framework/Versions/A/CommerceCore
0x0000000002bbf000 	/System/Library/PrivateFrameworks/SystemAdministration.framework/Versions/A/SystemAdministration
0x0000000002bbf000 	/System/Library/PrivateFrameworks/AppContainer.framework/Versions/A/AppContainer
0x0000000002bbf000 	/System/Library/PrivateFrameworks/SecCodeWrapper.framework/Versions/A/SecCodeWrapper
0x0000000002bbf000 	/System/Library/Frameworks/DirectoryService.framework/Versions/A/DirectoryService
0x0000000002bbf000 	/System/Library/PrivateFrameworks/LoginUIKit.framework/Versions/A/Frameworks/LoginUICore.framework/Versions/A/LoginUICore
0x0000000002bbf000 	/usr/lib/libodfde.dylib
0x0000000002bbf000 	/System/Library/Frameworks/OpenGL.framework/Versions/A/Resources/GLEngine.bundle/GLEngine
0x0000000002bbf000 	/System/Library/Frameworks/OpenGL.framework/Versions/A/Libraries/libGLProgrammability.dylib
0x0000000128e3b000 	/System/Library/Extensions/AppleIntelHD5000GraphicsGLDriver.bundle/Contents/MacOS/AppleIntelHD5000GraphicsGLDriver
0x0000000002bbf000 	/System/Library/PrivateFrameworks/GPUSupport.framework/Versions/A/Libraries/libGPUSupportMercury.dylib
0x0000000002bbf000 	/System/Library/Frameworks/OpenGL.framework/Versions/A/Resources/GLRendererFloat.bundle/GLRendererFloat
0x0000000129e33000 	/Library/Java/JavaVirtualMachines/jdk1.8.0_60.jdk/Contents/Home/jre/lib/libfontmanager.dylib
0x000000012b28d000 	/Library/Java/JavaVirtualMachines/jdk1.8.0_60.jdk/Contents/Home/jre/lib/libosxui.dylib
0x000000012c084000 	/Library/Java/JavaVirtualMachines/jdk1.8.0_60.jdk/Contents/Home/jre/lib/libnet.dylib
0x000000012be98000 	/Library/Java/JavaVirtualMachines/jdk1.8.0_60.jdk/Contents/Home/jre/lib/libnio.dylib
0x0000000002bbf000 	/System/Library/Frameworks/ApplicationServices.framework/Versions/A/Frameworks/ATS.framework/Versions/A/Resources/libTrueTypeScaler.dylib
0x000000017c1a8000 	/System/Library/Extensions/AppleIntelHD5000GraphicsMTLDriver.bundle/Contents/MacOS/AppleIntelHD5000GraphicsMTLDriver
0x00000001273a2000 	/private/var/folders/99/1pg_nk0n3t9874fc2q3jwvxm0000gn/T/jogamp_0000/file_cache/jln2078040475524992010/jln559660960826728853/libgluegen-rt.jnilib
0x00000001273a7000 	/private/var/folders/99/1pg_nk0n3t9874fc2q3jwvxm0000gn/T/jogamp_0000/file_cache/jln2078040475524992010/jln559660960826728853/libnativewindow_awt.jnilib
0x00000001273aa000 	/Library/Java/JavaVirtualMachines/jdk1.8.0_60.jdk/Contents/Home/jre/lib/libjawt.dylib
0x00000001273ad000 	/private/var/folders/99/1pg_nk0n3t9874fc2q3jwvxm0000gn/T/jogamp_0000/file_cache/jln2078040475524992010/jln559660960826728853/libnativewindow_macosx.jnilib
0x000000017d985000 	/private/var/folders/99/1pg_nk0n3t9874fc2q3jwvxm0000gn/T/jogamp_0000/file_cache/jln2078040475524992010/jln559660960826728853/libjogl_desktop.jnilib

VM Arguments:
jvm_args: -Djava.security.policy=java.policy.applet -Dfile.encoding=UTF-8 
java_command: sun.applet.AppletViewer module1.HelloWorld1444996568995.html
java_class_path (initial): /Users/PAN/Documents/Eclipse/UCSDUnfoldingMaps/build:/Users/PAN/Documents/Eclipse/UCSDUnfoldingMaps/lib/core.jar:/Users/PAN/Documents/Eclipse/UCSDUnfoldingMaps/lib/gluegen-rt.jar:/Users/PAN/Documents/Eclipse/UCSDUnfoldingMaps/lib/jogl-all.jar:/Users/PAN/Documents/Eclipse/UCSDUnfoldingMaps/lib/log4j-1.2.15.jar:/Users/PAN/Documents/Eclipse/UCSDUnfoldingMaps/lib/sqlite-jdbc-3.7.2.jar:/Users/PAN/Documents/Eclipse/UCSDUnfoldingMaps/lib/json4processing.jar:/Users/PAN/Documents/Eclipse/UCSDUnfoldingMaps/lib/libTUIO.jar:/Users/PAN/Documents/Eclipse/UCSDUnfoldingMaps/lib/unfolding.0.9.7-uscd.jar
Launcher Type: SUN_STANDARD

Environment Variables:
PATH=/usr/bin:/bin:/usr/sbin:/sbin
SHELL=/bin/bash

Signal Handlers:
SIGSEGV: [libjvm.dylib+0x5a6d31], sa_mask[0]=11111111011111110111111111111111, sa_flags=SA_ONSTACK|SA_RESTART|SA_SIGINFO
SIGBUS: [libjvm.dylib+0x5a6d31], sa_mask[0]=11111111011111110111111111111111, sa_flags=SA_RESTART|SA_SIGINFO
SIGFPE: [libjvm.dylib+0x480a4c], sa_mask[0]=11111111011111110111111111111111, sa_flags=SA_RESTART|SA_SIGINFO
SIGPIPE: [libjvm.dylib+0x480a4c], sa_mask[0]=11111111011111110111111111111111, sa_flags=SA_RESTART|SA_SIGINFO
SIGXFSZ: [libjvm.dylib+0x480a4c], sa_mask[0]=11111111011111110111111111111111, sa_flags=SA_RESTART|SA_SIGINFO
SIGILL: [libjvm.dylib+0x480a4c], sa_mask[0]=11111111011111110111111111111111, sa_flags=SA_RESTART|SA_SIGINFO
SIGUSR1: SIG_DFL, sa_mask[0]=00000000000000000000000000000000, sa_flags=none
SIGUSR2: [libjvm.dylib+0x48056a], sa_mask[0]=00100000000000000000000000000000, sa_flags=SA_RESTART|SA_SIGINFO
SIGHUP: [libjvm.dylib+0x47eb41], sa_mask[0]=11111111011111110111111111111111, sa_flags=SA_RESTART|SA_SIGINFO
SIGINT: [libjvm.dylib+0x47eb41], sa_mask[0]=11111111011111110111111111111111, sa_flags=SA_RESTART|SA_SIGINFO
SIGTERM: [libjvm.dylib+0x47eb41], sa_mask[0]=11111111011111110111111111111111, sa_flags=SA_RESTART|SA_SIGINFO
SIGQUIT: [libjvm.dylib+0x47eb41], sa_mask[0]=11111111011111110111111111111111, sa_flags=SA_RESTART|SA_SIGINFO


---------------  S Y S T E M  ---------------

OS:Bsduname:Darwin 15.0.0 Darwin Kernel Version 15.0.0: Wed Aug 26 16:57:32 PDT 2015; root:xnu-3247.1.106~1/RELEASE_X86_64 x86_64
rlimit: STACK 8192k, CORE 0k, NPROC 709, NOFILE 10240, AS infinity
load average:1.80 1.86 1.83

CPU:total 4 (2 cores per cpu, 2 threads per core) family 6 model 69 stepping 1, cmov, cx8, fxsr, mmx, sse, sse2, sse3, ssse3, sse4.1, sse4.2, popcnt, avx, avx2, aes, clmul, erms, lzcnt, ht, tsc, tscinvbit, bmi1, bmi2

Memory: 4k page, physical 8388608k(2248340k free)

/proc/meminfo:


vm_info: Java HotSpot(TM) 64-Bit Server VM (25.60-b23) for bsd-amd64 JRE (1.8.0_60-b27), built on Aug  4 2015 10:47:24 by "java_re" with gcc 4.2.1 (Based on Apple Inc. build 5658) (LLVM build 2336.11.00)

time: Fri Oct 16 06:56:22 2015
elapsed time: 13 seconds (0d 0h 0m 13s)

