#
# A fatal error has been detected by the Java Runtime Environment:
#
#  SIGSEGV (0xb) at pc=0x00007fff92e7ed5d, pid=664, tid=2571
#
# JRE version: Java(TM) SE Runtime Environment (8.0_60-b27) (build 1.8.0_60-b27)
# Java VM: Java HotSpot(TM) 64-Bit Server VM (25.60-b23 mixed mode bsd-amd64 compressed oops)
# Problematic frame:
# C  [libobjc.A.dylib+0x6d5d]  objc_msgSend+0x1d
#
# Failed to write core dump. Core dumps have been disabled. To enable core dumping, try "ulimit -c unlimited" before starting Java again
#
# If you would like to submit a bug report, please visit:
#   http://bugreport.java.com/bugreport/crash.jsp
# The crash happened outside the Java Virtual Machine in native code.
# See problematic frame for where to report the bug.
#

---------------  T H R E A D  ---------------

Current thread (0x00007fcf6c06c800):  JavaThread "AWT-AppKit" daemon [_thread_in_native, id=2571, stack(0x00007fff50214000,0x00007fff50a14000)]

siginfo: si_signo: 11 (SIGSEGV), si_code: 1 (SEGV_MAPERR), si_addr: 0x0000000000000018

Registers:
RAX=0x00007fcf6fb3cb10, RBX=0x0000000128e0f450, RCX=0x000000012d89cd40, RDX=0x000000012d89c1e0
RSP=0x00007fff50a0f3d8, RBP=0x00007fff50a0f490, RSI=0x00007fff94413d06, RDI=0x00007fcf6bc7a0e0
R8 =0x0000000000000000, R9 =0x0000000000000810, R10=0x00007fff94413d06, R11=0x0000000000000000
R12=0x0000000000000000, R13=0x000000017f508ef0, R14=0x0000000128e0f440, R15=0x00007fcf6c06c800
RIP=0x00007fff92e7ed5d, EFLAGS=0x0000000000010246, ERR=0x0000000000000004
  TRAPNO=0x000000000000000e

Top of Stack: (sp=0x00007fff50a0f3d8)
0x00007fff50a0f3d8:   0000000128e0d157 00007fff50a0f430
0x00007fff50a0f3e8:   0000000000000003 00007fff50a0f410
0x00007fff50a0f3f8:   000000010fff1992 000000017f508ef0
0x00007fff50a0f408:   000000017f508ef0 00007fcf6fb3cb10
0x00007fff50a0f418:   0000000128e0f6a0 0000000128e0f710
0x00007fff50a0f428:   00007fff75321740 00007fff7515f4b0
0x00007fff50a0f438:   0000000128e0f450 0000000128e0f690
0x00007fff50a0f448:   00007fcf6fb3cb10 00007fcf6bc7a0e0
0x00007fff50a0f458:   00007fcf6fb70730 00007fcf6fb3cb10
0x00007fff50a0f468:   00007fcf6bc7a0e0 00007fff50a0f518
0x00007fff50a0f478:   00007fcf6c06c9f8 000000017f508ef0
0x00007fff50a0f488:   00007fff50a0f540 00007fff50a0f508
0x00007fff50a0f498:   0000000110d9e954 000000017f508ef0
0x00007fff50a0f4a8:   00007fff50a0f540 00007fff50a0f508
0x00007fff50a0f4b8:   0000000110d9e6e7 0000000110d9e6a2
0x00007fff50a0f4c8:   00007fff50a0f4c8 000000017f508ef0
0x00007fff50a0f4d8:   00007fff50a0f540 000000017f50bb28
0x00007fff50a0f4e8:   0000000000000000 000000017f508ef0
0x00007fff50a0f4f8:   0000000000000000 00007fff50a0f528
0x00007fff50a0f508:   00007fff50a0f588 0000000110d90c4d
0x00007fff50a0f518:   00000007403db0f8 0000000110d98578
0x00007fff50a0f528:   00007fcf6fb3cb10 00007fff50a0f588
0x00007fff50a0f538:   00007fcf6bc7a0e0 0000000110d99d82
0x00007fff50a0f548:   00007fff50a0f548 000000017f5090ba
0x00007fff50a0f558:   00007fff50a0f5b0 000000017f50bb28
0x00007fff50a0f568:   0000000000000000 000000017f5090c8
0x00007fff50a0f578:   00007fff50a0f528 00007fff50a0f598
0x00007fff50a0f588:   00007fff50a0f5f8 0000000110d90c4d
0x00007fff50a0f598:   00007fcf6fb3cb10 00000007996a7d00
0x00007fff50a0f5a8:   00007fcf6bc7a0e0 00000007996a7d00
0x00007fff50a0f5b8:   00007fff50a0f5b8 0000000182a010ee
0x00007fff50a0f5c8:   00007fff50a0f608 0000000182a011a8 

Instructions: (pc=0x00007fff92e7ed5d)
0x00007fff92e7ed3d:   44 00 00 48 85 ff 2e 74 62 40 f6 c7 01 2e 75 66
0x00007fff92e7ed4d:   49 bb f8 ff ff ff ff 7f 00 00 4c 23 1f 49 89 f2
0x00007fff92e7ed5d:   45 23 53 18 49 c1 e2 04 4d 03 53 10 49 3b 32 75
0x00007fff92e7ed6d:   04 41 ff 62 08 49 83 3a 01 76 0d 49 83 c2 10 49 

Register to memory mapping:

RAX=0x00007fcf6fb3cb10 is an unknown value
RBX=0x0000000128e0f450: Java_jogamp_nativewindow_macosx_OSXUtil_GetScreenRefreshRate0+0x1cf0 in /private/var/folders/99/1pg_nk0n3t9874fc2q3jwvxm0000gn/T/jogamp_0000/file_cache/jln757191732943521449/jln4013258349708398019/libnativewindow_macosx.jnilib at 0x0000000128e08000
RCX=0x000000012d89cd40 is an unknown value
RDX=0x000000012d89c1e0 is an unknown value
RSP=0x00007fff50a0f3d8 is pointing into the stack for thread: 0x00007fcf6c06c800
RBP=0x00007fff50a0f490 is pointing into the stack for thread: 0x00007fcf6c06c800
RSI=0x00007fff94413d06 is an unknown value
RDI=0x00007fcf6bc7a0e0 is an unknown value
R8 =0x0000000000000000 is an unknown value
R9 =0x0000000000000810 is an unknown value
R10=0x00007fff94413d06 is an unknown value
R11=0x0000000000000000 is an unknown value
R12=0x0000000000000000 is an unknown value
R13={method} {0x000000017f508ef0} 'UnsetJAWTRootSurfaceLayer0' '(JJ)V' in 'jogamp/nativewindow/jawt/macosx/MacOSXJAWTWindow'
R14=0x0000000128e0f440: Java_jogamp_nativewindow_macosx_OSXUtil_GetScreenRefreshRate0+0x1ce0 in /private/var/folders/99/1pg_nk0n3t9874fc2q3jwvxm0000gn/T/jogamp_0000/file_cache/jln757191732943521449/jln4013258349708398019/libnativewindow_macosx.jnilib at 0x0000000128e08000
R15=0x00007fcf6c06c800 is a thread


Stack: [0x00007fff50214000,0x00007fff50a14000],  sp=0x00007fff50a0f3d8,  free space=8172k
Native frames: (J=compiled Java code, j=interpreted, Vv=VM code, C=native code)
C  [libobjc.A.dylib+0x6d5d]  objc_msgSend+0x1d
j  jogamp.nativewindow.jawt.macosx.MacOSXJAWTWindow.UnsetJAWTRootSurfaceLayer0(JJ)V+0
j  jogamp.nativewindow.jawt.macosx.MacOSXJAWTWindow.access$200(JJ)V+2
j  jogamp.nativewindow.jawt.macosx.MacOSXJAWTWindow$1.run()V+38
J 2030 C1 com.jogamp.common.util.RunnableTask.run()V (345 bytes) @ 0x000000011146ad54 [0x000000011146abc0+0x194]
v  ~StubRoutines::call_stub
V  [libjvm.dylib+0x2eab0e]  JavaCalls::call_helper(JavaValue*, methodHandle*, JavaCallArguments*, Thread*)+0x6ae
V  [libjvm.dylib+0x321bb7]  jni_invoke_nonstatic(JNIEnv_*, JavaValue*, _jobject*, JNICallType, _jmethodID*, JNI_ArgumentPusher*, Thread*)+0x2ec
V  [libjvm.dylib+0x31438b]  jni_CallVoidMethod+0x16b
C  [libnativewindow_macosx.jnilib+0x5326]  Java_jogamp_nativewindow_jawt_macosx_MacOSXJAWTWindow_UnsetJAWTRootSurfaceLayer0+0x2b6
C  [Foundation+0x7754e]  __NSThreadPerformPerform+0x117
C  [CoreFoundation+0xaa621]  __CFRUNLOOP_IS_CALLING_OUT_TO_A_SOURCE0_PERFORM_FUNCTION__+0x11
C  [CoreFoundation+0x89d97]  __CFRunLoopDoSources0+0x1a7
C  [CoreFoundation+0x8933f]  __CFRunLoopRun+0x39f
C  [CoreFoundation+0x88d38]  CFRunLoopRunSpecific+0x128
C  [HIToolbox+0x30d55]  RunCurrentEventLoopInMode+0xeb
C  [HIToolbox+0x30a97]  ReceiveNextEventCommon+0xb8
C  [HIToolbox+0x309cf]  _BlockUntilNextEventMatchingListInModeWithFilter+0x47
C  [AppKit+0x49f3a]  _DPSNextEvent+0x42b
C  [AppKit+0x49369]  -[NSApplication _nextEventMatchingEventMask:untilDate:inMode:dequeue:]+0x1c6
C  [libosxapp.dylib+0x23aa]  -[NSApplicationAWT nextEventMatchingMask:untilDate:inMode:dequeue:]+0x7c
C  [AppKit+0x3decc]  -[NSApplication run]+0x2aa
C  [libosxapp.dylib+0x214d]  +[NSApplicationAWT runAWTLoopWithApp:]+0x9c
C  [libawt_lwawt.dylib+0x44517]  -[AWTStarter starter:]+0x389
C  [Foundation+0x7754e]  __NSThreadPerformPerform+0x117
C  [CoreFoundation+0xaa621]  __CFRUNLOOP_IS_CALLING_OUT_TO_A_SOURCE0_PERFORM_FUNCTION__+0x11
C  [CoreFoundation+0x89e1c]  __CFRunLoopDoSources0+0x22c
C  [CoreFoundation+0x8933f]  __CFRunLoopRun+0x39f
C  [CoreFoundation+0x88d38]  CFRunLoopRunSpecific+0x128
C  [java+0x6463]  CreateExecutionEnvironment+0x367
C  [java+0x21ac]  JLI_Launch+0x7a0
C  [java+0x84c0]  main+0x65
C  [java+0x1a04]  start+0x34
C  0x0000000000000007

Java frames: (J=compiled Java code, j=interpreted, Vv=VM code)
j  jogamp.nativewindow.jawt.macosx.MacOSXJAWTWindow.UnsetJAWTRootSurfaceLayer0(JJ)V+0
j  jogamp.nativewindow.jawt.macosx.MacOSXJAWTWindow.access$200(JJ)V+2
j  jogamp.nativewindow.jawt.macosx.MacOSXJAWTWindow$1.run()V+38
J 2030 C1 com.jogamp.common.util.RunnableTask.run()V (345 bytes) @ 0x000000011146ad54 [0x000000011146abc0+0x194]
v  ~StubRoutines::call_stub

---------------  P R O C E S S  ---------------

Java Threads: ( => current thread )
  0x00007fcf6d249000 JavaThread "Thread-53" [_thread_blocked, id=34583, stack(0x00007000010cd000,0x00007000011cd000)]
  0x00007fcf6c33c800 JavaThread "AWT-EventQueue-1" [_thread_in_native, id=59431, stack(0x00007000018eb000,0x00007000019eb000)]
  0x00007fcf6d859800 JavaThread "DestroyJavaVM" [_thread_blocked, id=5891, stack(0x000070000011a000,0x000070000021a000)]
  0x00007fcf6d934000 JavaThread "AWT-EventQueue-0" [_thread_blocked, id=56323, stack(0x00007000016e5000,0x00007000017e5000)]
  0x00007fcf6c153800 JavaThread "Java2D Disposer" daemon [_thread_blocked, id=52995, stack(0x000070000145c000,0x000070000155c000)]
  0x00007fcf6c0f5800 JavaThread "Java2D Queue Flusher" daemon [_thread_blocked, id=49163, stack(0x0000700001359000,0x0000700001459000)]
  0x00007fcf6d926800 JavaThread "AWT-Shutdown" [_thread_blocked, id=29971, stack(0x00007000011d3000,0x00007000012d3000)]
=>0x00007fcf6c06c800 JavaThread "AWT-AppKit" daemon [_thread_in_native, id=2571, stack(0x00007fff50214000,0x00007fff50a14000)]
  0x00007fcf6d821800 JavaThread "Service Thread" daemon [_thread_blocked, id=18691, stack(0x0000700000e44000,0x0000700000f44000)]
  0x00007fcf6c01f800 JavaThread "C1 CompilerThread2" daemon [_thread_blocked, id=18179, stack(0x0000700000d41000,0x0000700000e41000)]
  0x00007fcf6c839000 JavaThread "C2 CompilerThread1" daemon [_thread_blocked, id=17667, stack(0x0000700000c3e000,0x0000700000d3e000)]
  0x00007fcf6c844000 JavaThread "C2 CompilerThread0" daemon [_thread_blocked, id=17155, stack(0x0000700000b3b000,0x0000700000c3b000)]
  0x00007fcf6d816800 JavaThread "Signal Dispatcher" daemon [_thread_blocked, id=13839, stack(0x0000700000a38000,0x0000700000b38000)]
  0x00007fcf6c01d800 JavaThread "Finalizer" daemon [_thread_blocked, id=12291, stack(0x000070000082f000,0x000070000092f000)]
  0x00007fcf6c01c800 JavaThread "Reference Handler" daemon [_thread_blocked, id=11779, stack(0x000070000072c000,0x000070000082c000)]

Other Threads:
  0x00007fcf6c01a000 VMThread [stack: 0x0000700000629000,0x0000700000729000] [id=11267]
  0x00007fcf6d02a000 WatcherThread [stack: 0x0000700000f47000,0x0000700001047000] [id=19203]

VM state:not at safepoint (normal execution)

VM Mutex/Monitor currently owned by a thread: None

Heap:
 PSYoungGen      total 71680K, used 54526K [0x0000000795580000, 0x000000079f580000, 0x00000007c0000000)
  eden space 66560K, 74% used [0x0000000795580000,0x00000007985eaba8,0x0000000799680000)
  from space 5120K, 96% used [0x0000000799680000,0x0000000799b54cc0,0x0000000799b80000)
  to   space 15360K, 0% used [0x000000079e680000,0x000000079e680000,0x000000079f580000)
 ParOldGen       total 87552K, used 22385K [0x0000000740000000, 0x0000000745580000, 0x0000000795580000)
  object space 87552K, 25% used [0x0000000740000000,0x00000007415dc758,0x0000000745580000)
 Metaspace       used 19086K, capacity 19263K, committed 19328K, reserved 1067008K
  class space    used 1868K, capacity 1918K, committed 1920K, reserved 1048576K

Card table byte_map: [0x0000000120149000,0x000000012054a000] byte_map_base: 0x000000011c749000

Marking Bits: (ParMarkBitMap*) 0x00000001106dee20
 Begin Bits: [0x00000001207f5000, 0x00000001227f5000)
 End Bits:   [0x00000001227f5000, 0x00000001247f5000)

Polling page: 0x000000010f4af000

CodeCache: size=245760Kb used=7696Kb max_used=7696Kb free=238063Kb
 bounds [0x0000000110d89000, 0x0000000111519000, 0x000000011fd89000]
 total_blobs=3080 nmethods=2207 adapters=787
 compilation: enabled

Compilation events (10 events):
Event: 20.399 Thread 0x00007fcf6c01f800 2203       3       sun.lwawt.LWComponentPeer::getVisibleRegion (9 bytes)
Event: 20.400 Thread 0x00007fcf6c01f800 nmethod 2203 0x000000011150ff90 code [0x0000000111510100, 0x0000000111510338]
Event: 20.427 Thread 0x00007fcf6c01f800 2204       3       sun.lwawt.LWComponentPeer::localToWindow (14 bytes)
Event: 20.428 Thread 0x00007fcf6c01f800 nmethod 2204 0x0000000111513150 code [0x00000001115132e0, 0x0000000111513668]
Event: 20.428 Thread 0x00007fcf6c01f800 2205       3       sun.java2d.pipe.RenderBuffer::position (11 bytes)
Event: 20.429 Thread 0x00007fcf6c01f800 nmethod 2205 0x0000000111512e50 code [0x0000000111512fa0, 0x00000001115130f0]
Event: 20.430 Thread 0x00007fcf6c01f800 2207   !   3       sun.lwawt.LWComponentPeer::isShowing (49 bytes)
Event: 20.431 Thread 0x00007fcf6c01f800 nmethod 2207 0x0000000111512110 code [0x00000001115122c0, 0x0000000111512ba8]
Event: 20.432 Thread 0x00007fcf6c01f800 2206       3       java.lang.Boolean::valueOf (14 bytes)
Event: 20.432 Thread 0x00007fcf6c01f800 nmethod 2206 0x0000000111511d90 code [0x0000000111511f00, 0x0000000111512090]

GC Heap History (10 events):
Event: 2.409 GC heap before
{Heap before GC invocations=1 (full 0):
 PSYoungGen      total 38400K, used 33280K [0x0000000795580000, 0x0000000798000000, 0x00000007c0000000)
  eden space 33280K, 100% used [0x0000000795580000,0x0000000797600000,0x0000000797600000)
  from space 5120K, 0% used [0x0000000797b00000,0x0000000797b00000,0x0000000798000000)
  to   space 5120K, 0% used [0x0000000797600000,0x0000000797600000,0x0000000797b00000)
 ParOldGen       total 87552K, used 0K [0x0000000740000000, 0x0000000745580000, 0x0000000795580000)
  object space 87552K, 0% used [0x0000000740000000,0x0000000740000000,0x0000000745580000)
 Metaspace       used 15817K, capacity 16047K, committed 16256K, reserved 1064960K
  class space    used 1596K, capacity 1660K, committed 1664K, reserved 1048576K
Event: 2.416 GC heap after
Heap after GC invocations=1 (full 0):
 PSYoungGen      total 38400K, used 4923K [0x0000000795580000, 0x0000000798000000, 0x00000007c0000000)
  eden space 33280K, 0% used [0x0000000795580000,0x0000000795580000,0x0000000797600000)
  from space 5120K, 96% used [0x0000000797600000,0x0000000797acecb8,0x0000000797b00000)
  to   space 5120K, 0% used [0x0000000797b00000,0x0000000797b00000,0x0000000798000000)
 ParOldGen       total 87552K, used 8K [0x0000000740000000, 0x0000000745580000, 0x0000000795580000)
  object space 87552K, 0% used [0x0000000740000000,0x0000000740002000,0x0000000745580000)
 Metaspace       used 15817K, capacity 16047K, committed 16256K, reserved 1064960K
  class space    used 1596K, capacity 1660K, committed 1664K, reserved 1048576K
}
Event: 3.415 GC heap before
{Heap before GC invocations=2 (full 0):
 PSYoungGen      total 38400K, used 38075K [0x0000000795580000, 0x0000000798000000, 0x00000007c0000000)
  eden space 33280K, 99% used [0x0000000795580000,0x00000007975e02c0,0x0000000797600000)
  from space 5120K, 96% used [0x0000000797600000,0x0000000797acecb8,0x0000000797b00000)
  to   space 5120K, 0% used [0x0000000797b00000,0x0000000797b00000,0x0000000798000000)
 ParOldGen       total 87552K, used 8K [0x0000000740000000, 0x0000000745580000, 0x0000000795580000)
  object space 87552K, 0% used [0x0000000740000000,0x0000000740002000,0x0000000745580000)
 Metaspace       used 18312K, capacity 18479K, committed 18560K, reserved 1067008K
  class space    used 1860K, capacity 1916K, committed 1920K, reserved 1048576K
Event: 3.429 GC heap after
Heap after GC invocations=2 (full 0):
 PSYoungGen      total 38400K, used 5108K [0x0000000795580000, 0x0000000798000000, 0x00000007c0000000)
  eden space 33280K, 0% used [0x0000000795580000,0x0000000795580000,0x0000000797600000)
  from space 5120K, 99% used [0x0000000797b00000,0x0000000797ffd1a0,0x0000000798000000)
  to   space 5120K, 0% used [0x0000000797600000,0x0000000797600000,0x0000000797b00000)
 ParOldGen       total 87552K, used 8457K [0x0000000740000000, 0x0000000745580000, 0x0000000795580000)
  object space 87552K, 9% used [0x0000000740000000,0x00000007408426b0,0x0000000745580000)
 Metaspace       used 18312K, capacity 18479K, committed 18560K, reserved 1067008K
  class space    used 1860K, capacity 1916K, committed 1920K, reserved 1048576K
}
Event: 3.667 GC heap before
{Heap before GC invocations=3 (full 0):
 PSYoungGen      total 38400K, used 38388K [0x0000000795580000, 0x0000000798000000, 0x00000007c0000000)
  eden space 33280K, 100% used [0x0000000795580000,0x0000000797600000,0x0000000797600000)
  from space 5120K, 99% used [0x0000000797b00000,0x0000000797ffd1a0,0x0000000798000000)
  to   space 5120K, 0% used [0x0000000797600000,0x0000000797600000,0x0000000797b00000)
 ParOldGen       total 87552K, used 8713K [0x0000000740000000, 0x0000000745580000, 0x0000000795580000)
  object space 87552K, 9% used [0x0000000740000000,0x00000007408826c0,0x0000000745580000)
 Metaspace       used 18380K, capacity 18549K, committed 18816K, reserved 1067008K
  class space    used 1860K, capacity 1917K, committed 1920K, reserved 1048576K
Event: 3.677 GC heap after
Heap after GC invocations=3 (full 0):
 PSYoungGen      total 38400K, used 5107K [0x0000000795580000, 0x000000079a080000, 0x00000007c0000000)
  eden space 33280K, 0% used [0x0000000795580000,0x0000000795580000,0x0000000797600000)
  from space 5120K, 99% used [0x0000000797600000,0x0000000797afccd0,0x0000000797b00000)
  to   space 5120K, 0% used [0x0000000799b80000,0x0000000799b80000,0x000000079a080000)
 ParOldGen       total 87552K, used 15005K [0x0000000740000000, 0x0000000745580000, 0x0000000795580000)
  object space 87552K, 17% used [0x0000000740000000,0x0000000740ea7678,0x0000000745580000)
 Metaspace       used 18380K, capacity 18549K, committed 18816K, reserved 1067008K
  class space    used 1860K, capacity 1917K, committed 1920K, reserved 1048576K
}
Event: 3.989 GC heap before
{Heap before GC invocations=4 (full 0):
 PSYoungGen      total 38400K, used 38387K [0x0000000795580000, 0x000000079a080000, 0x00000007c0000000)
  eden space 33280K, 100% used [0x0000000795580000,0x0000000797600000,0x0000000797600000)
  from space 5120K, 99% used [0x0000000797600000,0x0000000797afccd0,0x0000000797b00000)
  to   space 5120K, 0% used [0x0000000799b80000,0x0000000799b80000,0x000000079a080000)
 ParOldGen       total 87552K, used 16137K [0x0000000740000000, 0x0000000745580000, 0x0000000795580000)
  object space 87552K, 18% used [0x0000000740000000,0x0000000740fc25b8,0x0000000745580000)
 Metaspace       used 18543K, capacity 18741K, committed 18816K, reserved 1067008K
  class space    used 1860K, capacity 1917K, committed 1920K, reserved 1048576K
Event: 3.996 GC heap after
Heap after GC invocations=4 (full 0):
 PSYoungGen      total 71680K, used 5107K [0x0000000795580000, 0x000000079a080000, 0x00000007c0000000)
  eden space 66560K, 0% used [0x0000000795580000,0x0000000795580000,0x0000000799680000)
  from space 5120K, 99% used [0x0000000799b80000,0x000000079a07ccd0,0x000000079a080000)
  to   space 5120K, 0% used [0x0000000799680000,0x0000000799680000,0x0000000799b80000)
 ParOldGen       total 87552K, used 21609K [0x0000000740000000, 0x0000000745580000, 0x0000000795580000)
  object space 87552K, 24% used [0x0000000740000000,0x000000074151a728,0x0000000745580000)
 Metaspace       used 18543K, capacity 18741K, committed 18816K, reserved 1067008K
  class space    used 1860K, capacity 1917K, committed 1920K, reserved 1048576K
}
Event: 12.945 GC heap before
{Heap before GC invocations=5 (full 0):
 PSYoungGen      total 71680K, used 71667K [0x0000000795580000, 0x000000079a080000, 0x00000007c0000000)
  eden space 66560K, 100% used [0x0000000795580000,0x0000000799680000,0x0000000799680000)
  from space 5120K, 99% used [0x0000000799b80000,0x000000079a07ccd0,0x000000079a080000)
  to   space 5120K, 0% used [0x0000000799680000,0x0000000799680000,0x0000000799b80000)
 ParOldGen       total 87552K, used 21609K [0x0000000740000000, 0x0000000745580000, 0x0000000795580000)
  object space 87552K, 24% used [0x0000000740000000,0x000000074151a728,0x0000000745580000)
 Metaspace       used 19039K, capacity 19263K, committed 19328K, reserved 1067008K
  class space    used 1861K, capacity 1918K, committed 1920K, reserved 1048576K
Event: 12.955 GC heap after
Heap after GC invocations=5 (full 0):
 PSYoungGen      total 71680K, used 4947K [0x0000000795580000, 0x000000079f580000, 0x00000007c0000000)
  eden space 66560K, 0% used [0x0000000795580000,0x0000000795580000,0x0000000799680000)
  from space 5120K, 96% used [0x0000000799680000,0x0000000799b54cc0,0x0000000799b80000)
  to   space 15360K, 0% used [0x000000079e680000,0x000000079e680000,0x000000079f580000)
 ParOldGen       total 87552K, used 22385K [0x0000000740000000, 0x0000000745580000, 0x0000000795580000)
  object space 87552K, 25% used [0x0000000740000000,0x00000007415dc758,0x0000000745580000)
 Metaspace       used 19039K, capacity 19263K, committed 19328K, reserved 1067008K
  class space    used 1861K, capacity 1918K, committed 1920K, reserved 1048576K
}

Deoptimization events (8 events):
Event: 1.865 Thread 0x00007fcf6d000000 Uncommon trap: reason=unstable_if action=reinterpret pc=0x0000000110f53c80 method=java.lang.String.toLowerCase(Ljava/util/Locale;)Ljava/lang/String; @ 85
Event: 2.087 Thread 0x00007fcf6cb35800 Uncommon trap: reason=unstable_if action=reinterpret pc=0x0000000110ffd5e0 method=java.lang.String.indexOf([CII[CIII)I @ 3
Event: 2.087 Thread 0x00007fcf6cb35800 Uncommon trap: reason=unstable_if action=reinterpret pc=0x0000000110fd5c14 method=java.lang.String.indexOf([CII[CIII)I @ 3
Event: 2.087 Thread 0x00007fcf6cb35800 Uncommon trap: reason=unstable_if action=reinterpret pc=0x0000000110f44ed8 method=java.lang.String.indexOf([CII[CIII)I @ 3
Event: 2.985 Thread 0x00007fcf6c33c800 Uncommon trap: reason=unstable_if action=reinterpret pc=0x0000000110f2732c method=java.lang.AbstractStringBuilder.append(Ljava/lang/String;)Ljava/lang/AbstractStringBuilder; @ 1
Event: 20.396 Thread 0x00007fcf6c33c800 Uncommon trap: reason=unstable_if action=reinterpret pc=0x00000001111d56e8 method=com.jogamp.common.util.VersionNumber.compareTo(Lcom/jogamp/common/util/VersionNumber;)I @ 21
Event: 20.426 Thread 0x00007fcf6c159800 Uncommon trap: reason=unstable_if action=reinterpret pc=0x00000001114ea7c4 method=java.util.HashMap.putVal(ILjava/lang/Object;Ljava/lang/Object;ZZ)Ljava/lang/Object; @ 81
Event: 20.445 Thread 0x00007fcf6c33c800 Uncommon trap: reason=unstable_if action=reinterpret pc=0x0000000111460334 method=java.security.AccessControlContext.optimize()Ljava/security/AccessControlContext; @ 233

Internal exceptions (10 events):
Event: 0.158 Thread 0x00007fcf6d000000 Exception <a 'java/lang/NoSuchFieldError': method resolution failed> (0x0000000795837cf0) thrown at [/Users/java_re/workspace/8-2-build-macosx-x86_64/jdk8u60/4407/hotspot/src/share/vm/prims/methodHandles.cpp, line 1146]
Event: 0.301 Thread 0x00007fcf6d000000 Exception <a 'java/io/FileNotFoundException'> (0x00000007958b39c8) thrown at [/Users/java_re/workspace/8-2-build-macosx-x86_64/jdk8u60/4407/hotspot/src/share/vm/prims/jni.cpp, line 709]
Event: 0.301 Thread 0x00007fcf6d000000 Exception <a 'java/io/FileNotFoundException'> (0x00000007958b44f8) thrown at [/Users/java_re/workspace/8-2-build-macosx-x86_64/jdk8u60/4407/hotspot/src/share/vm/prims/jni.cpp, line 709]
Event: 0.329 Thread 0x00007fcf6d000000 Exception <a 'java/io/FileNotFoundException'> (0x00000007959b2568) thrown at [/Users/java_re/workspace/8-2-build-macosx-x86_64/jdk8u60/4407/hotspot/src/share/vm/prims/jni.cpp, line 709]
Event: 0.409 Thread 0x00007fcf6d000000 Exception <a 'java/io/FileNotFoundException'> (0x00000007959ef368) thrown at [/Users/java_re/workspace/8-2-build-macosx-x86_64/jdk8u60/4407/hotspot/src/share/vm/prims/jni.cpp, line 709]
Event: 2.108 Thread 0x00007fcf6cb35800 Exception <a 'java/lang/UnsatisfiedLinkError': com.jogamp.common.util.JarUtil.fixNativeLibAttribs(Ljava/lang/String;)Z> (0x0000000796afc108) thrown at [/Users/java_re/workspace/8-2-build-macosx-x86_64/jdk8u60/4407/hotspot/src/share/vm/prims/nativeLookup.c
Event: 2.419 Thread 0x00007fcf6c01d800 Exception <a 'java/lang/NullPointerException'> (0x00000007955fe4a8) thrown at [/Users/java_re/workspace/8-2-build-macosx-x86_64/jdk8u60/4407/hotspot/src/share/vm/interpreter/linkResolver.cpp, line 1178]
Event: 2.984 Thread 0x00007fcf6c33c800 Exception <a 'java/io/FileNotFoundException'> (0x0000000795e77300) thrown at [/Users/java_re/workspace/8-2-build-macosx-x86_64/jdk8u60/4407/hotspot/src/share/vm/prims/jni.cpp, line 709]
Event: 2.985 Thread 0x00007fcf6c33c800 Exception <a 'java/io/FileNotFoundException'> (0x0000000795e7d2d0) thrown at [/Users/java_re/workspace/8-2-build-macosx-x86_64/jdk8u60/4407/hotspot/src/share/vm/prims/jni.cpp, line 709]
Event: 2.985 Thread 0x00007fcf6c33c800 Implicit null exception at 0x0000000110f26fb5 to 0x0000000110f27319

Events (10 events):
Event: 20.445 Thread 0x00007fcf6c33c800 DEOPT UNPACKING pc=0x0000000110d8e229 sp=0x00007000019e8880 mode 2
Event: 20.446 loading class java/awt/LightweightDispatcher$2
Event: 20.446 loading class java/awt/LightweightDispatcher$2 done
Event: 20.446 loading class java/awt/event/AWTEventListenerProxy
Event: 20.446 loading class java/awt/event/AWTEventListenerProxy done
Event: 20.446 loading class java/awt/Toolkit$ToolkitEventMulticaster
Event: 20.446 loading class java/awt/Toolkit$ToolkitEventMulticaster done
Event: 20.446 Thread 0x00007fcf6c159800 Thread exited: 0x00007fcf6c159800
Event: 20.446 loading class java/awt/Window$1DisposeAction
Event: 20.447 loading class java/awt/Window$1DisposeAction done


Dynamic libraries:
0x0000000002bbf000 	/System/Library/Frameworks/Cocoa.framework/Versions/A/Cocoa
0x0000000002bbf000 	/System/Library/Frameworks/Security.framework/Versions/A/Security
0x0000000002bbf000 	/System/Library/Frameworks/ApplicationServices.framework/Versions/A/ApplicationServices
0x0000000002bbf000 	/usr/lib/libz.1.dylib
0x0000000002bbf000 	/usr/lib/libSystem.B.dylib
0x0000000002bbf000 	/usr/lib/libobjc.A.dylib
0x0000000002bbf000 	/System/Library/Frameworks/CoreFoundation.framework/Versions/A/CoreFoundation
0x0000000002bbf000 	/System/Library/Frameworks/Foundation.framework/Versions/C/Foundation
0x0000000002bbf000 	/System/Library/Frameworks/AppKit.framework/Versions/C/AppKit
0x0000000002bbf000 	/System/Library/Frameworks/CoreData.framework/Versions/A/CoreData
0x0000000002bbf000 	/System/Library/PrivateFrameworks/RemoteViewServices.framework/Versions/A/RemoteViewServices
0x0000000002bbf000 	/System/Library/PrivateFrameworks/UIFoundation.framework/Versions/A/UIFoundation
0x0000000002bbf000 	/usr/lib/libScreenReader.dylib
0x0000000002bbf000 	/System/Library/Frameworks/Accelerate.framework/Versions/A/Accelerate
0x0000000002bbf000 	/System/Library/Frameworks/IOSurface.framework/Versions/A/IOSurface
0x0000000002bbf000 	/System/Library/Frameworks/AudioToolbox.framework/Versions/A/AudioToolbox
0x0000000002bbf000 	/System/Library/Frameworks/AudioUnit.framework/Versions/A/AudioUnit
0x0000000002bbf000 	/System/Library/PrivateFrameworks/DataDetectorsCore.framework/Versions/A/DataDetectorsCore
0x0000000002bbf000 	/System/Library/PrivateFrameworks/DesktopServicesPriv.framework/Versions/A/DesktopServicesPriv
0x0000000002bbf000 	/System/Library/Frameworks/Carbon.framework/Versions/A/Frameworks/HIToolbox.framework/Versions/A/HIToolbox
0x0000000002bbf000 	/System/Library/Frameworks/QuartzCore.framework/Versions/A/QuartzCore
0x0000000002bbf000 	/System/Library/Frameworks/Carbon.framework/Versions/A/Frameworks/SpeechRecognition.framework/Versions/A/SpeechRecognition
0x0000000002bbf000 	/usr/lib/libauto.dylib
0x0000000002bbf000 	/usr/lib/libicucore.A.dylib
0x0000000002bbf000 	/usr/lib/libxml2.2.dylib
0x0000000002bbf000 	/System/Library/PrivateFrameworks/CoreUI.framework/Versions/A/CoreUI
0x0000000002bbf000 	/System/Library/Frameworks/CoreAudio.framework/Versions/A/CoreAudio
0x0000000002bbf000 	/System/Library/Frameworks/DiskArbitration.framework/Versions/A/DiskArbitration
0x0000000002bbf000 	/usr/lib/liblangid.dylib
0x0000000002bbf000 	/System/Library/PrivateFrameworks/MultitouchSupport.framework/Versions/A/MultitouchSupport
0x0000000002bbf000 	/System/Library/Frameworks/IOKit.framework/Versions/A/IOKit
0x0000000002bbf000 	/usr/lib/libDiagnosticMessagesClient.dylib
0x0000000002bbf000 	/System/Library/Frameworks/CoreServices.framework/Versions/A/CoreServices
0x0000000002bbf000 	/System/Library/PrivateFrameworks/PerformanceAnalysis.framework/Versions/A/PerformanceAnalysis
0x0000000002bbf000 	/System/Library/PrivateFrameworks/GenerationalStorage.framework/Versions/A/GenerationalStorage
0x0000000002bbf000 	/System/Library/Frameworks/OpenGL.framework/Versions/A/OpenGL
0x0000000002bbf000 	/System/Library/PrivateFrameworks/Sharing.framework/Versions/A/Sharing
0x0000000002bbf000 	/System/Library/Frameworks/CoreGraphics.framework/Versions/A/CoreGraphics
0x0000000002bbf000 	/System/Library/Frameworks/CoreImage.framework/Versions/A/CoreImage
0x0000000002bbf000 	/System/Library/Frameworks/CoreText.framework/Versions/A/CoreText
0x0000000002bbf000 	/System/Library/Frameworks/ImageIO.framework/Versions/A/ImageIO
0x0000000002bbf000 	/System/Library/PrivateFrameworks/Backup.framework/Versions/A/Backup
0x0000000002bbf000 	/usr/lib/libextension.dylib
0x0000000002bbf000 	/usr/lib/libarchive.2.dylib
0x0000000002bbf000 	/System/Library/Frameworks/CFNetwork.framework/Versions/A/CFNetwork
0x0000000002bbf000 	/System/Library/Frameworks/SystemConfiguration.framework/Versions/A/SystemConfiguration
0x0000000002bbf000 	/usr/lib/libCRFSuite.dylib
0x0000000002bbf000 	/usr/lib/libc++.1.dylib
0x0000000002bbf000 	/usr/lib/libc++abi.dylib
0x0000000002bbf000 	/usr/lib/system/libcache.dylib
0x0000000002bbf000 	/usr/lib/system/libcommonCrypto.dylib
0x0000000002bbf000 	/usr/lib/system/libcompiler_rt.dylib
0x0000000002bbf000 	/usr/lib/system/libcopyfile.dylib
0x0000000002bbf000 	/usr/lib/system/libcorecrypto.dylib
0x0000000002bbf000 	/usr/lib/system/libdispatch.dylib
0x0000000002bbf000 	/usr/lib/system/libdyld.dylib
0x0000000002bbf000 	/usr/lib/system/libkeymgr.dylib
0x0000000002bbf000 	/usr/lib/system/liblaunch.dylib
0x0000000002bbf000 	/usr/lib/system/libmacho.dylib
0x0000000002bbf000 	/usr/lib/system/libquarantine.dylib
0x0000000002bbf000 	/usr/lib/system/libremovefile.dylib
0x0000000002bbf000 	/usr/lib/system/libsystem_asl.dylib
0x0000000002bbf000 	/usr/lib/system/libsystem_blocks.dylib
0x0000000002bbf000 	/usr/lib/system/libsystem_c.dylib
0x0000000002bbf000 	/usr/lib/system/libsystem_configuration.dylib
0x0000000002bbf000 	/usr/lib/system/libsystem_coreservices.dylib
0x0000000002bbf000 	/usr/lib/system/libsystem_coretls.dylib
0x0000000002bbf000 	/usr/lib/system/libsystem_dnssd.dylib
0x0000000002bbf000 	/usr/lib/system/libsystem_info.dylib
0x0000000002bbf000 	/usr/lib/system/libsystem_kernel.dylib
0x0000000002bbf000 	/usr/lib/system/libsystem_m.dylib
0x0000000002bbf000 	/usr/lib/system/libsystem_malloc.dylib
0x0000000002bbf000 	/usr/lib/system/libsystem_network.dylib
0x0000000002bbf000 	/usr/lib/system/libsystem_networkextension.dylib
0x0000000002bbf000 	/usr/lib/system/libsystem_notify.dylib
0x0000000002bbf000 	/usr/lib/system/libsystem_platform.dylib
0x0000000002bbf000 	/usr/lib/system/libsystem_pthread.dylib
0x0000000002bbf000 	/usr/lib/system/libsystem_sandbox.dylib
0x0000000002bbf000 	/usr/lib/system/libsystem_secinit.dylib
0x0000000002bbf000 	/usr/lib/system/libsystem_trace.dylib
0x0000000002bbf000 	/usr/lib/system/libunc.dylib
0x0000000002bbf000 	/usr/lib/system/libunwind.dylib
0x0000000002bbf000 	/usr/lib/system/libxpc.dylib
0x0000000002bbf000 	/usr/lib/libenergytrace.dylib
0x0000000002bbf000 	/usr/lib/libbsm.0.dylib
0x0000000002bbf000 	/usr/lib/system/libkxld.dylib
0x0000000002bbf000 	/usr/lib/libxar.1.dylib
0x0000000002bbf000 	/usr/lib/libsqlite3.dylib
0x0000000002bbf000 	/usr/lib/libpam.2.dylib
0x0000000002bbf000 	/usr/lib/libOpenScriptingUtil.dylib
0x0000000002bbf000 	/usr/lib/libbz2.1.0.dylib
0x0000000002bbf000 	/usr/lib/liblzma.5.dylib
0x0000000002bbf000 	/System/Library/Frameworks/CoreServices.framework/Versions/A/Frameworks/FSEvents.framework/Versions/A/FSEvents
0x0000000002bbf000 	/System/Library/Frameworks/CoreServices.framework/Versions/A/Frameworks/CarbonCore.framework/Versions/A/CarbonCore
0x0000000002bbf000 	/System/Library/Frameworks/CoreServices.framework/Versions/A/Frameworks/Metadata.framework/Versions/A/Metadata
0x0000000002bbf000 	/System/Library/Frameworks/CoreServices.framework/Versions/A/Frameworks/OSServices.framework/Versions/A/OSServices
0x0000000002bbf000 	/System/Library/Frameworks/CoreServices.framework/Versions/A/Frameworks/SearchKit.framework/Versions/A/SearchKit
0x0000000002bbf000 	/System/Library/Frameworks/CoreServices.framework/Versions/A/Frameworks/AE.framework/Versions/A/AE
0x0000000002bbf000 	/System/Library/Frameworks/CoreServices.framework/Versions/A/Frameworks/LaunchServices.framework/Versions/A/LaunchServices
0x0000000002bbf000 	/System/Library/Frameworks/CoreServices.framework/Versions/A/Frameworks/DictionaryServices.framework/Versions/A/DictionaryServices
0x0000000002bbf000 	/System/Library/Frameworks/CoreServices.framework/Versions/A/Frameworks/SharedFileList.framework/Versions/A/SharedFileList
0x0000000002bbf000 	/System/Library/Frameworks/NetFS.framework/Versions/A/NetFS
0x0000000002bbf000 	/System/Library/PrivateFrameworks/NetAuth.framework/Versions/A/NetAuth
0x0000000002bbf000 	/System/Library/PrivateFrameworks/login.framework/Versions/A/Frameworks/loginsupport.framework/Versions/A/loginsupport
0x0000000002bbf000 	/System/Library/PrivateFrameworks/TCC.framework/Versions/A/TCC
0x0000000002bbf000 	/usr/lib/libmecabra.dylib
0x0000000002bbf000 	/System/Library/Frameworks/ApplicationServices.framework/Versions/A/Frameworks/ATS.framework/Versions/A/ATS
0x0000000002bbf000 	/System/Library/Frameworks/ApplicationServices.framework/Versions/A/Frameworks/ColorSync.framework/Versions/A/ColorSync
0x0000000002bbf000 	/System/Library/Frameworks/ApplicationServices.framework/Versions/A/Frameworks/HIServices.framework/Versions/A/HIServices
0x0000000002bbf000 	/System/Library/Frameworks/ApplicationServices.framework/Versions/A/Frameworks/LangAnalysis.framework/Versions/A/LangAnalysis
0x0000000002bbf000 	/System/Library/Frameworks/ApplicationServices.framework/Versions/A/Frameworks/PrintCore.framework/Versions/A/PrintCore
0x0000000002bbf000 	/System/Library/Frameworks/ApplicationServices.framework/Versions/A/Frameworks/QD.framework/Versions/A/QD
0x0000000002bbf000 	/System/Library/Frameworks/ApplicationServices.framework/Versions/A/Frameworks/SpeechSynthesis.framework/Versions/A/SpeechSynthesis
0x0000000002bbf000 	/System/Library/Frameworks/Metal.framework/Versions/A/Metal
0x0000000002bbf000 	/System/Library/Frameworks/Accelerate.framework/Versions/A/Frameworks/vImage.framework/Versions/A/vImage
0x0000000002bbf000 	/System/Library/Frameworks/Accelerate.framework/Versions/A/Frameworks/vecLib.framework/Versions/A/vecLib
0x0000000002bbf000 	/System/Library/Frameworks/Accelerate.framework/Versions/A/Frameworks/vecLib.framework/Versions/A/libvDSP.dylib
0x0000000002bbf000 	/System/Library/Frameworks/Accelerate.framework/Versions/A/Frameworks/vecLib.framework/Versions/A/libvMisc.dylib
0x0000000002bbf000 	/System/Library/Frameworks/Accelerate.framework/Versions/A/Frameworks/vecLib.framework/Versions/A/libLAPACK.dylib
0x0000000002bbf000 	/System/Library/Frameworks/Accelerate.framework/Versions/A/Frameworks/vecLib.framework/Versions/A/libBLAS.dylib
0x0000000002bbf000 	/System/Library/Frameworks/Accelerate.framework/Versions/A/Frameworks/vecLib.framework/Versions/A/libLinearAlgebra.dylib
0x0000000002bbf000 	/System/Library/Frameworks/Accelerate.framework/Versions/A/Frameworks/vecLib.framework/Versions/A/libSparseBLAS.dylib
0x0000000002bbf000 	/System/Library/PrivateFrameworks/GPUCompiler.framework/libmetal_timestamp.dylib
0x0000000002bbf000 	/System/Library/Frameworks/OpenGL.framework/Versions/A/Libraries/libCoreFSCache.dylib
0x0000000002bbf000 	/System/Library/PrivateFrameworks/IOAccelerator.framework/Versions/A/IOAccelerator
0x0000000002bbf000 	/System/Library/Frameworks/ApplicationServices.framework/Versions/A/Frameworks/ATS.framework/Versions/A/Resources/libFontParser.dylib
0x0000000002bbf000 	/System/Library/Frameworks/ApplicationServices.framework/Versions/A/Frameworks/ATS.framework/Versions/A/Resources/libFontRegistry.dylib
0x0000000002bbf000 	/System/Library/PrivateFrameworks/AppleVPA.framework/Versions/A/AppleVPA
0x0000000002bbf000 	/System/Library/PrivateFrameworks/AppleJPEG.framework/Versions/A/AppleJPEG
0x0000000002bbf000 	/System/Library/Frameworks/ImageIO.framework/Versions/A/Resources/libJPEG.dylib
0x0000000002bbf000 	/System/Library/Frameworks/ImageIO.framework/Versions/A/Resources/libTIFF.dylib
0x0000000002bbf000 	/System/Library/Frameworks/ImageIO.framework/Versions/A/Resources/libPng.dylib
0x0000000002bbf000 	/System/Library/Frameworks/ImageIO.framework/Versions/A/Resources/libGIF.dylib
0x0000000002bbf000 	/System/Library/Frameworks/ImageIO.framework/Versions/A/Resources/libJP2.dylib
0x0000000002bbf000 	/System/Library/Frameworks/ImageIO.framework/Versions/A/Resources/libRadiance.dylib
0x0000000002bbf000 	/System/Library/Frameworks/CoreVideo.framework/Versions/A/CoreVideo
0x0000000002bbf000 	/System/Library/Frameworks/OpenGL.framework/Versions/A/Libraries/libGLU.dylib
0x0000000002bbf000 	/System/Library/Frameworks/OpenGL.framework/Versions/A/Libraries/libGFXShared.dylib
0x0000000002bbf000 	/System/Library/Frameworks/OpenGL.framework/Versions/A/Libraries/libGL.dylib
0x0000000002bbf000 	/System/Library/Frameworks/OpenGL.framework/Versions/A/Libraries/libGLImage.dylib
0x0000000002bbf000 	/System/Library/Frameworks/OpenGL.framework/Versions/A/Libraries/libCVMSPluginSupport.dylib
0x0000000002bbf000 	/System/Library/Frameworks/OpenGL.framework/Versions/A/Libraries/libCoreVMClient.dylib
0x0000000002bbf000 	/usr/lib/libcups.2.dylib
0x0000000002bbf000 	/System/Library/Frameworks/Kerberos.framework/Versions/A/Kerberos
0x0000000002bbf000 	/System/Library/Frameworks/GSS.framework/Versions/A/GSS
0x0000000002bbf000 	/usr/lib/libresolv.9.dylib
0x0000000002bbf000 	/usr/lib/libiconv.2.dylib
0x0000000002bbf000 	/System/Library/PrivateFrameworks/Heimdal.framework/Versions/A/Heimdal
0x0000000002bbf000 	/usr/lib/libheimdal-asn1.dylib
0x0000000002bbf000 	/System/Library/Frameworks/OpenDirectory.framework/Versions/A/OpenDirectory
0x0000000002bbf000 	/System/Library/PrivateFrameworks/CommonAuth.framework/Versions/A/CommonAuth
0x0000000002bbf000 	/System/Library/Frameworks/OpenDirectory.framework/Versions/A/Frameworks/CFOpenDirectory.framework/Versions/A/CFOpenDirectory
0x0000000002bbf000 	/System/Library/Frameworks/SecurityFoundation.framework/Versions/A/SecurityFoundation
0x0000000002bbf000 	/System/Library/PrivateFrameworks/LanguageModeling.framework/Versions/A/LanguageModeling
0x0000000002bbf000 	/usr/lib/libmarisa.dylib
0x0000000002bbf000 	/usr/lib/libChineseTokenizer.dylib
0x0000000002bbf000 	/usr/lib/libcmph.dylib
0x0000000002bbf000 	/usr/lib/libcompression.dylib
0x0000000002bbf000 	/System/Library/Frameworks/ServiceManagement.framework/Versions/A/ServiceManagement
0x0000000002bbf000 	/usr/lib/libxslt.1.dylib
0x0000000002bbf000 	/System/Library/Frameworks/Carbon.framework/Versions/A/Frameworks/Ink.framework/Versions/A/Ink
0x0000000002bbf000 	/usr/lib/libFosl_dynamic.dylib
0x0000000002bbf000 	/System/Library/PrivateFrameworks/FaceCore.framework/Versions/A/FaceCore
0x0000000002bbf000 	/System/Library/Frameworks/OpenCL.framework/Versions/A/OpenCL
0x0000000002bbf000 	/System/Library/PrivateFrameworks/CrashReporterSupport.framework/Versions/A/CrashReporterSupport
0x0000000002bbf000 	/System/Library/PrivateFrameworks/IconServices.framework/Versions/A/IconServices
0x0000000002bbf000 	/System/Library/PrivateFrameworks/Apple80211.framework/Versions/A/Apple80211
0x0000000002bbf000 	/System/Library/Frameworks/CoreWLAN.framework/Versions/A/CoreWLAN
0x0000000002bbf000 	/System/Library/Frameworks/IOBluetooth.framework/Versions/A/IOBluetooth
0x0000000002bbf000 	/System/Library/PrivateFrameworks/CoreWiFi.framework/Versions/A/CoreWiFi
0x0000000002bbf000 	/System/Library/Frameworks/CoreBluetooth.framework/Versions/A/CoreBluetooth
0x0000000002bbf000 	/System/Library/PrivateFrameworks/ChunkingLibrary.framework/Versions/A/ChunkingLibrary
0x0000000002bbf000 	/System/Library/PrivateFrameworks/DebugSymbols.framework/Versions/A/DebugSymbols
0x0000000002bbf000 	/System/Library/PrivateFrameworks/CoreSymbolication.framework/Versions/A/CoreSymbolication
0x0000000002bbf000 	/System/Library/PrivateFrameworks/Symbolication.framework/Versions/A/Symbolication
0x0000000002bbf000 	/System/Library/PrivateFrameworks/SpeechRecognitionCore.framework/Versions/A/SpeechRecognitionCore
0x000000010fe00000 	/Library/Java/JavaVirtualMachines/jdk1.8.0_60.jdk/Contents/Home/jre/lib/server/libjvm.dylib
0x0000000002bbf000 	/usr/lib/libstdc++.6.dylib
0x000000010f46c000 	/Library/Java/JavaVirtualMachines/jdk1.8.0_60.jdk/Contents/Home/jre/lib/libverify.dylib
0x000000010f47a000 	/Library/Java/JavaVirtualMachines/jdk1.8.0_60.jdk/Contents/Home/jre/lib/libjava.dylib
0x000000010f4b9000 	/Library/Java/JavaVirtualMachines/jdk1.8.0_60.jdk/Contents/Home/jre/lib/libzip.dylib
0x000000010f5e4000 	/System/Library/Frameworks/JavaVM.framework/Frameworks/JavaRuntimeSupport.framework/JavaRuntimeSupport
0x00000001265ca000 	/System/Library/Frameworks/JavaVM.framework/Versions/A/Frameworks/JavaNativeFoundation.framework/Versions/A/JavaNativeFoundation
0x00000001265df000 	/System/Library/Frameworks/JavaVM.framework/Versions/A/JavaVM
0x0000000002bbf000 	/System/Library/Frameworks/Carbon.framework/Versions/A/Carbon
0x00000001265ec000 	/System/Library/PrivateFrameworks/JavaLaunching.framework/Versions/A/JavaLaunching
0x0000000002bbf000 	/System/Library/Frameworks/Carbon.framework/Versions/A/Frameworks/CommonPanels.framework/Versions/A/CommonPanels
0x0000000002bbf000 	/System/Library/Frameworks/Carbon.framework/Versions/A/Frameworks/Help.framework/Versions/A/Help
0x0000000002bbf000 	/System/Library/Frameworks/Carbon.framework/Versions/A/Frameworks/ImageCapture.framework/Versions/A/ImageCapture
0x0000000002bbf000 	/System/Library/Frameworks/Carbon.framework/Versions/A/Frameworks/OpenScripting.framework/Versions/A/OpenScripting
0x0000000002bbf000 	/System/Library/Frameworks/Carbon.framework/Versions/A/Frameworks/Print.framework/Versions/A/Print
0x0000000002bbf000 	/System/Library/Frameworks/Carbon.framework/Versions/A/Frameworks/SecurityHI.framework/Versions/A/SecurityHI
0x0000000127f0e000 	/Library/Java/JavaVirtualMachines/jdk1.8.0_60.jdk/Contents/Home/jre/lib/libawt.dylib
0x0000000127fb6000 	/Library/Java/JavaVirtualMachines/jdk1.8.0_60.jdk/Contents/Home/jre/lib/./libmlib_image.dylib
0x0000000128082000 	/Library/Java/JavaVirtualMachines/jdk1.8.0_60.jdk/Contents/Home/jre/lib/libawt_lwawt.dylib
0x0000000128137000 	/Library/Java/JavaVirtualMachines/jdk1.8.0_60.jdk/Contents/Home/jre/lib/./libosxapp.dylib
0x0000000002bbf000 	/System/Library/Frameworks/ExceptionHandling.framework/Versions/A/ExceptionHandling
0x0000000002bbf000 	/System/Library/PrivateFrameworks/CoreServicesInternal.framework/Versions/A/CoreServicesInternal
0x0000000002bbf000 	/System/Library/Frameworks/CoreGraphics.framework/Versions/A/Resources/libRIP.A.dylib
0x0000000002bbf000 	/System/Library/Frameworks/Accelerate.framework/Versions/A/Frameworks/vImage.framework/Versions/A/Libraries/libCGInterfaces.dylib
0x0000000002bbf000 	/System/Library/Frameworks/CoreGraphics.framework/Versions/A/Resources/libCGXType.A.dylib
0x0000000002bbf000 	/System/Library/Frameworks/OpenCL.framework/Versions/A/Libraries/libcldcpuengine.dylib
0x0000000002bbf000 	/System/Library/PrivateFrameworks/DiskImages.framework/Versions/A/DiskImages
0x0000000002bbf000 	/System/Library/Frameworks/DiscRecording.framework/Versions/A/DiscRecording
0x0000000002bbf000 	/usr/lib/libcsfde.dylib
0x0000000002bbf000 	/usr/lib/libcurl.4.dylib
0x0000000002bbf000 	/System/Library/PrivateFrameworks/MediaKit.framework/Versions/A/MediaKit
0x0000000002bbf000 	/System/Library/PrivateFrameworks/ProtectedCloudStorage.framework/Versions/A/ProtectedCloudStorage
0x0000000002bbf000 	/usr/lib/libCoreStorage.dylib
0x0000000002bbf000 	/System/Library/PrivateFrameworks/EFILogin.framework/Versions/A/EFILogin
0x0000000002bbf000 	/usr/lib/libutil.dylib
0x0000000002bbf000 	/System/Library/PrivateFrameworks/FindMyDevice.framework/Versions/A/FindMyDevice
0x0000000002bbf000 	/System/Library/Frameworks/LDAP.framework/Versions/A/LDAP
0x0000000002bbf000 	/usr/lib/libsasl2.2.dylib
0x0000000002bbf000 	/System/Library/PrivateFrameworks/CoreDaemon.framework/Versions/B/CoreDaemon
0x0000000002bbf000 	/usr/lib/libcrypto.0.9.8.dylib
0x0000000002bbf000 	/System/Library/PrivateFrameworks/AppleSRP.framework/Versions/A/AppleSRP
0x0000000002bbf000 	/System/Library/PrivateFrameworks/TrustEvaluationAgent.framework/Versions/A/TrustEvaluationAgent
0x00000001289a3000 	cl_kernels
0x0000000002bbf000 	/System/Library/Frameworks/OpenCL.framework/Versions/A/Libraries/ImageFormats/unorm8_bgra.dylib
0x0000000002bbf000 	/System/Library/Frameworks/OpenCL.framework/Versions/A/Libraries/ImageFormats/unorm8_rgba.dylib
0x0000000002bbf000 	/System/Library/PrivateFrameworks/FamilyControls.framework/Versions/A/FamilyControls
0x0000000002bbf000 	/System/Library/PrivateFrameworks/CommerceKit.framework/Versions/A/Frameworks/CommerceCore.framework/Versions/A/CommerceCore
0x0000000002bbf000 	/System/Library/PrivateFrameworks/SystemAdministration.framework/Versions/A/SystemAdministration
0x0000000002bbf000 	/System/Library/PrivateFrameworks/AppContainer.framework/Versions/A/AppContainer
0x0000000002bbf000 	/System/Library/PrivateFrameworks/SecCodeWrapper.framework/Versions/A/SecCodeWrapper
0x0000000002bbf000 	/System/Library/Frameworks/DirectoryService.framework/Versions/A/DirectoryService
0x0000000002bbf000 	/System/Library/PrivateFrameworks/LoginUIKit.framework/Versions/A/Frameworks/LoginUICore.framework/Versions/A/LoginUICore
0x0000000002bbf000 	/usr/lib/libodfde.dylib
0x0000000002bbf000 	/System/Library/Frameworks/OpenGL.framework/Versions/A/Resources/GLEngine.bundle/GLEngine
0x0000000002bbf000 	/System/Library/Frameworks/OpenGL.framework/Versions/A/Libraries/libGLProgrammability.dylib
0x000000012a888000 	/System/Library/Extensions/AppleIntelHD5000GraphicsGLDriver.bundle/Contents/MacOS/AppleIntelHD5000GraphicsGLDriver
0x0000000002bbf000 	/System/Library/PrivateFrameworks/GPUSupport.framework/Versions/A/Libraries/libGPUSupportMercury.dylib
0x0000000002bbf000 	/System/Library/Frameworks/OpenGL.framework/Versions/A/Resources/GLRendererFloat.bundle/GLRendererFloat
0x000000012b888000 	/Library/Java/JavaVirtualMachines/jdk1.8.0_60.jdk/Contents/Home/jre/lib/libfontmanager.dylib
0x000000012cce2000 	/Library/Java/JavaVirtualMachines/jdk1.8.0_60.jdk/Contents/Home/jre/lib/libosxui.dylib
0x000000012dada000 	/Library/Java/JavaVirtualMachines/jdk1.8.0_60.jdk/Contents/Home/jre/lib/libnet.dylib
0x000000012d8ee000 	/Library/Java/JavaVirtualMachines/jdk1.8.0_60.jdk/Contents/Home/jre/lib/libnio.dylib
0x0000000002bbf000 	/System/Library/Frameworks/ApplicationServices.framework/Versions/A/Frameworks/ATS.framework/Versions/A/Resources/libTrueTypeScaler.dylib
0x000000017dbfd000 	/System/Library/Extensions/AppleIntelHD5000GraphicsMTLDriver.bundle/Contents/MacOS/AppleIntelHD5000GraphicsMTLDriver
0x0000000128dfd000 	/private/var/folders/99/1pg_nk0n3t9874fc2q3jwvxm0000gn/T/jogamp_0000/file_cache/jln757191732943521449/jln4013258349708398019/libgluegen-rt.jnilib
0x0000000128e02000 	/private/var/folders/99/1pg_nk0n3t9874fc2q3jwvxm0000gn/T/jogamp_0000/file_cache/jln757191732943521449/jln4013258349708398019/libnativewindow_awt.jnilib
0x0000000128e05000 	/Library/Java/JavaVirtualMachines/jdk1.8.0_60.jdk/Contents/Home/jre/lib/libjawt.dylib
0x0000000128e08000 	/private/var/folders/99/1pg_nk0n3t9874fc2q3jwvxm0000gn/T/jogamp_0000/file_cache/jln757191732943521449/jln4013258349708398019/libnativewindow_macosx.jnilib
0x000000017f3da000 	/private/var/folders/99/1pg_nk0n3t9874fc2q3jwvxm0000gn/T/jogamp_0000/file_cache/jln757191732943521449/jln4013258349708398019/libjogl_desktop.jnilib
0x0000000184357000 	/Library/Java/JavaVirtualMachines/jdk1.8.0_60.jdk/Contents/Home/jre/lib/libjpeg.dylib

VM Arguments:
jvm_args: -Djava.security.policy=java.policy.applet -Dfile.encoding=UTF-8 
java_command: sun.applet.AppletViewer module1.HelloWorld1444996662763.html
java_class_path (initial): /Users/PAN/Documents/Eclipse/UCSDUnfoldingMaps/build:/Users/PAN/Documents/Eclipse/UCSDUnfoldingMaps/lib/core.jar:/Users/PAN/Documents/Eclipse/UCSDUnfoldingMaps/lib/gluegen-rt.jar:/Users/PAN/Documents/Eclipse/UCSDUnfoldingMaps/lib/jogl-all.jar:/Users/PAN/Documents/Eclipse/UCSDUnfoldingMaps/lib/log4j-1.2.15.jar:/Users/PAN/Documents/Eclipse/UCSDUnfoldingMaps/lib/sqlite-jdbc-3.7.2.jar:/Users/PAN/Documents/Eclipse/UCSDUnfoldingMaps/lib/json4processing.jar:/Users/PAN/Documents/Eclipse/UCSDUnfoldingMaps/lib/libTUIO.jar:/Users/PAN/Documents/Eclipse/UCSDUnfoldingMaps/lib/unfolding.0.9.7-uscd.jar
Launcher Type: SUN_STANDARD

Environment Variables:
PATH=/usr/bin:/bin:/usr/sbin:/sbin
SHELL=/bin/bash

Signal Handlers:
SIGSEGV: [libjvm.dylib+0x5a6d31], sa_mask[0]=11111111011111110111111111111111, sa_flags=SA_ONSTACK|SA_RESTART|SA_SIGINFO
SIGBUS: [libjvm.dylib+0x5a6d31], sa_mask[0]=11111111011111110111111111111111, sa_flags=SA_RESTART|SA_SIGINFO
SIGFPE: [libjvm.dylib+0x480a4c], sa_mask[0]=11111111011111110111111111111111, sa_flags=SA_RESTART|SA_SIGINFO
SIGPIPE: [libjvm.dylib+0x480a4c], sa_mask[0]=11111111011111110111111111111111, sa_flags=SA_RESTART|SA_SIGINFO
SIGXFSZ: [libjvm.dylib+0x480a4c], sa_mask[0]=11111111011111110111111111111111, sa_flags=SA_RESTART|SA_SIGINFO
SIGILL: [libjvm.dylib+0x480a4c], sa_mask[0]=11111111011111110111111111111111, sa_flags=SA_RESTART|SA_SIGINFO
SIGUSR1: SIG_DFL, sa_mask[0]=00000000000000000000000000000000, sa_flags=none
SIGUSR2: [libjvm.dylib+0x48056a], sa_mask[0]=00100000000000000000000000000000, sa_flags=SA_RESTART|SA_SIGINFO
SIGHUP: [libjvm.dylib+0x47eb41], sa_mask[0]=11111111011111110111111111111111, sa_flags=SA_RESTART|SA_SIGINFO
SIGINT: [libjvm.dylib+0x47eb41], sa_mask[0]=11111111011111110111111111111111, sa_flags=SA_RESTART|SA_SIGINFO
SIGTERM: [libjvm.dylib+0x47eb41], sa_mask[0]=11111111011111110111111111111111, sa_flags=SA_RESTART|SA_SIGINFO
SIGQUIT: [libjvm.dylib+0x47eb41], sa_mask[0]=11111111011111110111111111111111, sa_flags=SA_RESTART|SA_SIGINFO


---------------  S Y S T E M  ---------------

OS:Bsduname:Darwin 15.0.0 Darwin Kernel Version 15.0.0: Wed Aug 26 16:57:32 PDT 2015; root:xnu-3247.1.106~1/RELEASE_X86_64 x86_64
rlimit: STACK 8192k, CORE 0k, NPROC 709, NOFILE 10240, AS infinity
load average:2.15 1.93 1.86

CPU:total 4 (2 cores per cpu, 2 threads per core) family 6 model 69 stepping 1, cmov, cx8, fxsr, mmx, sse, sse2, sse3, ssse3, sse4.1, sse4.2, popcnt, avx, avx2, aes, clmul, erms, lzcnt, ht, tsc, tscinvbit, bmi1, bmi2

Memory: 4k page, physical 8388608k(1842800k free)

/proc/meminfo:


vm_info: Java HotSpot(TM) 64-Bit Server VM (25.60-b23) for bsd-amd64 JRE (1.8.0_60-b27), built on Aug  4 2015 10:47:24 by "java_re" with gcc 4.2.1 (Based on Apple Inc. build 5658) (LLVM build 2336.11.00)

time: Fri Oct 16 06:58:03 2015
elapsed time: 20 seconds (0d 0h 0m 20s)

