#
# A fatal error has been detected by the Java Runtime Environment:
#
#  SIGSEGV (0xb) at pc=0x00007fff92e7ed5d, pid=688, tid=2571
#
# JRE version: Java(TM) SE Runtime Environment (8.0_60-b27) (build 1.8.0_60-b27)
# Java VM: Java HotSpot(TM) 64-Bit Server VM (25.60-b23 mixed mode bsd-amd64 compressed oops)
# Problematic frame:
# C  [libobjc.A.dylib+0x6d5d]  objc_msgSend+0x1d
#
# Failed to write core dump. Core dumps have been disabled. To enable core dumping, try "ulimit -c unlimited" before starting Java again
#
# If you would like to submit a bug report, please visit:
#   http://bugreport.java.com/bugreport/crash.jsp
# The crash happened outside the Java Virtual Machine in native code.
# See problematic frame for where to report the bug.
#

---------------  T H R E A D  ---------------

Current thread (0x00007f97ac801000):  JavaThread "AWT-AppKit" daemon [_thread_in_native, id=2571, stack(0x00007fff5c44a000,0x00007fff5cc4a000)]

siginfo: si_signo: 11 (SIGSEGV), si_code: 1 (SEGV_MAPERR), si_addr: 0x0000000000000018

Registers:
RAX=0x00007f97afb01270, RBX=0x000000011cbd3450, RCX=0x000000011cbfb380, RDX=0x000000011cbfb280
RSP=0x00007fff5cc453d8, RBP=0x00007fff5cc45490, RSI=0x00007fff94413d06, RDI=0x00007f97adef9330
R8 =0x0000000000000000, R9 =0x0000000000000810, R10=0x00007fff94413d06, R11=0x0000000000000000
R12=0x0000000000000000, R13=0x0000000173320608, R14=0x000000011cbd3440, R15=0x00007f97ac801000
RIP=0x00007fff92e7ed5d, EFLAGS=0x0000000000010246, ERR=0x0000000000000004
  TRAPNO=0x000000000000000e

Top of Stack: (sp=0x00007fff5cc453d8)
0x00007fff5cc453d8:   000000011cbd1157 00007fff5cc45430
0x00007fff5cc453e8:   0000000000000003 00007fff5cc45410
0x00007fff5cc453f8:   0000000103423992 0000000173320608
0x00007fff5cc45408:   0000000173320608 00007f97afb01270
0x00007fff5cc45418:   000000011cbd36a0 000000011cbd3710
0x00007fff5cc45428:   00007fff75321740 00007fff7515f4b0
0x00007fff5cc45438:   000000011cbd3450 000000011cbd3690
0x00007fff5cc45448:   00007f97afb01270 00007f97adef9330
0x00007fff5cc45458:   00007f97ab443080 00007f97afb01270
0x00007fff5cc45468:   00007f97adef9330 00007fff5cc45518
0x00007fff5cc45478:   00007f97ac8011f8 0000000173320608
0x00007fff5cc45488:   00007fff5cc45540 00007fff5cc45508
0x00007fff5cc45498:   0000000104a4a954 0000000173320608
0x00007fff5cc454a8:   00007fff5cc45540 00007fff5cc45508
0x00007fff5cc454b8:   0000000104a4a6e7 0000000104a4a6a2
0x00007fff5cc454c8:   00007fff5cc454c8 0000000173320608
0x00007fff5cc454d8:   00007fff5cc45540 0000000173323240
0x00007fff5cc454e8:   0000000000000000 0000000173320608
0x00007fff5cc454f8:   0000000000000000 00007fff5cc45528
0x00007fff5cc45508:   00007fff5cc45588 0000000104a3cc4d
0x00007fff5cc45518:   00000007404fa020 0000000104a44578
0x00007fff5cc45528:   00007f97afb01270 00007fff5cc45588
0x00007fff5cc45538:   00007f97adef9330 0000000104a45d82
0x00007fff5cc45548:   00007fff5cc45548 00000001733207d2
0x00007fff5cc45558:   00007fff5cc455b0 0000000173323240
0x00007fff5cc45568:   0000000000000000 00000001733207e0
0x00007fff5cc45578:   00007fff5cc45528 00007fff5cc45598
0x00007fff5cc45588:   00007fff5cc455f8 0000000104a3cc4d
0x00007fff5cc45598:   00007f97afb01270 00000007996ee1e8
0x00007fff5cc455a8:   00007f97adef9330 00000007996ee1e8
0x00007fff5cc455b8:   00007fff5cc455b8 0000000176877b86
0x00007fff5cc455c8:   00007fff5cc45608 0000000176877c40 

Instructions: (pc=0x00007fff92e7ed5d)
0x00007fff92e7ed3d:   44 00 00 48 85 ff 2e 74 62 40 f6 c7 01 2e 75 66
0x00007fff92e7ed4d:   49 bb f8 ff ff ff ff 7f 00 00 4c 23 1f 49 89 f2
0x00007fff92e7ed5d:   45 23 53 18 49 c1 e2 04 4d 03 53 10 49 3b 32 75
0x00007fff92e7ed6d:   04 41 ff 62 08 49 83 3a 01 76 0d 49 83 c2 10 49 

Register to memory mapping:

RAX=0x00007f97afb01270 is an unknown value
RBX=0x000000011cbd3450: Java_jogamp_nativewindow_macosx_OSXUtil_GetScreenRefreshRate0+0x1cf0 in /private/var/folders/99/1pg_nk0n3t9874fc2q3jwvxm0000gn/T/jogamp_0000/file_cache/jln8181908331708209956/jln4041044366481175177/libnativewindow_macosx.jnilib at 0x000000011cbcc000
RCX=0x000000011cbfb380 is an unknown value
RDX=0x000000011cbfb280 is an unknown value
RSP=0x00007fff5cc453d8 is pointing into the stack for thread: 0x00007f97ac801000
RBP=0x00007fff5cc45490 is pointing into the stack for thread: 0x00007f97ac801000
RSI=0x00007fff94413d06 is an unknown value
RDI=0x00007f97adef9330 is an unknown value
R8 =0x0000000000000000 is an unknown value
R9 =0x0000000000000810 is an unknown value
R10=0x00007fff94413d06 is an unknown value
R11=0x0000000000000000 is an unknown value
R12=0x0000000000000000 is an unknown value
R13={method} {0x0000000173320608} 'UnsetJAWTRootSurfaceLayer0' '(JJ)V' in 'jogamp/nativewindow/jawt/macosx/MacOSXJAWTWindow'
R14=0x000000011cbd3440: Java_jogamp_nativewindow_macosx_OSXUtil_GetScreenRefreshRate0+0x1ce0 in /private/var/folders/99/1pg_nk0n3t9874fc2q3jwvxm0000gn/T/jogamp_0000/file_cache/jln8181908331708209956/jln4041044366481175177/libnativewindow_macosx.jnilib at 0x000000011cbcc000
R15=0x00007f97ac801000 is a thread


Stack: [0x00007fff5c44a000,0x00007fff5cc4a000],  sp=0x00007fff5cc453d8,  free space=8172k
Native frames: (J=compiled Java code, j=interpreted, Vv=VM code, C=native code)
C  [libobjc.A.dylib+0x6d5d]  objc_msgSend+0x1d
j  jogamp.nativewindow.jawt.macosx.MacOSXJAWTWindow.UnsetJAWTRootSurfaceLayer0(JJ)V+0
j  jogamp.nativewindow.jawt.macosx.MacOSXJAWTWindow.access$200(JJ)V+2
j  jogamp.nativewindow.jawt.macosx.MacOSXJAWTWindow$1.run()V+38
J 1921 C1 com.jogamp.common.util.RunnableTask.run()V (345 bytes) @ 0x0000000105048ad4 [0x0000000105048940+0x194]
v  ~StubRoutines::call_stub
V  [libjvm.dylib+0x2eab0e]
V  [libjvm.dylib+0x321bb7]
V  [libjvm.dylib+0x31438b]
C  [libnativewindow_macosx.jnilib+0x5326]  Java_jogamp_nativewindow_jawt_macosx_MacOSXJAWTWindow_UnsetJAWTRootSurfaceLayer0+0x2b6
C  [Foundation+0x7754e]  __NSThreadPerformPerform+0x117
C  [CoreFoundation+0xaa621]  __CFRUNLOOP_IS_CALLING_OUT_TO_A_SOURCE0_PERFORM_FUNCTION__+0x11
C  [CoreFoundation+0x89d97]  __CFRunLoopDoSources0+0x1a7
C  [CoreFoundation+0x8933f]  __CFRunLoopRun+0x39f
C  [CoreFoundation+0x88d38]  CFRunLoopRunSpecific+0x128
C  [HIToolbox+0x30d55]  RunCurrentEventLoopInMode+0xeb
C  [HIToolbox+0x30a97]  ReceiveNextEventCommon+0xb8
C  [HIToolbox+0x309cf]  _BlockUntilNextEventMatchingListInModeWithFilter+0x47
C  [AppKit+0x49f3a]  _DPSNextEvent+0x42b
C  [AppKit+0x49369]  -[NSApplication _nextEventMatchingEventMask:untilDate:inMode:dequeue:]+0x1c6
C  [libosxapp.dylib+0x23aa]  -[NSApplicationAWT nextEventMatchingMask:untilDate:inMode:dequeue:]+0x7c
C  [AppKit+0x3decc]  -[NSApplication run]+0x2aa
C  [libosxapp.dylib+0x214d]  +[NSApplicationAWT runAWTLoopWithApp:]+0x9c
C  [libawt_lwawt.dylib+0x44517]  -[AWTStarter starter:]+0x389
C  [Foundation+0x7754e]  __NSThreadPerformPerform+0x117
C  [CoreFoundation+0xaa621]  __CFRUNLOOP_IS_CALLING_OUT_TO_A_SOURCE0_PERFORM_FUNCTION__+0x11
C  [CoreFoundation+0x89e1c]  __CFRunLoopDoSources0+0x22c
C  [CoreFoundation+0x8933f]  __CFRunLoopRun+0x39f
C  [CoreFoundation+0x88d38]  CFRunLoopRunSpecific+0x128
C  [java+0x6463]  CreateExecutionEnvironment+0x367
C  [java+0x21ac]  JLI_Launch+0x7a0
C  [java+0x84c0]  main+0x65
C  [java+0x1a04]  start+0x34
C  0x0000000000000007

Java frames: (J=compiled Java code, j=interpreted, Vv=VM code)
j  jogamp.nativewindow.jawt.macosx.MacOSXJAWTWindow.UnsetJAWTRootSurfaceLayer0(JJ)V+0
j  jogamp.nativewindow.jawt.macosx.MacOSXJAWTWindow.access$200(JJ)V+2
j  jogamp.nativewindow.jawt.macosx.MacOSXJAWTWindow$1.run()V+38
J 1921 C1 com.jogamp.common.util.RunnableTask.run()V (345 bytes) @ 0x0000000105048ad4 [0x0000000105048940+0x194]
v  ~StubRoutines::call_stub

---------------  P R O C E S S  ---------------

Java Threads: ( => current thread )
  0x00007f97b0822800 JavaThread "Thread-53" [_thread_blocked, id=61559, stack(0x0000700001a71000,0x0000700001b71000)]
  0x00007f97ad355000 JavaThread "AWT-EventQueue-1" [_thread_in_native, id=59423, stack(0x0000700001868000,0x0000700001968000)]
  0x00007f97ad338000 JavaThread "DestroyJavaVM" [_thread_blocked, id=4099, stack(0x0000700000084000,0x0000700000184000)]
  0x00007f97ab974000 JavaThread "AWT-EventQueue-0" [_thread_blocked, id=56067, stack(0x0000700001662000,0x0000700001762000)]
  0x00007f97ac91b000 JavaThread "Java2D Disposer" daemon [_thread_blocked, id=52739, stack(0x00007000013d9000,0x00007000014d9000)]
  0x00007f97ac8fb800 JavaThread "Java2D Queue Flusher" daemon [_thread_blocked, id=49671, stack(0x00007000012d6000,0x00007000013d6000)]
  0x00007f97ac0a2000 JavaThread "AWT-Shutdown" [_thread_blocked, id=29459, stack(0x0000700001150000,0x0000700001250000)]
=>0x00007f97ac801000 JavaThread "AWT-AppKit" daemon [_thread_in_native, id=2571, stack(0x00007fff5c44a000,0x00007fff5cc4a000)]
  0x00007f97ac00d800 JavaThread "Service Thread" daemon [_thread_blocked, id=18691, stack(0x0000700000ec7000,0x0000700000fc7000)]
  0x00007f97ad02c800 JavaThread "C1 CompilerThread2" daemon [_thread_blocked, id=18179, stack(0x0000700000dc4000,0x0000700000ec4000)]
  0x00007f97ac00f000 JavaThread "C2 CompilerThread1" daemon [_thread_blocked, id=17667, stack(0x0000700000cc1000,0x0000700000dc1000)]
  0x00007f97ad030000 JavaThread "C2 CompilerThread0" daemon [_thread_blocked, id=17155, stack(0x0000700000bbe000,0x0000700000cbe000)]
  0x00007f97ab830800 JavaThread "Signal Dispatcher" daemon [_thread_blocked, id=16403, stack(0x0000700000abb000,0x0000700000bbb000)]
  0x00007f97ac80b800 JavaThread "Finalizer" daemon [_thread_blocked, id=12291, stack(0x000070000082f000,0x000070000092f000)]
  0x00007f97ac007800 JavaThread "Reference Handler" daemon [_thread_blocked, id=11779, stack(0x000070000072c000,0x000070000082c000)]

Other Threads:
  0x00007f97ab828000 VMThread [stack: 0x0000700000629000,0x0000700000729000] [id=11267]
  0x00007f97ac02f800 WatcherThread [stack: 0x0000700000fca000,0x00007000010ca000] [id=19203]

VM state:not at safepoint (normal execution)

VM Mutex/Monitor currently owned by a thread: None

Heap:
 PSYoungGen      total 71680K, used 22505K [0x0000000795580000, 0x000000079f580000, 0x00000007c0000000)
  eden space 66560K, 26% used [0x0000000795580000,0x0000000796689e80,0x0000000799680000)
  from space 5120K, 98% used [0x0000000799680000,0x0000000799b705c0,0x0000000799b80000)
  to   space 15360K, 0% used [0x000000079e680000,0x000000079e680000,0x000000079f580000)
 ParOldGen       total 87552K, used 21506K [0x0000000740000000, 0x0000000745580000, 0x0000000795580000)
  object space 87552K, 24% used [0x0000000740000000,0x0000000741500920,0x0000000745580000)
 Metaspace       used 19079K, capacity 19259K, committed 19328K, reserved 1067008K
  class space    used 1867K, capacity 1918K, committed 1920K, reserved 1048576K

Card table byte_map: [0x0000000113df5000,0x00000001141f6000] byte_map_base: 0x00000001103f5000

Marking Bits: (ParMarkBitMap*) 0x0000000103b10e20
 Begin Bits: [0x00000001144a1000, 0x00000001164a1000)
 End Bits:   [0x00000001164a1000, 0x00000001184a1000)

Polling page: 0x00000001041cd000

CodeCache: size=245760Kb used=7163Kb max_used=7176Kb free=238596Kb
 bounds [0x0000000104a35000, 0x0000000105145000, 0x0000000113a35000]
 total_blobs=2929 nmethods=2056 adapters=787
 compilation: enabled

Compilation events (10 events):
Event: 16.381 Thread 0x00007f97ad02c800 nmethod 2186 0x000000010513c1d0 code [0x000000010513c320, 0x000000010513c430]
Event: 16.381 Thread 0x00007f97ad02c800 2187       1       processing.opengl.PGraphicsOpenGL::strokeJoin (6 bytes)
Event: 16.381 Thread 0x00007f97ad02c800 nmethod 2187 0x000000010513bf10 code [0x000000010513c060, 0x000000010513c170]
Event: 16.381 Thread 0x00007f97ac00f000 nmethod 2188 0x0000000104f88890 code [0x0000000104f889e0, 0x0000000104f88a78]
Event: 16.629 Thread 0x00007f97ad02c800 2189       1       sun.java2d.SurfaceData::isValid (5 bytes)
Event: 16.630 Thread 0x00007f97ad02c800 nmethod 2189 0x000000010513dc10 code [0x000000010513dd60, 0x000000010513de70]
Event: 16.642 Thread 0x00007f97ad02c800 2190       3       java.lang.Boolean::valueOf (14 bytes)
Event: 16.643 Thread 0x00007f97ad02c800 nmethod 2190 0x000000010513d890 code [0x000000010513da00, 0x000000010513db90]
Event: 16.653 Thread 0x00007f97ad030000 2191  s    4       sun.misc.URLClassPath::getNextLoader (88 bytes)
Event: 16.661 Thread 0x00007f97ad030000 nmethod 2191 0x0000000105139c10 code [0x0000000105139d80, 0x000000010513a4f8]

GC Heap History (10 events):
Event: 2.995 GC heap before
{Heap before GC invocations=1 (full 0):
 PSYoungGen      total 38400K, used 33280K [0x0000000795580000, 0x0000000798000000, 0x00000007c0000000)
  eden space 33280K, 100% used [0x0000000795580000,0x0000000797600000,0x0000000797600000)
  from space 5120K, 0% used [0x0000000797b00000,0x0000000797b00000,0x0000000798000000)
  to   space 5120K, 0% used [0x0000000797600000,0x0000000797600000,0x0000000797b00000)
 ParOldGen       total 87552K, used 0K [0x0000000740000000, 0x0000000745580000, 0x0000000795580000)
  object space 87552K, 0% used [0x0000000740000000,0x0000000740000000,0x0000000745580000)
 Metaspace       used 15862K, capacity 16079K, committed 16384K, reserved 1064960K
  class space    used 1599K, capacity 1692K, committed 1792K, reserved 1048576K
Event: 3.004 GC heap after
Heap after GC invocations=1 (full 0):
 PSYoungGen      total 38400K, used 4939K [0x0000000795580000, 0x0000000798000000, 0x00000007c0000000)
  eden space 33280K, 0% used [0x0000000795580000,0x0000000795580000,0x0000000797600000)
  from space 5120K, 96% used [0x0000000797600000,0x0000000797ad2e50,0x0000000797b00000)
  to   space 5120K, 0% used [0x0000000797b00000,0x0000000797b00000,0x0000000798000000)
 ParOldGen       total 87552K, used 16K [0x0000000740000000, 0x0000000745580000, 0x0000000795580000)
  object space 87552K, 0% used [0x0000000740000000,0x0000000740004000,0x0000000745580000)
 Metaspace       used 15862K, capacity 16079K, committed 16384K, reserved 1064960K
  class space    used 1599K, capacity 1692K, committed 1792K, reserved 1048576K
}
Event: 4.281 GC heap before
{Heap before GC invocations=2 (full 0):
 PSYoungGen      total 38400K, used 38219K [0x0000000795580000, 0x0000000798000000, 0x00000007c0000000)
  eden space 33280K, 100% used [0x0000000795580000,0x0000000797600000,0x0000000797600000)
  from space 5120K, 96% used [0x0000000797600000,0x0000000797ad2e50,0x0000000797b00000)
  to   space 5120K, 0% used [0x0000000797b00000,0x0000000797b00000,0x0000000798000000)
 ParOldGen       total 87552K, used 272K [0x0000000740000000, 0x0000000745580000, 0x0000000795580000)
  object space 87552K, 0% used [0x0000000740000000,0x0000000740044010,0x0000000745580000)
 Metaspace       used 18331K, capacity 18485K, committed 18560K, reserved 1067008K
  class space    used 1860K, capacity 1917K, committed 1920K, reserved 1048576K
Event: 4.300 GC heap after
Heap after GC invocations=2 (full 0):
 PSYoungGen      total 38400K, used 5100K [0x0000000795580000, 0x0000000798000000, 0x00000007c0000000)
  eden space 33280K, 0% used [0x0000000795580000,0x0000000795580000,0x0000000797600000)
  from space 5120K, 99% used [0x0000000797b00000,0x0000000797ffb138,0x0000000798000000)
  to   space 5120K, 0% used [0x0000000797600000,0x0000000797600000,0x0000000797b00000)
 ParOldGen       total 87552K, used 9270K [0x0000000740000000, 0x0000000745580000, 0x0000000795580000)
  object space 87552K, 10% used [0x0000000740000000,0x000000074090d940,0x0000000745580000)
 Metaspace       used 18331K, capacity 18485K, committed 18560K, reserved 1067008K
  class space    used 1860K, capacity 1917K, committed 1920K, reserved 1048576K
}
Event: 4.653 GC heap before
{Heap before GC invocations=3 (full 0):
 PSYoungGen      total 38400K, used 38380K [0x0000000795580000, 0x0000000798000000, 0x00000007c0000000)
  eden space 33280K, 100% used [0x0000000795580000,0x0000000797600000,0x0000000797600000)
  from space 5120K, 99% used [0x0000000797b00000,0x0000000797ffb138,0x0000000798000000)
  to   space 5120K, 0% used [0x0000000797600000,0x0000000797600000,0x0000000797b00000)
 ParOldGen       total 87552K, used 9600K [0x0000000740000000, 0x0000000745580000, 0x0000000795580000)
  object space 87552K, 10% used [0x0000000740000000,0x0000000740960218,0x0000000745580000)
 Metaspace       used 18388K, capacity 18619K, committed 18816K, reserved 1067008K
  class space    used 1860K, capacity 1918K, committed 1920K, reserved 1048576K
Event: 4.661 GC heap after
Heap after GC invocations=3 (full 0):
 PSYoungGen      total 38400K, used 5104K [0x0000000795580000, 0x000000079a080000, 0x00000007c0000000)
  eden space 33280K, 0% used [0x0000000795580000,0x0000000795580000,0x0000000797600000)
  from space 5120K, 99% used [0x0000000797600000,0x0000000797afc150,0x0000000797b00000)
  to   space 5120K, 0% used [0x0000000799b80000,0x0000000799b80000,0x000000079a080000)
 ParOldGen       total 87552K, used 14803K [0x0000000740000000, 0x0000000745580000, 0x0000000795580000)
  object space 87552K, 16% used [0x0000000740000000,0x0000000740e74c70,0x0000000745580000)
 Metaspace       used 18388K, capacity 18619K, committed 18816K, reserved 1067008K
  class space    used 1860K, capacity 1918K, committed 1920K, reserved 1048576K
}
Event: 5.034 GC heap before
{Heap before GC invocations=4 (full 0):
 PSYoungGen      total 38400K, used 38364K [0x0000000795580000, 0x000000079a080000, 0x00000007c0000000)
  eden space 33280K, 99% used [0x0000000795580000,0x00000007975faef0,0x0000000797600000)
  from space 5120K, 99% used [0x0000000797600000,0x0000000797afc150,0x0000000797b00000)
  to   space 5120K, 0% used [0x0000000799b80000,0x0000000799b80000,0x000000079a080000)
 ParOldGen       total 87552K, used 14803K [0x0000000740000000, 0x0000000745580000, 0x0000000795580000)
  object space 87552K, 16% used [0x0000000740000000,0x0000000740e74c70,0x0000000745580000)
 Metaspace       used 18523K, capacity 18683K, committed 18816K, reserved 1067008K
  class space    used 1860K, capacity 1918K, committed 1920K, reserved 1048576K
Event: 5.045 GC heap after
Heap after GC invocations=4 (full 0):
 PSYoungGen      total 71680K, used 5089K [0x0000000795580000, 0x000000079a080000, 0x00000007c0000000)
  eden space 66560K, 0% used [0x0000000795580000,0x0000000795580000,0x0000000799680000)
  from space 5120K, 99% used [0x0000000799b80000,0x000000079a0785e0,0x000000079a080000)
  to   space 5120K, 0% used [0x0000000799680000,0x0000000799680000,0x0000000799b80000)
 ParOldGen       total 87552K, used 20986K [0x0000000740000000, 0x0000000745580000, 0x0000000795580000)
  object space 87552K, 23% used [0x0000000740000000,0x000000074147e900,0x0000000745580000)
 Metaspace       used 18523K, capacity 18683K, committed 18816K, reserved 1067008K
  class space    used 1860K, capacity 1918K, committed 1920K, reserved 1048576K
}
Event: 14.295 GC heap before
{Heap before GC invocations=5 (full 0):
 PSYoungGen      total 71680K, used 71649K [0x0000000795580000, 0x000000079a080000, 0x00000007c0000000)
  eden space 66560K, 100% used [0x0000000795580000,0x0000000799680000,0x0000000799680000)
  from space 5120K, 99% used [0x0000000799b80000,0x000000079a0785e0,0x000000079a080000)
  to   space 5120K, 0% used [0x0000000799680000,0x0000000799680000,0x0000000799b80000)
 ParOldGen       total 87552K, used 20986K [0x0000000740000000, 0x0000000745580000, 0x0000000795580000)
  object space 87552K, 23% used [0x0000000740000000,0x000000074147e900,0x0000000745580000)
 Metaspace       used 19042K, capacity 19259K, committed 19328K, reserved 1067008K
  class space    used 1860K, capacity 1918K, committed 1920K, reserved 1048576K
Event: 14.303 GC heap after
Heap after GC invocations=5 (full 0):
 PSYoungGen      total 71680K, used 5057K [0x0000000795580000, 0x000000079f580000, 0x00000007c0000000)
  eden space 66560K, 0% used [0x0000000795580000,0x0000000795580000,0x0000000799680000)
  from space 5120K, 98% used [0x0000000799680000,0x0000000799b705c0,0x0000000799b80000)
  to   space 15360K, 0% used [0x000000079e680000,0x000000079e680000,0x000000079f580000)
 ParOldGen       total 87552K, used 21506K [0x0000000740000000, 0x0000000745580000, 0x0000000795580000)
  object space 87552K, 24% used [0x0000000740000000,0x0000000741500920,0x0000000745580000)
 Metaspace       used 19042K, capacity 19259K, committed 19328K, reserved 1067008K
  class space    used 1860K, capacity 1918K, committed 1920K, reserved 1048576K
}

Deoptimization events (7 events):
Event: 2.215 Thread 0x00007f97ab9f6000 Uncommon trap: reason=unstable_if action=reinterpret pc=0x0000000104c00b80 method=java.lang.String.toLowerCase(Ljava/util/Locale;)Ljava/lang/String; @ 85
Event: 2.541 Thread 0x00007f97acb3c000 Uncommon trap: reason=unstable_if action=reinterpret pc=0x0000000104c859e8 method=java.lang.String.indexOf([CII[CIII)I @ 3
Event: 2.541 Thread 0x00007f97acb3c000 Uncommon trap: reason=unstable_if action=reinterpret pc=0x0000000104bec918 method=java.lang.String.indexOf([CII[CIII)I @ 3
Event: 3.774 Thread 0x00007f97ad355000 Uncommon trap: reason=unstable_if action=reinterpret pc=0x0000000104bdac54 method=java.lang.AbstractStringBuilder.append(Ljava/lang/String;)Ljava/lang/AbstractStringBuilder; @ 1
Event: 16.627 Thread 0x00007f97ad355000 Uncommon trap: reason=unstable_if action=reinterpret pc=0x0000000104b90e28 method=com.jogamp.common.util.VersionNumber.compareTo(Lcom/jogamp/common/util/VersionNumber;)I @ 21
Event: 16.642 Thread 0x00007f97ad195000 Uncommon trap: reason=unstable_if action=reinterpret pc=0x000000010511f5f4 method=java.util.HashMap.putVal(ILjava/lang/Object;Ljava/lang/Object;ZZ)Ljava/lang/Object; @ 81
Event: 16.656 Thread 0x00007f97ad355000 Uncommon trap: reason=unstable_if action=reinterpret pc=0x0000000105096ec4 method=java.security.AccessControlContext.optimize()Ljava/security/AccessControlContext; @ 233

Internal exceptions (10 events):
Event: 0.250 Thread 0x00007f97ac803000 Exception <a 'java/lang/NoSuchFieldError': method resolution failed> (0x00000007958377b0) thrown at [/Users/java_re/workspace/8-2-build-macosx-x86_64/jdk8u60/4407/hotspot/src/share/vm/prims/methodHandles.cpp, line 1146]
Event: 0.463 Thread 0x00007f97ac803000 Exception <a 'java/io/FileNotFoundException'> (0x00000007958b3488) thrown at [/Users/java_re/workspace/8-2-build-macosx-x86_64/jdk8u60/4407/hotspot/src/share/vm/prims/jni.cpp, line 709]
Event: 0.464 Thread 0x00007f97ac803000 Exception <a 'java/io/FileNotFoundException'> (0x00000007958b3fb8) thrown at [/Users/java_re/workspace/8-2-build-macosx-x86_64/jdk8u60/4407/hotspot/src/share/vm/prims/jni.cpp, line 709]
Event: 0.504 Thread 0x00007f97ac803000 Exception <a 'java/io/FileNotFoundException'> (0x00000007959b1fc8) thrown at [/Users/java_re/workspace/8-2-build-macosx-x86_64/jdk8u60/4407/hotspot/src/share/vm/prims/jni.cpp, line 709]
Event: 0.608 Thread 0x00007f97ac803000 Exception <a 'java/io/FileNotFoundException'> (0x00000007959eedc8) thrown at [/Users/java_re/workspace/8-2-build-macosx-x86_64/jdk8u60/4407/hotspot/src/share/vm/prims/jni.cpp, line 709]
Event: 2.571 Thread 0x00007f97acb3c000 Exception <a 'java/lang/UnsatisfiedLinkError': com.jogamp.common.util.JarUtil.fixNativeLibAttribs(Ljava/lang/String;)Z> (0x0000000796affa98) thrown at [/Users/java_re/workspace/8-2-build-macosx-x86_64/jdk8u60/4407/hotspot/src/share/vm/prims/nativeLookup.c
Event: 3.007 Thread 0x00007f97ac80b800 Exception <a 'java/lang/NullPointerException'> (0x00000007956f95f0) thrown at [/Users/java_re/workspace/8-2-build-macosx-x86_64/jdk8u60/4407/hotspot/src/share/vm/interpreter/linkResolver.cpp, line 1178]
Event: 3.773 Thread 0x00007f97ad355000 Exception <a 'java/io/FileNotFoundException'> (0x0000000795e7daf8) thrown at [/Users/java_re/workspace/8-2-build-macosx-x86_64/jdk8u60/4407/hotspot/src/share/vm/prims/jni.cpp, line 709]
Event: 3.773 Thread 0x00007f97ad355000 Exception <a 'java/io/FileNotFoundException'> (0x0000000795e83ab8) thrown at [/Users/java_re/workspace/8-2-build-macosx-x86_64/jdk8u60/4407/hotspot/src/share/vm/prims/jni.cpp, line 709]
Event: 3.774 Thread 0x00007f97ad355000 Implicit null exception at 0x0000000104bda8b5 to 0x0000000104bdac41

Events (10 events):
Event: 16.656 Thread 0x00007f97ad355000 DEOPT UNPACKING pc=0x0000000104a3a229 sp=0x0000700001965880 mode 2
Event: 16.656 loading class java/awt/LightweightDispatcher$2
Event: 16.656 loading class java/awt/LightweightDispatcher$2 done
Event: 16.656 loading class java/awt/event/AWTEventListenerProxy
Event: 16.656 loading class java/awt/event/AWTEventListenerProxy done
Event: 16.656 loading class java/awt/Toolkit$ToolkitEventMulticaster
Event: 16.656 loading class java/awt/Toolkit$ToolkitEventMulticaster done
Event: 16.657 Thread 0x00007f97ad195000 Thread exited: 0x00007f97ad195000
Event: 16.657 loading class java/awt/Window$1DisposeAction
Event: 16.657 loading class java/awt/Window$1DisposeAction done


Dynamic libraries:
0x0000000002bbf000 	/System/Library/Frameworks/Cocoa.framework/Versions/A/Cocoa
0x0000000002bbf000 	/System/Library/Frameworks/Security.framework/Versions/A/Security
0x0000000002bbf000 	/System/Library/Frameworks/ApplicationServices.framework/Versions/A/ApplicationServices
0x0000000002bbf000 	/usr/lib/libz.1.dylib
0x0000000002bbf000 	/usr/lib/libSystem.B.dylib
0x0000000002bbf000 	/usr/lib/libobjc.A.dylib
0x0000000002bbf000 	/System/Library/Frameworks/CoreFoundation.framework/Versions/A/CoreFoundation
0x0000000002bbf000 	/System/Library/Frameworks/Foundation.framework/Versions/C/Foundation
0x0000000002bbf000 	/System/Library/Frameworks/AppKit.framework/Versions/C/AppKit
0x0000000002bbf000 	/System/Library/Frameworks/CoreData.framework/Versions/A/CoreData
0x0000000002bbf000 	/System/Library/PrivateFrameworks/RemoteViewServices.framework/Versions/A/RemoteViewServices
0x0000000002bbf000 	/System/Library/PrivateFrameworks/UIFoundation.framework/Versions/A/UIFoundation
0x0000000002bbf000 	/usr/lib/libScreenReader.dylib
0x0000000002bbf000 	/System/Library/Frameworks/Accelerate.framework/Versions/A/Accelerate
0x0000000002bbf000 	/System/Library/Frameworks/IOSurface.framework/Versions/A/IOSurface
0x0000000002bbf000 	/System/Library/Frameworks/AudioToolbox.framework/Versions/A/AudioToolbox
0x0000000002bbf000 	/System/Library/Frameworks/AudioUnit.framework/Versions/A/AudioUnit
0x0000000002bbf000 	/System/Library/PrivateFrameworks/DataDetectorsCore.framework/Versions/A/DataDetectorsCore
0x0000000002bbf000 	/System/Library/PrivateFrameworks/DesktopServicesPriv.framework/Versions/A/DesktopServicesPriv
0x0000000002bbf000 	/System/Library/Frameworks/Carbon.framework/Versions/A/Frameworks/HIToolbox.framework/Versions/A/HIToolbox
0x0000000002bbf000 	/System/Library/Frameworks/QuartzCore.framework/Versions/A/QuartzCore
0x0000000002bbf000 	/System/Library/Frameworks/Carbon.framework/Versions/A/Frameworks/SpeechRecognition.framework/Versions/A/SpeechRecognition
0x0000000002bbf000 	/usr/lib/libauto.dylib
0x0000000002bbf000 	/usr/lib/libicucore.A.dylib
0x0000000002bbf000 	/usr/lib/libxml2.2.dylib
0x0000000002bbf000 	/System/Library/PrivateFrameworks/CoreUI.framework/Versions/A/CoreUI
0x0000000002bbf000 	/System/Library/Frameworks/CoreAudio.framework/Versions/A/CoreAudio
0x0000000002bbf000 	/System/Library/Frameworks/DiskArbitration.framework/Versions/A/DiskArbitration
0x0000000002bbf000 	/usr/lib/liblangid.dylib
0x0000000002bbf000 	/System/Library/PrivateFrameworks/MultitouchSupport.framework/Versions/A/MultitouchSupport
0x0000000002bbf000 	/System/Library/Frameworks/IOKit.framework/Versions/A/IOKit
0x0000000002bbf000 	/usr/lib/libDiagnosticMessagesClient.dylib
0x0000000002bbf000 	/System/Library/Frameworks/CoreServices.framework/Versions/A/CoreServices
0x0000000002bbf000 	/System/Library/PrivateFrameworks/PerformanceAnalysis.framework/Versions/A/PerformanceAnalysis
0x0000000002bbf000 	/System/Library/PrivateFrameworks/GenerationalStorage.framework/Versions/A/GenerationalStorage
0x0000000002bbf000 	/System/Library/Frameworks/OpenGL.framework/Versions/A/OpenGL
0x0000000002bbf000 	/System/Library/PrivateFrameworks/Sharing.framework/Versions/A/Sharing
0x0000000002bbf000 	/System/Library/Frameworks/CoreGraphics.framework/Versions/A/CoreGraphics
0x0000000002bbf000 	/System/Library/Frameworks/CoreImage.framework/Versions/A/CoreImage
0x0000000002bbf000 	/System/Library/Frameworks/CoreText.framework/Versions/A/CoreText
0x0000000002bbf000 	/System/Library/Frameworks/ImageIO.framework/Versions/A/ImageIO
0x0000000002bbf000 	/System/Library/PrivateFrameworks/Backup.framework/Versions/A/Backup
0x0000000002bbf000 	/usr/lib/libextension.dylib
0x0000000002bbf000 	/usr/lib/libarchive.2.dylib
0x0000000002bbf000 	/System/Library/Frameworks/CFNetwork.framework/Versions/A/CFNetwork
0x0000000002bbf000 	/System/Library/Frameworks/SystemConfiguration.framework/Versions/A/SystemConfiguration
0x0000000002bbf000 	/usr/lib/libCRFSuite.dylib
0x0000000002bbf000 	/usr/lib/libc++.1.dylib
0x0000000002bbf000 	/usr/lib/libc++abi.dylib
0x0000000002bbf000 	/usr/lib/system/libcache.dylib
0x0000000002bbf000 	/usr/lib/system/libcommonCrypto.dylib
0x0000000002bbf000 	/usr/lib/system/libcompiler_rt.dylib
0x0000000002bbf000 	/usr/lib/system/libcopyfile.dylib
0x0000000002bbf000 	/usr/lib/system/libcorecrypto.dylib
0x0000000002bbf000 	/usr/lib/system/libdispatch.dylib
0x0000000002bbf000 	/usr/lib/system/libdyld.dylib
0x0000000002bbf000 	/usr/lib/system/libkeymgr.dylib
0x0000000002bbf000 	/usr/lib/system/liblaunch.dylib
0x0000000002bbf000 	/usr/lib/system/libmacho.dylib
0x0000000002bbf000 	/usr/lib/system/libquarantine.dylib
0x0000000002bbf000 	/usr/lib/system/libremovefile.dylib
0x0000000002bbf000 	/usr/lib/system/libsystem_asl.dylib
0x0000000002bbf000 	/usr/lib/system/libsystem_blocks.dylib
0x0000000002bbf000 	/usr/lib/system/libsystem_c.dylib
0x0000000002bbf000 	/usr/lib/system/libsystem_configuration.dylib
0x0000000002bbf000 	/usr/lib/system/libsystem_coreservices.dylib
0x0000000002bbf000 	/usr/lib/system/libsystem_coretls.dylib
0x0000000002bbf000 	/usr/lib/system/libsystem_dnssd.dylib
0x0000000002bbf000 	/usr/lib/system/libsystem_info.dylib
0x0000000002bbf000 	/usr/lib/system/libsystem_kernel.dylib
0x0000000002bbf000 	/usr/lib/system/libsystem_m.dylib
0x0000000002bbf000 	/usr/lib/system/libsystem_malloc.dylib
0x0000000002bbf000 	/usr/lib/system/libsystem_network.dylib
0x0000000002bbf000 	/usr/lib/system/libsystem_networkextension.dylib
0x0000000002bbf000 	/usr/lib/system/libsystem_notify.dylib
0x0000000002bbf000 	/usr/lib/system/libsystem_platform.dylib
0x0000000002bbf000 	/usr/lib/system/libsystem_pthread.dylib
0x0000000002bbf000 	/usr/lib/system/libsystem_sandbox.dylib
0x0000000002bbf000 	/usr/lib/system/libsystem_secinit.dylib
0x0000000002bbf000 	/usr/lib/system/libsystem_trace.dylib
0x0000000002bbf000 	/usr/lib/system/libunc.dylib
0x0000000002bbf000 	/usr/lib/system/libunwind.dylib
0x0000000002bbf000 	/usr/lib/system/libxpc.dylib
0x0000000002bbf000 	/usr/lib/libenergytrace.dylib
0x0000000002bbf000 	/usr/lib/libbsm.0.dylib
0x0000000002bbf000 	/usr/lib/system/libkxld.dylib
0x0000000002bbf000 	/usr/lib/libxar.1.dylib
0x0000000002bbf000 	/usr/lib/libsqlite3.dylib
0x0000000002bbf000 	/usr/lib/libpam.2.dylib
0x0000000002bbf000 	/usr/lib/libOpenScriptingUtil.dylib
0x0000000002bbf000 	/usr/lib/libbz2.1.0.dylib
0x0000000002bbf000 	/usr/lib/liblzma.5.dylib
0x0000000002bbf000 	/System/Library/Frameworks/CoreServices.framework/Versions/A/Frameworks/FSEvents.framework/Versions/A/FSEvents
0x0000000002bbf000 	/System/Library/Frameworks/CoreServices.framework/Versions/A/Frameworks/CarbonCore.framework/Versions/A/CarbonCore
0x0000000002bbf000 	/System/Library/Frameworks/CoreServices.framework/Versions/A/Frameworks/Metadata.framework/Versions/A/Metadata
0x0000000002bbf000 	/System/Library/Frameworks/CoreServices.framework/Versions/A/Frameworks/OSServices.framework/Versions/A/OSServices
0x0000000002bbf000 	/System/Library/Frameworks/CoreServices.framework/Versions/A/Frameworks/SearchKit.framework/Versions/A/SearchKit
0x0000000002bbf000 	/System/Library/Frameworks/CoreServices.framework/Versions/A/Frameworks/AE.framework/Versions/A/AE
0x0000000002bbf000 	/System/Library/Frameworks/CoreServices.framework/Versions/A/Frameworks/LaunchServices.framework/Versions/A/LaunchServices
0x0000000002bbf000 	/System/Library/Frameworks/CoreServices.framework/Versions/A/Frameworks/DictionaryServices.framework/Versions/A/DictionaryServices
0x0000000002bbf000 	/System/Library/Frameworks/CoreServices.framework/Versions/A/Frameworks/SharedFileList.framework/Versions/A/SharedFileList
0x0000000002bbf000 	/System/Library/Frameworks/NetFS.framework/Versions/A/NetFS
0x0000000002bbf000 	/System/Library/PrivateFrameworks/NetAuth.framework/Versions/A/NetAuth
0x0000000002bbf000 	/System/Library/PrivateFrameworks/login.framework/Versions/A/Frameworks/loginsupport.framework/Versions/A/loginsupport
0x0000000002bbf000 	/System/Library/PrivateFrameworks/TCC.framework/Versions/A/TCC
0x0000000002bbf000 	/usr/lib/libmecabra.dylib
0x0000000002bbf000 	/System/Library/Frameworks/ApplicationServices.framework/Versions/A/Frameworks/ATS.framework/Versions/A/ATS
0x0000000002bbf000 	/System/Library/Frameworks/ApplicationServices.framework/Versions/A/Frameworks/ColorSync.framework/Versions/A/ColorSync
0x0000000002bbf000 	/System/Library/Frameworks/ApplicationServices.framework/Versions/A/Frameworks/HIServices.framework/Versions/A/HIServices
0x0000000002bbf000 	/System/Library/Frameworks/ApplicationServices.framework/Versions/A/Frameworks/LangAnalysis.framework/Versions/A/LangAnalysis
0x0000000002bbf000 	/System/Library/Frameworks/ApplicationServices.framework/Versions/A/Frameworks/PrintCore.framework/Versions/A/PrintCore
0x0000000002bbf000 	/System/Library/Frameworks/ApplicationServices.framework/Versions/A/Frameworks/QD.framework/Versions/A/QD
0x0000000002bbf000 	/System/Library/Frameworks/ApplicationServices.framework/Versions/A/Frameworks/SpeechSynthesis.framework/Versions/A/SpeechSynthesis
0x0000000002bbf000 	/System/Library/Frameworks/Metal.framework/Versions/A/Metal
0x0000000002bbf000 	/System/Library/Frameworks/Accelerate.framework/Versions/A/Frameworks/vImage.framework/Versions/A/vImage
0x0000000002bbf000 	/System/Library/Frameworks/Accelerate.framework/Versions/A/Frameworks/vecLib.framework/Versions/A/vecLib
0x0000000002bbf000 	/System/Library/Frameworks/Accelerate.framework/Versions/A/Frameworks/vecLib.framework/Versions/A/libvDSP.dylib
0x0000000002bbf000 	/System/Library/Frameworks/Accelerate.framework/Versions/A/Frameworks/vecLib.framework/Versions/A/libvMisc.dylib
0x0000000002bbf000 	/System/Library/Frameworks/Accelerate.framework/Versions/A/Frameworks/vecLib.framework/Versions/A/libLAPACK.dylib
0x0000000002bbf000 	/System/Library/Frameworks/Accelerate.framework/Versions/A/Frameworks/vecLib.framework/Versions/A/libBLAS.dylib
0x0000000002bbf000 	/System/Library/Frameworks/Accelerate.framework/Versions/A/Frameworks/vecLib.framework/Versions/A/libLinearAlgebra.dylib
0x0000000002bbf000 	/System/Library/Frameworks/Accelerate.framework/Versions/A/Frameworks/vecLib.framework/Versions/A/libSparseBLAS.dylib
0x0000000002bbf000 	/System/Library/PrivateFrameworks/GPUCompiler.framework/libmetal_timestamp.dylib
0x0000000002bbf000 	/System/Library/Frameworks/OpenGL.framework/Versions/A/Libraries/libCoreFSCache.dylib
0x0000000002bbf000 	/System/Library/PrivateFrameworks/IOAccelerator.framework/Versions/A/IOAccelerator
0x0000000002bbf000 	/System/Library/Frameworks/ApplicationServices.framework/Versions/A/Frameworks/ATS.framework/Versions/A/Resources/libFontParser.dylib
0x0000000002bbf000 	/System/Library/Frameworks/ApplicationServices.framework/Versions/A/Frameworks/ATS.framework/Versions/A/Resources/libFontRegistry.dylib
0x0000000002bbf000 	/System/Library/PrivateFrameworks/AppleVPA.framework/Versions/A/AppleVPA
0x0000000002bbf000 	/System/Library/PrivateFrameworks/AppleJPEG.framework/Versions/A/AppleJPEG
0x0000000002bbf000 	/System/Library/Frameworks/ImageIO.framework/Versions/A/Resources/libJPEG.dylib
0x0000000002bbf000 	/System/Library/Frameworks/ImageIO.framework/Versions/A/Resources/libTIFF.dylib
0x0000000002bbf000 	/System/Library/Frameworks/ImageIO.framework/Versions/A/Resources/libPng.dylib
0x0000000002bbf000 	/System/Library/Frameworks/ImageIO.framework/Versions/A/Resources/libGIF.dylib
0x0000000002bbf000 	/System/Library/Frameworks/ImageIO.framework/Versions/A/Resources/libJP2.dylib
0x0000000002bbf000 	/System/Library/Frameworks/ImageIO.framework/Versions/A/Resources/libRadiance.dylib
0x0000000002bbf000 	/System/Library/Frameworks/CoreVideo.framework/Versions/A/CoreVideo
0x0000000002bbf000 	/System/Library/Frameworks/OpenGL.framework/Versions/A/Libraries/libGLU.dylib
0x0000000002bbf000 	/System/Library/Frameworks/OpenGL.framework/Versions/A/Libraries/libGFXShared.dylib
0x0000000002bbf000 	/System/Library/Frameworks/OpenGL.framework/Versions/A/Libraries/libGL.dylib
0x0000000002bbf000 	/System/Library/Frameworks/OpenGL.framework/Versions/A/Libraries/libGLImage.dylib
0x0000000002bbf000 	/System/Library/Frameworks/OpenGL.framework/Versions/A/Libraries/libCVMSPluginSupport.dylib
0x0000000002bbf000 	/System/Library/Frameworks/OpenGL.framework/Versions/A/Libraries/libCoreVMClient.dylib
0x0000000002bbf000 	/usr/lib/libcups.2.dylib
0x0000000002bbf000 	/System/Library/Frameworks/Kerberos.framework/Versions/A/Kerberos
0x0000000002bbf000 	/System/Library/Frameworks/GSS.framework/Versions/A/GSS
0x0000000002bbf000 	/usr/lib/libresolv.9.dylib
0x0000000002bbf000 	/usr/lib/libiconv.2.dylib
0x0000000002bbf000 	/System/Library/PrivateFrameworks/Heimdal.framework/Versions/A/Heimdal
0x0000000002bbf000 	/usr/lib/libheimdal-asn1.dylib
0x0000000002bbf000 	/System/Library/Frameworks/OpenDirectory.framework/Versions/A/OpenDirectory
0x0000000002bbf000 	/System/Library/PrivateFrameworks/CommonAuth.framework/Versions/A/CommonAuth
0x0000000002bbf000 	/System/Library/Frameworks/OpenDirectory.framework/Versions/A/Frameworks/CFOpenDirectory.framework/Versions/A/CFOpenDirectory
0x0000000002bbf000 	/System/Library/Frameworks/SecurityFoundation.framework/Versions/A/SecurityFoundation
0x0000000002bbf000 	/System/Library/PrivateFrameworks/LanguageModeling.framework/Versions/A/LanguageModeling
0x0000000002bbf000 	/usr/lib/libmarisa.dylib
0x0000000002bbf000 	/usr/lib/libChineseTokenizer.dylib
0x0000000002bbf000 	/usr/lib/libcmph.dylib
0x0000000002bbf000 	/usr/lib/libcompression.dylib
0x0000000002bbf000 	/System/Library/Frameworks/ServiceManagement.framework/Versions/A/ServiceManagement
0x0000000002bbf000 	/usr/lib/libxslt.1.dylib
0x0000000002bbf000 	/System/Library/Frameworks/Carbon.framework/Versions/A/Frameworks/Ink.framework/Versions/A/Ink
0x0000000002bbf000 	/usr/lib/libFosl_dynamic.dylib
0x0000000002bbf000 	/System/Library/PrivateFrameworks/FaceCore.framework/Versions/A/FaceCore
0x0000000002bbf000 	/System/Library/Frameworks/OpenCL.framework/Versions/A/OpenCL
0x0000000002bbf000 	/System/Library/PrivateFrameworks/CrashReporterSupport.framework/Versions/A/CrashReporterSupport
0x0000000002bbf000 	/System/Library/PrivateFrameworks/IconServices.framework/Versions/A/IconServices
0x0000000002bbf000 	/System/Library/PrivateFrameworks/Apple80211.framework/Versions/A/Apple80211
0x0000000002bbf000 	/System/Library/Frameworks/CoreWLAN.framework/Versions/A/CoreWLAN
0x0000000002bbf000 	/System/Library/Frameworks/IOBluetooth.framework/Versions/A/IOBluetooth
0x0000000002bbf000 	/System/Library/PrivateFrameworks/CoreWiFi.framework/Versions/A/CoreWiFi
0x0000000002bbf000 	/System/Library/Frameworks/CoreBluetooth.framework/Versions/A/CoreBluetooth
0x0000000002bbf000 	/System/Library/PrivateFrameworks/ChunkingLibrary.framework/Versions/A/ChunkingLibrary
0x0000000002bbf000 	/System/Library/PrivateFrameworks/DebugSymbols.framework/Versions/A/DebugSymbols
0x0000000002bbf000 	/System/Library/PrivateFrameworks/CoreSymbolication.framework/Versions/A/CoreSymbolication
0x0000000002bbf000 	/System/Library/PrivateFrameworks/Symbolication.framework/Versions/A/Symbolication
0x0000000002bbf000 	/System/Library/PrivateFrameworks/SpeechRecognitionCore.framework/Versions/A/SpeechRecognitionCore
0x0000000103232000 	/Library/Java/JavaVirtualMachines/jdk1.8.0_60.jdk/Contents/Home/jre/lib/server/libjvm.dylib
0x0000000002bbf000 	/usr/lib/libstdc++.6.dylib
0x00000001041bf000 	/Library/Java/JavaVirtualMachines/jdk1.8.0_60.jdk/Contents/Home/jre/lib/libverify.dylib
0x0000000104a00000 	/Library/Java/JavaVirtualMachines/jdk1.8.0_60.jdk/Contents/Home/jre/lib/libjava.dylib
0x00000001041d7000 	/Library/Java/JavaVirtualMachines/jdk1.8.0_60.jdk/Contents/Home/jre/lib/libzip.dylib
0x00000001041e1000 	/System/Library/Frameworks/JavaVM.framework/Frameworks/JavaRuntimeSupport.framework/JavaRuntimeSupport
0x000000011a397000 	/System/Library/Frameworks/JavaVM.framework/Versions/A/Frameworks/JavaNativeFoundation.framework/Versions/A/JavaNativeFoundation
0x000000011a3ac000 	/System/Library/Frameworks/JavaVM.framework/Versions/A/JavaVM
0x0000000002bbf000 	/System/Library/Frameworks/Carbon.framework/Versions/A/Carbon
0x000000011a3b9000 	/System/Library/PrivateFrameworks/JavaLaunching.framework/Versions/A/JavaLaunching
0x0000000002bbf000 	/System/Library/Frameworks/Carbon.framework/Versions/A/Frameworks/CommonPanels.framework/Versions/A/CommonPanels
0x0000000002bbf000 	/System/Library/Frameworks/Carbon.framework/Versions/A/Frameworks/Help.framework/Versions/A/Help
0x0000000002bbf000 	/System/Library/Frameworks/Carbon.framework/Versions/A/Frameworks/ImageCapture.framework/Versions/A/ImageCapture
0x0000000002bbf000 	/System/Library/Frameworks/Carbon.framework/Versions/A/Frameworks/OpenScripting.framework/Versions/A/OpenScripting
0x0000000002bbf000 	/System/Library/Frameworks/Carbon.framework/Versions/A/Frameworks/Print.framework/Versions/A/Print
0x0000000002bbf000 	/System/Library/Frameworks/Carbon.framework/Versions/A/Frameworks/SecurityHI.framework/Versions/A/SecurityHI
0x000000011bcd7000 	/Library/Java/JavaVirtualMachines/jdk1.8.0_60.jdk/Contents/Home/jre/lib/libawt.dylib
0x000000011bd7f000 	/Library/Java/JavaVirtualMachines/jdk1.8.0_60.jdk/Contents/Home/jre/lib/./libmlib_image.dylib
0x000000011be4b000 	/Library/Java/JavaVirtualMachines/jdk1.8.0_60.jdk/Contents/Home/jre/lib/libawt_lwawt.dylib
0x000000011bf00000 	/Library/Java/JavaVirtualMachines/jdk1.8.0_60.jdk/Contents/Home/jre/lib/./libosxapp.dylib
0x0000000002bbf000 	/System/Library/Frameworks/ExceptionHandling.framework/Versions/A/ExceptionHandling
0x0000000002bbf000 	/System/Library/PrivateFrameworks/CoreServicesInternal.framework/Versions/A/CoreServicesInternal
0x0000000002bbf000 	/System/Library/Frameworks/CoreGraphics.framework/Versions/A/Resources/libRIP.A.dylib
0x0000000002bbf000 	/System/Library/Frameworks/Accelerate.framework/Versions/A/Frameworks/vImage.framework/Versions/A/Libraries/libCGInterfaces.dylib
0x0000000002bbf000 	/System/Library/Frameworks/CoreGraphics.framework/Versions/A/Resources/libCGXType.A.dylib
0x0000000002bbf000 	/System/Library/Frameworks/OpenCL.framework/Versions/A/Libraries/libcldcpuengine.dylib
0x0000000002bbf000 	/System/Library/PrivateFrameworks/DiskImages.framework/Versions/A/DiskImages
0x0000000002bbf000 	/System/Library/Frameworks/DiscRecording.framework/Versions/A/DiscRecording
0x0000000002bbf000 	/usr/lib/libcsfde.dylib
0x0000000002bbf000 	/usr/lib/libcurl.4.dylib
0x0000000002bbf000 	/System/Library/PrivateFrameworks/MediaKit.framework/Versions/A/MediaKit
0x0000000002bbf000 	/System/Library/PrivateFrameworks/ProtectedCloudStorage.framework/Versions/A/ProtectedCloudStorage
0x0000000002bbf000 	/usr/lib/libCoreStorage.dylib
0x0000000002bbf000 	/System/Library/PrivateFrameworks/EFILogin.framework/Versions/A/EFILogin
0x0000000002bbf000 	/usr/lib/libutil.dylib
0x0000000002bbf000 	/System/Library/PrivateFrameworks/FindMyDevice.framework/Versions/A/FindMyDevice
0x0000000002bbf000 	/System/Library/Frameworks/LDAP.framework/Versions/A/LDAP
0x0000000002bbf000 	/usr/lib/libsasl2.2.dylib
0x0000000002bbf000 	/System/Library/PrivateFrameworks/CoreDaemon.framework/Versions/B/CoreDaemon
0x0000000002bbf000 	/usr/lib/libcrypto.0.9.8.dylib
0x0000000002bbf000 	/System/Library/PrivateFrameworks/AppleSRP.framework/Versions/A/AppleSRP
0x0000000002bbf000 	/System/Library/PrivateFrameworks/TrustEvaluationAgent.framework/Versions/A/TrustEvaluationAgent
0x000000011d61a000 	cl_kernels
0x0000000002bbf000 	/System/Library/Frameworks/OpenCL.framework/Versions/A/Libraries/ImageFormats/unorm8_bgra.dylib
0x0000000002bbf000 	/System/Library/Frameworks/OpenCL.framework/Versions/A/Libraries/ImageFormats/unorm8_rgba.dylib
0x0000000002bbf000 	/System/Library/PrivateFrameworks/FamilyControls.framework/Versions/A/FamilyControls
0x0000000002bbf000 	/System/Library/PrivateFrameworks/CommerceKit.framework/Versions/A/Frameworks/CommerceCore.framework/Versions/A/CommerceCore
0x0000000002bbf000 	/System/Library/PrivateFrameworks/SystemAdministration.framework/Versions/A/SystemAdministration
0x0000000002bbf000 	/System/Library/PrivateFrameworks/AppContainer.framework/Versions/A/AppContainer
0x0000000002bbf000 	/System/Library/PrivateFrameworks/SecCodeWrapper.framework/Versions/A/SecCodeWrapper
0x0000000002bbf000 	/System/Library/Frameworks/DirectoryService.framework/Versions/A/DirectoryService
0x0000000002bbf000 	/System/Library/PrivateFrameworks/LoginUIKit.framework/Versions/A/Frameworks/LoginUICore.framework/Versions/A/LoginUICore
0x0000000002bbf000 	/usr/lib/libodfde.dylib
0x0000000002bbf000 	/System/Library/Frameworks/OpenGL.framework/Versions/A/Resources/GLEngine.bundle/GLEngine
0x0000000002bbf000 	/System/Library/Frameworks/OpenGL.framework/Versions/A/Libraries/libGLProgrammability.dylib
0x000000011e65a000 	/System/Library/Extensions/AppleIntelHD5000GraphicsGLDriver.bundle/Contents/MacOS/AppleIntelHD5000GraphicsGLDriver
0x0000000002bbf000 	/System/Library/PrivateFrameworks/GPUSupport.framework/Versions/A/Libraries/libGPUSupportMercury.dylib
0x0000000002bbf000 	/System/Library/Frameworks/OpenGL.framework/Versions/A/Resources/GLRendererFloat.bundle/GLRendererFloat
0x000000011f612000 	/Library/Java/JavaVirtualMachines/jdk1.8.0_60.jdk/Contents/Home/jre/lib/libfontmanager.dylib
0x0000000120aac000 	/Library/Java/JavaVirtualMachines/jdk1.8.0_60.jdk/Contents/Home/jre/lib/libosxui.dylib
0x00000001218a5000 	/Library/Java/JavaVirtualMachines/jdk1.8.0_60.jdk/Contents/Home/jre/lib/libnet.dylib
0x00000001216b9000 	/Library/Java/JavaVirtualMachines/jdk1.8.0_60.jdk/Contents/Home/jre/lib/libnio.dylib
0x0000000002bbf000 	/System/Library/Frameworks/ApplicationServices.framework/Versions/A/Frameworks/ATS.framework/Versions/A/Resources/libTrueTypeScaler.dylib
0x00000001719c8000 	/System/Library/Extensions/AppleIntelHD5000GraphicsMTLDriver.bundle/Contents/MacOS/AppleIntelHD5000GraphicsMTLDriver
0x000000011cbc1000 	/private/var/folders/99/1pg_nk0n3t9874fc2q3jwvxm0000gn/T/jogamp_0000/file_cache/jln8181908331708209956/jln4041044366481175177/libgluegen-rt.jnilib
0x000000011cbc6000 	/private/var/folders/99/1pg_nk0n3t9874fc2q3jwvxm0000gn/T/jogamp_0000/file_cache/jln8181908331708209956/jln4041044366481175177/libnativewindow_awt.jnilib
0x000000011cbc9000 	/Library/Java/JavaVirtualMachines/jdk1.8.0_60.jdk/Contents/Home/jre/lib/libjawt.dylib
0x000000011cbcc000 	/private/var/folders/99/1pg_nk0n3t9874fc2q3jwvxm0000gn/T/jogamp_0000/file_cache/jln8181908331708209956/jln4041044366481175177/libnativewindow_macosx.jnilib
0x00000001731e0000 	/private/var/folders/99/1pg_nk0n3t9874fc2q3jwvxm0000gn/T/jogamp_0000/file_cache/jln8181908331708209956/jln4041044366481175177/libjogl_desktop.jnilib
0x00000001781d1000 	/Library/Java/JavaVirtualMachines/jdk1.8.0_60.jdk/Contents/Home/jre/lib/libjpeg.dylib

VM Arguments:
jvm_args: -Djava.security.policy=java.policy.applet -Dfile.encoding=UTF-8 
java_command: sun.applet.AppletViewer module1.HelloWorld1444996694022.html
java_class_path (initial): /Users/PAN/Documents/Eclipse/UCSDUnfoldingMaps/build:/Users/PAN/Documents/Eclipse/UCSDUnfoldingMaps/lib/core.jar:/Users/PAN/Documents/Eclipse/UCSDUnfoldingMaps/lib/gluegen-rt.jar:/Users/PAN/Documents/Eclipse/UCSDUnfoldingMaps/lib/jogl-all.jar:/Users/PAN/Documents/Eclipse/UCSDUnfoldingMaps/lib/log4j-1.2.15.jar:/Users/PAN/Documents/Eclipse/UCSDUnfoldingMaps/lib/sqlite-jdbc-3.7.2.jar:/Users/PAN/Documents/Eclipse/UCSDUnfoldingMaps/lib/json4processing.jar:/Users/PAN/Documents/Eclipse/UCSDUnfoldingMaps/lib/libTUIO.jar:/Users/PAN/Documents/Eclipse/UCSDUnfoldingMaps/lib/unfolding.0.9.7-uscd.jar
Launcher Type: SUN_STANDARD

Environment Variables:
PATH=/usr/bin:/bin:/usr/sbin:/sbin
SHELL=/bin/bash

Signal Handlers:
SIGSEGV: [libjvm.dylib+0x5a6d31], sa_mask[0]=11111111011111110111111111111111, sa_flags=SA_ONSTACK|SA_RESTART|SA_SIGINFO
SIGBUS: [libjvm.dylib+0x5a6d31], sa_mask[0]=11111111011111110111111111111111, sa_flags=SA_RESTART|SA_SIGINFO
SIGFPE: [libjvm.dylib+0x480a4c], sa_mask[0]=11111111011111110111111111111111, sa_flags=SA_RESTART|SA_SIGINFO
SIGPIPE: [libjvm.dylib+0x480a4c], sa_mask[0]=11111111011111110111111111111111, sa_flags=SA_RESTART|SA_SIGINFO
SIGXFSZ: [libjvm.dylib+0x480a4c], sa_mask[0]=11111111011111110111111111111111, sa_flags=SA_RESTART|SA_SIGINFO
SIGILL: [libjvm.dylib+0x480a4c], sa_mask[0]=11111111011111110111111111111111, sa_flags=SA_RESTART|SA_SIGINFO
SIGUSR1: SIG_DFL, sa_mask[0]=00000000000000000000000000000000, sa_flags=none
SIGUSR2: [libjvm.dylib+0x48056a], sa_mask[0]=00100000000000000000000000000000, sa_flags=SA_RESTART|SA_SIGINFO
SIGHUP: [libjvm.dylib+0x47eb41], sa_mask[0]=11111111011111110111111111111111, sa_flags=SA_RESTART|SA_SIGINFO
SIGINT: [libjvm.dylib+0x47eb41], sa_mask[0]=11111111011111110111111111111111, sa_flags=SA_RESTART|SA_SIGINFO
SIGTERM: [libjvm.dylib+0x47eb41], sa_mask[0]=11111111011111110111111111111111, sa_flags=SA_RESTART|SA_SIGINFO
SIGQUIT: [libjvm.dylib+0x47eb41], sa_mask[0]=11111111011111110111111111111111, sa_flags=SA_RESTART|SA_SIGINFO


---------------  S Y S T E M  ---------------

OS:Bsduname:Darwin 15.0.0 Darwin Kernel Version 15.0.0: Wed Aug 26 16:57:32 PDT 2015; root:xnu-3247.1.106~1/RELEASE_X86_64 x86_64
rlimit: STACK 8192k, CORE 0k, NPROC 709, NOFILE 10240, AS infinity
load average:2.02 1.92 1.86

CPU:total 4 (2 cores per cpu, 2 threads per core) family 6 model 69 stepping 1, cmov, cx8, fxsr, mmx, sse, sse2, sse3, ssse3, sse4.1, sse4.2, popcnt, avx, avx2, aes, clmul, erms, lzcnt, ht, tsc, tscinvbit, bmi1, bmi2

Memory: 4k page, physical 8388608k(2074736k free)

/proc/meminfo:


vm_info: Java HotSpot(TM) 64-Bit Server VM (25.60-b23) for bsd-amd64 JRE (1.8.0_60-b27), built on Aug  4 2015 10:47:24 by "java_re" with gcc 4.2.1 (Based on Apple Inc. build 5658) (LLVM build 2336.11.00)

time: Fri Oct 16 06:58:30 2015
elapsed time: 16 seconds (0d 0h 0m 16s)

